{"name":"1730831998","hostname":"DESKTOP-8V10OGQ","pid":32624,"level":20,"msg":"Sync server version: 1.3.8 2022-02-25 10:58:11 -0600 50659ecda06a8b79a41f24c1fdff05187324402b","time":"2024-11-05T18:39:58.201Z","v":0}
{"name":"1730831998","hostname":"DESKTOP-8V10OGQ","pid":32624,"level":30,"msg":"Acquiring actors for session 1730831998: ACTOR1","time":"2024-11-05T18:39:58.207Z","v":0}
{"name":"1730831998","hostname":"DESKTOP-8V10OGQ","pid":32624,"level":30,"msg":"Session 1730831998 with label \"oneApp-login 3\" started at 2024-11-05 18:39:58 UTC","time":"2024-11-05T18:39:58.212Z","v":0}
{"name":"1730831998","hostname":"DESKTOP-8V10OGQ","pid":32624,"level":30,"actorType":"ACTOR1","actorId":"29586","time":"2024-11-05T18:39:59.4333482Z","msg":"Actor 29586 of type ACTOR1 was acquired by test session 1730831998","v":0}
{"name":"1730831998","hostname":"DESKTOP-8V10OGQ","pid":32624,"level":20,"actorType":"ACTOR1","actorId":"29586","time":"2024-11-05T18:39:59.4633455Z","msg":"DEBUG: Test actor JAR versions:","v":0}
{"name":"1730831998","hostname":"DESKTOP-8V10OGQ","pid":32624,"level":20,"actorType":"ACTOR1","actorId":"29586","time":"2024-11-05T18:39:59.4693483Z","msg":"DEBUG:   opentest-appium-0.0.1.jar: 2022-02-25 10:58 -0600 0.0.1-50659ecda06a8b79a41f24c1fdff05187324402b-dirty","v":0}
{"name":"1730831998","hostname":"DESKTOP-8V10OGQ","pid":32624,"level":20,"actorType":"ACTOR1","actorId":"29586","time":"2024-11-05T18:39:59.4693483Z","msg":"DEBUG:   opentest-base-0.0.1.jar: 2022-02-25 10:58 -0600 0.0.1-50659ecda06a8b79a41f24c1fdff05187324402b-dirty","v":0}
{"name":"1730831998","hostname":"DESKTOP-8V10OGQ","pid":32624,"level":20,"actorType":"ACTOR1","actorId":"29586","time":"2024-11-05T18:39:59.4763505Z","msg":"DEBUG:   opentest-selenium-0.0.1.jar: 2022-02-25 10:58 -0600 0.0.1-50659ecda06a8b79a41f24c1fdff05187324402b-dirty","v":0}
{"name":"1730831998","hostname":"DESKTOP-8V10OGQ","pid":32624,"level":40,"actorType":"ACTOR1","actorId":"29586","time":"2024-11-05T18:39:59.4813494Z","msg":"WARN: Failed to log extension JARs","v":0}
{"name":"1730831998","hostname":"DESKTOP-8V10OGQ","pid":32624,"level":10,"actorType":"ACTOR1","actorId":"29586","time":"2024-11-05T18:39:59.4843525Z","msg":"TRACE: Firing SESSION_STARTED event...","v":0}
{"name":"1730831998","hostname":"DESKTOP-8V10OGQ","pid":32624,"level":30,"actorType":"ACTOR1","actorId":"29586","time":"2024-11-05T18:39:59.6151563Z","msg":"Including script file \"common-scripts\\csvTools.js\"...","v":0}
{"name":"1730831998","hostname":"DESKTOP-8V10OGQ","pid":32624,"level":50,"actorType":"ACTOR1","actorId":"29586","time":"2024-11-05T18:39:59.6420693Z","msg":"ERROR: java.lang.RuntimeException: Failed to evaluate the \"dataSet\" property of the data-driven test as a JavaScript expression. The expression we evaluated was >>> (function() {\n  $include(\"common-scripts/csvTools.js\")\n  var urlData = $readYaml(\"data/config.yaml\")\n  var loginData = $csvToJson(\"data/py-data/login-mail/login-mail.csv\")\n  return {\n    url: urlData,\n    data: loginData\n  }\n})()\n <<<.\r\n\tat org.getopentest.base.TestActor.evalDataSet(TestActor.java:1274)\r\n\tat org.getopentest.base.TestActor.runOneSession(TestActor.java:2975)\r\n\tat org.getopentest.base.TestActor.runOneSession(TestActor.java:3113)\r\n\tat org.getopentest.Main.main(Main.java:20)\r\nCaused by: javax.script.ScriptException: ReferenceError: \"$readYaml\" is not defined in <eval> at line number 3\r\n\tat jdk.scripting.nashorn/jdk.nashorn.api.scripting.NashornScriptEngine.throwAsScriptException(NashornScriptEngine.java:477)\r\n\tat jdk.scripting.nashorn/jdk.nashorn.api.scripting.NashornScriptEngine.evalImpl(NashornScriptEngine.java:461)\r\n\tat jdk.scripting.nashorn/jdk.nashorn.api.scripting.NashornScriptEngine.evalImpl(NashornScriptEngine.java:413)\r\n\tat jdk.scripting.nashorn/jdk.nashorn.api.scripting.NashornScriptEngine.evalImpl(NashornScriptEngine.java:409)\r\n\tat jdk.scripting.nashorn/jdk.nashorn.api.scripting.NashornScriptEngine.eval(NashornScriptEngine.java:162)\r\n\tat java.scripting/javax.script.AbstractScriptEngine.eval(AbstractScriptEngine.java:264)\r\n\tat org.getopentest.base.TestActor.evalDataSet(TestActor.java:1272)\r\n\t... 3 more\r\nCaused by: <eval>:3 ReferenceError: \"$readYaml\" is not defined\r\n\tat jdk.scripting.nashorn/jdk.nashorn.internal.runtime.ECMAErrors.error(ECMAErrors.java:57)\r\n\tat jdk.scripting.nashorn/jdk.nashorn.internal.runtime.ECMAErrors.referenceError(ECMAErrors.java:319)\r\n\tat jdk.scripting.nashorn/jdk.nashorn.internal.runtime.ECMAErrors.referenceError(ECMAErrors.java:291)\r\n\tat jdk.scripting.nashorn/jdk.nashorn.internal.objects.Global.__noSuchProperty__(Global.java:1621)\r\n\tat jdk.scripting.nashorn.scripts/jdk.nashorn.internal.scripts.Script$Recompilation$107$1$\\^eval\\_/0x00000001003b5040.L:1(<eval>:3)\r\n\tat jdk.scripting.nashorn.scripts/jdk.nashorn.internal.scripts.Script$Recompilation$106$\\^eval\\_/0x00000001003b4c40.:program(<eval>:1)\r\n\tat jdk.scripting.nashorn/jdk.nashorn.internal.runtime.ScriptFunctionData.invoke(ScriptFunctionData.java:655)\r\n\tat jdk.scripting.nashorn/jdk.nashorn.internal.runtime.ScriptFunction.invoke(ScriptFunction.java:513)\r\n\tat jdk.scripting.nashorn/jdk.nashorn.internal.runtime.ScriptRuntime.apply(ScriptRuntime.java:527)\r\n\tat jdk.scripting.nashorn/jdk.nashorn.api.scripting.NashornScriptEngine.evalImpl(NashornScriptEngine.java:456)\r\n\t... 8 more\r\n","v":0}
{"name":"1730831998","hostname":"DESKTOP-8V10OGQ","pid":32624,"level":30,"actorType":"ACTOR1","actorId":"29586","time":"2024-11-05T18:39:59.7125836Z","msg":"Executing segment 1 of test logueo-mail/logueo-mail...","v":0}
{"name":"1730831998","hostname":"DESKTOP-8V10OGQ","pid":32624,"level":30,"actorType":"ACTOR1","actorId":"29586","time":"2024-11-05T18:39:59.7195832Z","msg":"Evaluating action 1/4 (org.getopentest.selenium.NavigateTo) in segment 1 (Navegar a oneApp)...","v":0}
{"name":"1730831998","hostname":"DESKTOP-8V10OGQ","pid":32624,"level":50,"actorType":"ACTOR1","actorId":"29586","time":"2024-11-05T18:39:59.7830463Z","msg":"ERROR: java.lang.Exception: Failed executing test logueo-mail/logueo-mail, segment 1\r\n\tat org.getopentest.base.TestActor.executeTestSegment(TestActor.java:2208)\r\n\tat org.getopentest.base.TestActor.runOneSession(TestActor.java:3077)\r\n\tat org.getopentest.base.TestActor.runOneSession(TestActor.java:3113)\r\n\tat org.getopentest.Main.main(Main.java:20)\r\nCaused by: java.lang.RuntimeException: There was an error while executing action no. 1 (org.getopentest.selenium.NavigateTo) in segment 1 of test logueo-mail/logueo-mail.\nThe action definition was:\n{\n  \"action\": \"org.getopentest.selenium.NavigateTo\",\n  \"args\": {\n    \"url\": \"$dataRecord.url.LoginOneAppPROD.url\"\n  },\n  \"description\": \"Navegar a oneApp\"\n}\r\n\tat org.getopentest.base.TestActor.executeTestSegment(TestActor.java:2142)\r\n\t... 3 more\r\nCaused by: java.lang.NullPointerException\r\n\tat org.getopentest.base.TestActor.executeActionByDef(TestActor.java:1839)\r\n\tat org.getopentest.base.TestActor.executeTestSegment(TestActor.java:2092)\r\n\t... 3 more\r\n","v":0}
{"name":"1730831998","hostname":"DESKTOP-8V10OGQ","pid":32624,"level":30,"actorType":"ACTOR1","actorId":"29586","time":"2024-11-05T18:40:00.3233978Z","msg":"Test session has completed","v":0}
{"name":"1730831998","hostname":"DESKTOP-8V10OGQ","pid":32624,"level":10,"actorType":"ACTOR1","actorId":"29586","time":"2024-11-05T18:40:00.3243955Z","msg":"TRACE: Firing TEST_COMPLETED event...","v":0}
{"name":"1730831998","hostname":"DESKTOP-8V10OGQ","pid":32624,"level":10,"actorType":"ACTOR1","actorId":"29586","time":"2024-11-05T18:40:00.3313683Z","msg":"TRACE: Firing SESSION_COMPLETED event...","v":0}
{"name":"1730831998","hostname":"DESKTOP-8V10OGQ","pid":32624,"level":30,"actorType":"ACTOR1","actorId":"29586","time":"2024-11-05T18:40:00.3363686Z","msg":"Actor 29586 of type ACTOR1 with no tags is waiting to be acquired by a test session...","v":0}
{"name":"1730831998","hostname":"DESKTOP-8V10OGQ","pid":32624,"level":10,"actorType":"ACTOR1","actorId":"29586","time":"2024-11-05T18:41:19.1268507Z","msg":"TRACE: Initializing test session information in the \"announce\" method...","v":0}
{"name":"1730831998","hostname":"DESKTOP-8V10OGQ","pid":32624,"level":10,"actorType":"ACTOR1","actorId":"29586","time":"2024-11-05T18:41:19.1288521Z","msg":"TRACE: Session ID in sync server response was 1730832078; actor session ID was null","v":0}
