{"name":"1730829673","hostname":"DESKTOP-8V10OGQ","pid":32624,"level":20,"msg":"Sync server version: 1.3.8 2022-02-25 10:58:11 -0600 50659ecda06a8b79a41f24c1fdff05187324402b","time":"2024-11-05T18:01:13.357Z","v":0}
{"name":"1730829673","hostname":"DESKTOP-8V10OGQ","pid":32624,"level":30,"msg":"Acquiring actors for session 1730829673: ACTOR1","time":"2024-11-05T18:01:13.368Z","v":0}
{"name":"1730829673","hostname":"DESKTOP-8V10OGQ","pid":32624,"level":30,"msg":"Session 1730829673 with label \"feature-fer\" started at 2024-11-05 18:01:13 UTC","time":"2024-11-05T18:01:13.388Z","v":0}
{"name":"1730829673","hostname":"DESKTOP-8V10OGQ","pid":32624,"level":30,"actorType":"ACTOR1","actorId":"29586","time":"2024-11-05T18:01:15.9488567Z","msg":"Actor 29586 of type ACTOR1 was acquired by test session 1730829673","v":0}
{"name":"1730829673","hostname":"DESKTOP-8V10OGQ","pid":32624,"level":20,"actorType":"ACTOR1","actorId":"29586","time":"2024-11-05T18:01:15.9768568Z","msg":"DEBUG: Test actor JAR versions:","v":0}
{"name":"1730829673","hostname":"DESKTOP-8V10OGQ","pid":32624,"level":20,"actorType":"ACTOR1","actorId":"29586","time":"2024-11-05T18:01:15.9878552Z","msg":"DEBUG:   opentest-appium-0.0.1.jar: 2022-02-25 10:58 -0600 0.0.1-50659ecda06a8b79a41f24c1fdff05187324402b-dirty","v":0}
{"name":"1730829673","hostname":"DESKTOP-8V10OGQ","pid":32624,"level":20,"actorType":"ACTOR1","actorId":"29586","time":"2024-11-05T18:01:15.9948546Z","msg":"DEBUG:   opentest-base-0.0.1.jar: 2022-02-25 10:58 -0600 0.0.1-50659ecda06a8b79a41f24c1fdff05187324402b-dirty","v":0}
{"name":"1730829673","hostname":"DESKTOP-8V10OGQ","pid":32624,"level":20,"actorType":"ACTOR1","actorId":"29586","time":"2024-11-05T18:01:15.9978515Z","msg":"DEBUG:   opentest-selenium-0.0.1.jar: 2022-02-25 10:58 -0600 0.0.1-50659ecda06a8b79a41f24c1fdff05187324402b-dirty","v":0}
{"name":"1730829673","hostname":"DESKTOP-8V10OGQ","pid":32624,"level":40,"actorType":"ACTOR1","actorId":"29586","time":"2024-11-05T18:01:16.0018511Z","msg":"WARN: Failed to log extension JARs","v":0}
{"name":"1730829673","hostname":"DESKTOP-8V10OGQ","pid":32624,"level":10,"actorType":"ACTOR1","actorId":"29586","time":"2024-11-05T18:01:16.0038549Z","msg":"TRACE: Firing SESSION_STARTED event...","v":0}
{"name":"1730829673","hostname":"DESKTOP-8V10OGQ","pid":32624,"level":50,"actorType":"ACTOR1","actorId":"29586","time":"2024-11-05T18:01:16.2078577Z","msg":"ERROR: java.lang.RuntimeException: Failed to evaluate the \"dataSet\" property of the data-driven test as a JavaScript expression. The expression we evaluated was >>> (function() {\n  $include(\"scripts/common-scripts/csvTools.js\");\n  let urlData = $include(\"data/py-data/login-mail-data/config.yaml\");\n  let loginData = $csvToJson(\"data/py-data/login-mail-data/login-mail.csv\");\n  return {\n    url: urlData,\n    data: loginData\n  };\n})();\n\n$log(url)\n <<<.\r\n\tat org.getopentest.base.TestActor.evalDataSet(TestActor.java:1274)\r\n\tat org.getopentest.base.TestActor.runOneSession(TestActor.java:2975)\r\n\tat org.getopentest.base.TestActor.runOneSession(TestActor.java:3113)\r\n\tat org.getopentest.Main.main(Main.java:20)\r\nCaused by: javax.script.ScriptException: <eval>:3:6 Expected ; but found urlData\r\n  let urlData = $include(\"data/py-data/login-mail-data/config.yaml\");\r\n      ^ in <eval> at line number 3 at column number 6\r\n\tat jdk.scripting.nashorn/jdk.nashorn.api.scripting.NashornScriptEngine.throwAsScriptException(NashornScriptEngine.java:477)\r\n\tat jdk.scripting.nashorn/jdk.nashorn.api.scripting.NashornScriptEngine.compileImpl(NashornScriptEngine.java:544)\r\n\tat jdk.scripting.nashorn/jdk.nashorn.api.scripting.NashornScriptEngine.compileImpl(NashornScriptEngine.java:531)\r\n\tat jdk.scripting.nashorn/jdk.nashorn.api.scripting.NashornScriptEngine.evalImpl(NashornScriptEngine.java:409)\r\n\tat jdk.scripting.nashorn/jdk.nashorn.api.scripting.NashornScriptEngine.eval(NashornScriptEngine.java:162)\r\n\tat java.scripting/javax.script.AbstractScriptEngine.eval(AbstractScriptEngine.java:264)\r\n\tat org.getopentest.base.TestActor.evalDataSet(TestActor.java:1272)\r\n\t... 3 more\r\nCaused by: jdk.nashorn.internal.runtime.ParserException: <eval>:3:6 Expected ; but found urlData\r\n  let urlData = $include(\"data/py-data/login-mail-data/config.yaml\");\r\n      ^\r\n\tat jdk.scripting.nashorn/jdk.nashorn.internal.parser.AbstractParser.error(AbstractParser.java:297)\r\n\tat jdk.scripting.nashorn/jdk.nashorn.internal.parser.AbstractParser.error(AbstractParser.java:282)\r\n\tat jdk.scripting.nashorn/jdk.nashorn.internal.parser.AbstractParser.expectDontAdvance(AbstractParser.java:353)\r\n\tat jdk.scripting.nashorn/jdk.nashorn.internal.parser.AbstractParser.expect(AbstractParser.java:340)\r\n\tat jdk.scripting.nashorn/jdk.nashorn.internal.parser.Parser.endOfLine(Parser.java:5031)\r\n\tat jdk.scripting.nashorn/jdk.nashorn.internal.parser.Parser.expressionStatement(Parser.java:1863)\r\n\tat jdk.scripting.nashorn/jdk.nashorn.internal.parser.Parser.statement(Parser.java:1155)\r\n\tat jdk.scripting.nashorn/jdk.nashorn.internal.parser.Parser.sourceElements(Parser.java:909)\r\n\tat jdk.scripting.nashorn/jdk.nashorn.internal.parser.Parser.functionBody(Parser.java:4206)\r\n\tat jdk.scripting.nashorn/jdk.nashorn.internal.parser.Parser.functionExpression(Parser.java:3831)\r\n\tat jdk.scripting.nashorn/jdk.nashorn.internal.parser.Parser.memberExpression(Parser.java:3578)\r\n\tat jdk.scripting.nashorn/jdk.nashorn.internal.parser.Parser.leftHandSideExpression(Parser.java:3407)\r\n\tat jdk.scripting.nashorn/jdk.nashorn.internal.parser.Parser.unaryExpression(Parser.java:4440)\r\n\tat jdk.scripting.nashorn/jdk.nashorn.internal.parser.Parser.expression(Parser.java:4620)\r\n\tat jdk.scripting.nashorn/jdk.nashorn.internal.parser.Parser.conditionalExpression(Parser.java:4772)\r\n\tat jdk.scripting.nashorn/jdk.nashorn.internal.parser.Parser.assignmentExpression(Parser.java:4711)\r\n\tat jdk.scripting.nashorn/jdk.nashorn.internal.parser.Parser.expression(Parser.java:4589)\r\n\tat jdk.scripting.nashorn/jdk.nashorn.internal.parser.Parser.expression(Parser.java:4585)\r\n\tat jdk.scripting.nashorn/jdk.nashorn.internal.parser.Parser.primaryExpression(Parser.java:2821)\r\n\tat jdk.scripting.nashorn/jdk.nashorn.internal.parser.Parser.memberExpression(Parser.java:3623)\r\n\tat jdk.scripting.nashorn/jdk.nashorn.internal.parser.Parser.leftHandSideExpression(Parser.java:3407)\r\n\tat jdk.scripting.nashorn/jdk.nashorn.internal.parser.Parser.unaryExpression(Parser.java:4440)\r\n\tat jdk.scripting.nashorn/jdk.nashorn.internal.parser.Parser.expression(Parser.java:4620)\r\n\tat jdk.scripting.nashorn/jdk.nashorn.internal.parser.Parser.conditionalExpression(Parser.java:4772)\r\n\tat jdk.scripting.nashorn/jdk.nashorn.internal.parser.Parser.assignmentExpression(Parser.java:4711)\r\n\tat jdk.scripting.nashorn/jdk.nashorn.internal.parser.Parser.expression(Parser.java:4589)\r\n\tat jdk.scripting.nashorn/jdk.nashorn.internal.parser.Parser.expression(Parser.java:4585)\r\n\tat jdk.scripting.nashorn/jdk.nashorn.internal.parser.Parser.expressionStatement(Parser.java:1854)\r\n\tat jdk.scripting.nashorn/jdk.nashorn.internal.parser.Parser.statement(Parser.java:1155)\r\n\tat jdk.scripting.nashorn/jdk.nashorn.internal.parser.Parser.sourceElements(Parser.java:909)\r\n\tat jdk.scripting.nashorn/jdk.nashorn.internal.parser.Parser.program(Parser.java:844)\r\n\tat jdk.scripting.nashorn/jdk.nashorn.internal.parser.Parser.parse(Parser.java:325)\r\n\tat jdk.scripting.nashorn/jdk.nashorn.internal.parser.Parser.parse(Parser.java:285)\r\n\tat jdk.scripting.nashorn/jdk.nashorn.internal.runtime.Context.compile(Context.java:1500)\r\n\tat jdk.scripting.nashorn/jdk.nashorn.internal.runtime.Context.compileScript(Context.java:1467)\r\n\tat jdk.scripting.nashorn/jdk.nashorn.internal.runtime.Context.compileScript(Context.java:750)\r\n\tat jdk.scripting.nashorn/jdk.nashorn.api.scripting.NashornScriptEngine.compileImpl(NashornScriptEngine.java:542)\r\n\t... 8 more\r\n","v":0}
{"name":"1730829673","hostname":"DESKTOP-8V10OGQ","pid":32624,"level":30,"actorType":"ACTOR1","actorId":"29586","time":"2024-11-05T18:01:16.3188513Z","msg":"Executing segment 1 of test logueo-mail/logueo-mail...","v":0}
{"name":"1730829673","hostname":"DESKTOP-8V10OGQ","pid":32624,"level":30,"actorType":"ACTOR1","actorId":"29586","time":"2024-11-05T18:01:16.320852Z","msg":"Evaluating action 1/4 (org.getopentest.selenium.NavigateTo) in segment 1 (Navegar a oneApp)...","v":0}
{"name":"1730829673","hostname":"DESKTOP-8V10OGQ","pid":32624,"level":50,"actorType":"ACTOR1","actorId":"29586","time":"2024-11-05T18:01:16.4348515Z","msg":"ERROR: java.lang.Exception: Failed executing test logueo-mail/logueo-mail, segment 1\r\n\tat org.getopentest.base.TestActor.executeTestSegment(TestActor.java:2208)\r\n\tat org.getopentest.base.TestActor.runOneSession(TestActor.java:3077)\r\n\tat org.getopentest.base.TestActor.runOneSession(TestActor.java:3113)\r\n\tat org.getopentest.Main.main(Main.java:20)\r\nCaused by: java.lang.RuntimeException: There was an error while executing action no. 1 (org.getopentest.selenium.NavigateTo) in segment 1 of test logueo-mail/logueo-mail.\nThe action definition was:\n{\n  \"action\": \"org.getopentest.selenium.NavigateTo\",\n  \"args\": {\n    \"url\": \"$dataRecord.url.LoginOneAppPROD.url\"\n  },\n  \"description\": \"Navegar a oneApp\"\n}\r\n\tat org.getopentest.base.TestActor.executeTestSegment(TestActor.java:2142)\r\n\t... 3 more\r\nCaused by: java.lang.NullPointerException\r\n\tat org.getopentest.base.TestActor.executeActionByDef(TestActor.java:1839)\r\n\tat org.getopentest.base.TestActor.executeTestSegment(TestActor.java:2092)\r\n\t... 3 more\r\n","v":0}
{"name":"1730829673","hostname":"DESKTOP-8V10OGQ","pid":32624,"level":30,"actorType":"ACTOR1","actorId":"29586","time":"2024-11-05T18:01:16.9906294Z","msg":"Test session has completed","v":0}
{"name":"1730829673","hostname":"DESKTOP-8V10OGQ","pid":32624,"level":10,"actorType":"ACTOR1","actorId":"29586","time":"2024-11-05T18:01:16.9936287Z","msg":"TRACE: Firing TEST_COMPLETED event...","v":0}
{"name":"1730829673","hostname":"DESKTOP-8V10OGQ","pid":32624,"level":10,"actorType":"ACTOR1","actorId":"29586","time":"2024-11-05T18:01:16.9956301Z","msg":"TRACE: Firing SESSION_COMPLETED event...","v":0}
{"name":"1730829673","hostname":"DESKTOP-8V10OGQ","pid":32624,"level":30,"actorType":"ACTOR1","actorId":"29586","time":"2024-11-05T18:01:16.9966294Z","msg":"Actor 29586 of type ACTOR1 with no tags is waiting to be acquired by a test session...","v":0}
{"name":"1730829673","hostname":"DESKTOP-8V10OGQ","pid":32624,"level":10,"actorType":"ACTOR1","actorId":"29586","time":"2024-11-05T18:02:50.9438478Z","msg":"TRACE: Initializing test session information in the \"announce\" method...","v":0}
{"name":"1730829673","hostname":"DESKTOP-8V10OGQ","pid":32624,"level":10,"actorType":"ACTOR1","actorId":"29586","time":"2024-11-05T18:02:50.9528487Z","msg":"TRACE: Session ID in sync server response was 1730829769; actor session ID was null","v":0}
