{"id":1730935925,"actors":{"37798":{"id":37798,"lastSeenTime":1730935921875,"testSessionId":1730935925,"type":"ACTOR1","tags":[],"_id":"6gJRwM9BNelv2nm9","ip":"::ffff:127.0.0.1","tests":[{"currentSegmentIndex":1,"segments":[{"index":0,"status":"completed","timeStarted":1730935927717,"timeCompleted":1730935927774,"result":"passed"},{"index":1,"status":"completed","timeStarted":1730935927796,"timeCompleted":1730935952182,"result":"failed"}],"name":"descarga-factura-pos","path":"Descarga-factura-POS","timeCompleted":null,"timeStarted":1730935927717}]}},"maxIterations":"1","currentIteration":1,"currentTestIndex":1,"currentSegmentIndex":0,"label":"descarga 10","result":"failed","status":"completed","tests":[{"actions":[{"actorType":"ACTOR1","args":{},"isCheckpoint":false,"description":"Llamar a la macro de login por mail y password","durationMs":0,"macroStack":[],"result":"passed","segment":1},{"action":"org.getopentest.selenium.NavigateTo","actorType":"ACTOR1","args":{"url":"https://oneapp-uat-py.tigocloud.net"},"isCheckpoint":false,"description":"Navegar a oneApp","durationMs":1941,"macroStack":["Login-mail-password.logueo-mail"],"result":"passed","segment":1},{"action":"org.getopentest.selenium.Click","actorType":"ACTOR1","args":{"locator":{"css":".at-button-hight-emphasis"}},"isCheckpoint":false,"description":"Ingresar","durationMs":6467,"macroStack":["Login-mail-password.logueo-mail"],"result":"passed","segment":1},{"action":"org.getopentest.selenium.Click","actorType":"ACTOR1","args":{"locator":{"css":"#AceptarBtn"}},"isCheckpoint":false,"description":"Aceptar términos y condiciones","durationMs":3705,"macroStack":["Login-mail-password.logueo-mail"],"result":"passed","segment":1},{"action":"org.getopentest.selenium.SendKeys","actorType":"ACTOR1","args":{"locator":{"css":".materialInput_input__Zhf5S"},"text":"fernandoaes20@gmail.com"},"isCheckpoint":false,"description":"Ingresar mail","durationMs":286,"macroStack":["Login-mail-password.logueo-mail"],"result":"passed","segment":1},{"action":"org.getopentest.selenium.Click","actorType":"ACTOR1","args":{"locator":{"css":".icon-ma-button.icon-ma-button-enable"}},"isCheckpoint":false,"description":"Click en botón de contraseña","durationMs":163,"macroStack":["Login-mail-password.logueo-mail"],"result":"passed","segment":1},{"action":"org.getopentest.selenium.SendKeys","actorType":"ACTOR1","args":{"locator":{"css":"materialPasswordInput_input__+0jb7  "},"text":"NuncaOlvidar30!"},"isCheckpoint":false,"description":"Ingresar contraseña","durationMs":11761,"macroStack":["Login-mail-password.logueo-mail"],"result":"failed","screenshot":"SID1730935925_ACTOR1_T01_SG01_ST02_error.png","segment":1,"stackTrace":"java.lang.RuntimeException: java.lang.RuntimeException: Failed sending keys to element By.cssSelector: materialPasswordInput_input__+0jb7  \r\n\tat org.getopentest.base.TestActor.executeActionByClassName(TestActor.java:1670)\r\n\tat org.getopentest.base.TestActor.executeActionByDef(TestActor.java:1749)\r\n\tat org.getopentest.base.TestActor.executeMacroActionByDef(TestActor.java:1938)\r\n\tat org.getopentest.base.TestActor.executeMacroActionByName(TestActor.java:2013)\r\n\tat org.getopentest.base.TestActor.executeActionByDef(TestActor.java:1745)\r\n\tat org.getopentest.base.TestActor.executeTestSegment(TestActor.java:2092)\r\n\tat org.getopentest.base.TestActor.runOneSession(TestActor.java:3077)\r\n\tat org.getopentest.base.TestActor.runOneSession(TestActor.java:3113)\r\n\tat org.getopentest.Main.main(Main.java:20)\r\nCaused by: java.lang.RuntimeException: Failed sending keys to element By.cssSelector: materialPasswordInput_input__+0jb7  \r\n\tat org.getopentest.selenium.SendKeys.run(SendKeys.java:45)\r\n\tat org.getopentest.base.TestActor.executeAction(TestActor.java:1571)\r\n\tat org.getopentest.base.TestActor.executeActionByClassName(TestActor.java:1647)\r\n\t... 8 more\r\nCaused by: org.openqa.selenium.TimeoutException: Expected condition failed: waiting for presence of element located by: By.cssSelector: materialPasswordInput_input__+0jb7   (tried for 10 second(s) with 500 milliseconds interval)\r\n\tat org.openqa.selenium.support.ui.WebDriverWait.timeoutException(WebDriverWait.java:95)\r\n\tat org.openqa.selenium.support.ui.FluentWait.until(FluentWait.java:272)\r\n\tat org.getopentest.selenium.core.SeleniumTestAction.getElement(SeleniumTestAction.java:58)\r\n\tat org.getopentest.selenium.core.SeleniumTestAction.getElement(SeleniumTestAction.java:50)\r\n\tat org.getopentest.selenium.SendKeys.run(SendKeys.java:25)\r\n\t... 10 more\r\nCaused by: org.openqa.selenium.InvalidSelectorException: invalid selector\nfrom javascript error: {\"status\":32,\"value\":\"An invalid or illegal selector was specified\"}\n  (Session info: chrome=130.0.6723.92)\nFor documentation on this error, please visit: https://www.seleniumhq.org/exceptions/invalid_selector_exception.html\nBuild info: version: '3.141.59', revision: 'e82be7d358', time: '2018-11-14T08:17:03'\nSystem info: host: 'DESKTOP-8V10OGQ', ip: '192.168.100.7', os.name: 'Windows 10', os.arch: 'amd64', os.version: '10.0', java.version: '11.0.22'\nDriver info: org.openqa.selenium.chrome.ChromeDriver\nCapabilities {acceptInsecureCerts: false, browserName: chrome, browserVersion: 130.0.6723.92, chrome: {chromedriverVersion: 130.0.6723.91 (53ac07678369..., userDataDir: C:\\Users\\Dell\\AppData\\Local...}, fedcm:accounts: true, goog:chromeOptions: {debuggerAddress: localhost:63373}, javascriptEnabled: true, networkConnectionEnabled: false, pageLoadStrategy: normal, platform: WINDOWS, platformName: WINDOWS, proxy: Proxy(), setWindowRect: true, strictFileInteractability: false, timeouts: {implicit: 0, pageLoad: 300000, script: 30000}, unhandledPromptBehavior: dismiss and notify, webauthn:extension:credBlob: true, webauthn:extension:largeBlob: true, webauthn:extension:minPinLength: true, webauthn:extension:prf: true, webauthn:virtualAuthenticators: true}\nSession ID: d8d1ef423064242d7a4726896719e976\n*** Element info: {Using=css selector, value=materialPasswordInput_input__+0jb7  }\r\n\tat jdk.internal.reflect.GeneratedConstructorAccessor15.newInstance(Unknown Source)\r\n\tat java.base/jdk.internal.reflect.DelegatingConstructorAccessorImpl.newInstance(DelegatingConstructorAccessorImpl.java:45)\r\n\tat java.base/java.lang.reflect.Constructor.newInstance(Constructor.java:490)\r\n\tat org.openqa.selenium.remote.http.W3CHttpResponseCodec.createException(W3CHttpResponseCodec.java:187)\r\n\tat org.openqa.selenium.remote.http.W3CHttpResponseCodec.decode(W3CHttpResponseCodec.java:122)\r\n\tat org.openqa.selenium.remote.http.W3CHttpResponseCodec.decode(W3CHttpResponseCodec.java:49)\r\n\tat org.openqa.selenium.remote.HttpCommandExecutor.execute(HttpCommandExecutor.java:158)\r\n\tat org.openqa.selenium.remote.service.DriverCommandExecutor.execute(DriverCommandExecutor.java:83)\r\n\tat org.openqa.selenium.remote.RemoteWebDriver.execute(RemoteWebDriver.java:552)\r\n\tat org.openqa.selenium.remote.RemoteWebDriver.findElement(RemoteWebDriver.java:323)\r\n\tat org.openqa.selenium.remote.RemoteWebDriver.findElementByCssSelector(RemoteWebDriver.java:420)\r\n\tat org.openqa.selenium.By$ByCssSelector.findElement(By.java:431)\r\n\tat org.openqa.selenium.remote.RemoteWebDriver.findElement(RemoteWebDriver.java:315)\r\n\tat org.openqa.selenium.support.ui.ExpectedConditions$6.apply(ExpectedConditions.java:182)\r\n\tat org.openqa.selenium.support.ui.ExpectedConditions$6.apply(ExpectedConditions.java:179)\r\n\tat org.openqa.selenium.support.ui.FluentWait.until(FluentWait.java:249)\r\n\t... 13 more\r\n"},{"action":"org.getopentest.base.MacroAction","actorType":"ACTOR1","args":{},"isCheckpoint":false,"description":"Login-mail-password.logueo-mail","durationMs":24371,"macro":"Login-mail-password.logueo-mail","macroStack":[],"result":"failed","segment":1,"stackTrace":"java.lang.Exception: There was an error executing macro action Login-mail-password.logueo-mail (no arguments were provided)\r\n\tat org.getopentest.base.TestActor.executeMacroActionByName(TestActor.java:2021)\r\n\tat org.getopentest.base.TestActor.executeActionByDef(TestActor.java:1745)\r\n\tat org.getopentest.base.TestActor.executeTestSegment(TestActor.java:2092)\r\n\tat org.getopentest.base.TestActor.runOneSession(TestActor.java:3077)\r\n\tat org.getopentest.base.TestActor.runOneSession(TestActor.java:3113)\r\n\tat org.getopentest.Main.main(Main.java:20)\r\nCaused by: java.lang.RuntimeException: There was an error while executing action no. 6 (org.getopentest.selenium.SendKeys) in macro Login-mail-password/logueo-mail.\nThe action definition was:\n{\n  \"action\": \"org.getopentest.selenium.SendKeys\",\n  \"args\": {\n    \"locator\": {\n      \"css\": \"materialPasswordInput_input__+0jb7  \"\n    },\n    \"text\": \"NuncaOlvidar30!\"\n  },\n  \"description\": \"Ingresar contraseña\"\n}\r\n\tat org.getopentest.base.TestActor.executeMacroActionByDef(TestActor.java:1973)\r\n\tat org.getopentest.base.TestActor.executeMacroActionByName(TestActor.java:2013)\r\n\t... 5 more\r\nCaused by: java.lang.RuntimeException: Failed executing action org.getopentest.selenium.SendKeys with arguments {\"locator\":{\"css\":\"materialPasswordInput_input__+0jb7  \"},\"text\":\"NuncaOlvidar30!\"}\r\n\tat org.getopentest.base.TestActor.executeActionByDef(TestActor.java:1872)\r\n\tat org.getopentest.base.TestActor.executeMacroActionByDef(TestActor.java:1938)\r\n\t... 6 more\r\nCaused by: java.lang.RuntimeException: java.lang.RuntimeException: Failed sending keys to element By.cssSelector: materialPasswordInput_input__+0jb7  \r\n\tat org.getopentest.base.TestActor.executeActionByClassName(TestActor.java:1670)\r\n\tat org.getopentest.base.TestActor.executeActionByDef(TestActor.java:1749)\r\n\t... 7 more\r\nCaused by: java.lang.RuntimeException: Failed sending keys to element By.cssSelector: materialPasswordInput_input__+0jb7  \r\n\tat org.getopentest.selenium.SendKeys.run(SendKeys.java:45)\r\n\tat org.getopentest.base.TestActor.executeAction(TestActor.java:1571)\r\n\tat org.getopentest.base.TestActor.executeActionByClassName(TestActor.java:1647)\r\n\t... 8 more\r\nCaused by: org.openqa.selenium.TimeoutException: Expected condition failed: waiting for presence of element located by: By.cssSelector: materialPasswordInput_input__+0jb7   (tried for 10 second(s) with 500 milliseconds interval)\r\n\tat org.openqa.selenium.support.ui.WebDriverWait.timeoutException(WebDriverWait.java:95)\r\n\tat org.openqa.selenium.support.ui.FluentWait.until(FluentWait.java:272)\r\n\tat org.getopentest.selenium.core.SeleniumTestAction.getElement(SeleniumTestAction.java:58)\r\n\tat org.getopentest.selenium.core.SeleniumTestAction.getElement(SeleniumTestAction.java:50)\r\n\tat org.getopentest.selenium.SendKeys.run(SendKeys.java:25)\r\n\t... 10 more\r\nCaused by: org.openqa.selenium.InvalidSelectorException: invalid selector\nfrom javascript error: {\"status\":32,\"value\":\"An invalid or illegal selector was specified\"}\n  (Session info: chrome=130.0.6723.92)\nFor documentation on this error, please visit: https://www.seleniumhq.org/exceptions/invalid_selector_exception.html\nBuild info: version: '3.141.59', revision: 'e82be7d358', time: '2018-11-14T08:17:03'\nSystem info: host: 'DESKTOP-8V10OGQ', ip: '192.168.100.7', os.name: 'Windows 10', os.arch: 'amd64', os.version: '10.0', java.version: '11.0.22'\nDriver info: org.openqa.selenium.chrome.ChromeDriver\nCapabilities {acceptInsecureCerts: false, browserName: chrome, browserVersion: 130.0.6723.92, chrome: {chromedriverVersion: 130.0.6723.91 (53ac07678369..., userDataDir: C:\\Users\\Dell\\AppData\\Local...}, fedcm:accounts: true, goog:chromeOptions: {debuggerAddress: localhost:63373}, javascriptEnabled: true, networkConnectionEnabled: false, pageLoadStrategy: normal, platform: WINDOWS, platformName: WINDOWS, proxy: Proxy(), setWindowRect: true, strictFileInteractability: false, timeouts: {implicit: 0, pageLoad: 300000, script: 30000}, unhandledPromptBehavior: dismiss and notify, webauthn:extension:credBlob: true, webauthn:extension:largeBlob: true, webauthn:extension:minPinLength: true, webauthn:extension:prf: true, webauthn:virtualAuthenticators: true}\nSession ID: d8d1ef423064242d7a4726896719e976\n*** Element info: {Using=css selector, value=materialPasswordInput_input__+0jb7  }\r\n\tat jdk.internal.reflect.GeneratedConstructorAccessor15.newInstance(Unknown Source)\r\n\tat java.base/jdk.internal.reflect.DelegatingConstructorAccessorImpl.newInstance(DelegatingConstructorAccessorImpl.java:45)\r\n\tat java.base/java.lang.reflect.Constructor.newInstance(Constructor.java:490)\r\n\tat org.openqa.selenium.remote.http.W3CHttpResponseCodec.createException(W3CHttpResponseCodec.java:187)\r\n\tat org.openqa.selenium.remote.http.W3CHttpResponseCodec.decode(W3CHttpResponseCodec.java:122)\r\n\tat org.openqa.selenium.remote.http.W3CHttpResponseCodec.decode(W3CHttpResponseCodec.java:49)\r\n\tat org.openqa.selenium.remote.HttpCommandExecutor.execute(HttpCommandExecutor.java:158)\r\n\tat org.openqa.selenium.remote.service.DriverCommandExecutor.execute(DriverCommandExecutor.java:83)\r\n\tat org.openqa.selenium.remote.RemoteWebDriver.execute(RemoteWebDriver.java:552)\r\n\tat org.openqa.selenium.remote.RemoteWebDriver.findElement(RemoteWebDriver.java:323)\r\n\tat org.openqa.selenium.remote.RemoteWebDriver.findElementByCssSelector(RemoteWebDriver.java:420)\r\n\tat org.openqa.selenium.By$ByCssSelector.findElement(By.java:431)\r\n\tat org.openqa.selenium.remote.RemoteWebDriver.findElement(RemoteWebDriver.java:315)\r\n\tat org.openqa.selenium.support.ui.ExpectedConditions$6.apply(ExpectedConditions.java:182)\r\n\tat org.openqa.selenium.support.ui.ExpectedConditions$6.apply(ExpectedConditions.java:179)\r\n\tat org.openqa.selenium.support.ui.FluentWait.until(FluentWait.java:249)\r\n\t... 13 more\r\n"}],"currentIteration":1,"currentSegmentIndex":0,"isDataDriven":false,"name":"descarga-factura-pos","path":"Descarga-factura-POS","result":"failed","status":"completed","segments":[{"index":0,"result":"passed","status":"completed","timeStarted":1730935927717,"timeCompleted":1730935927774},{"index":1,"result":"failed","status":"completed","timeStarted":1730935927796,"timeCompleted":1730935952182}],"tags":[],"timeStarted":1730935927717,"timeCompleted":1730935952182}],"timeCreated":1730935924872,"timeStarted":1730935927717,"timeCompleted":1730935952182,"lastActivity":1730935952181,"_id":"01toQTM7XO8ai7W9","actorTags":[],"environment":"","currentDataRecordIndex":-1}
{"id":1730935499,"actors":{"37798":{"id":37798,"lastSeenTime":1730935495177,"testSessionId":1730935499,"type":"ACTOR1","tags":[],"_id":"6gJRwM9BNelv2nm9","ip":"::ffff:127.0.0.1","tests":[{"currentSegmentIndex":1,"segments":[{"index":0,"status":"completed","timeStarted":1730935500412,"timeCompleted":1730935500424,"result":"passed"},{"index":1,"status":"completed","timeStarted":1730935500455,"timeCompleted":1730935530398,"result":"failed"}],"name":"descarga-factura-pos","path":"Descarga-factura-POS","timeCompleted":null,"timeStarted":1730935500411}]}},"maxIterations":"1","currentIteration":1,"currentTestIndex":1,"currentSegmentIndex":0,"label":"descarga 6","result":"failed","status":"completed","tests":[{"actions":[{"actorType":"ACTOR1","args":{},"isCheckpoint":false,"description":"Llamar a la macro de login por mail y password","durationMs":0,"macroStack":[],"result":"passed","segment":1},{"action":"org.getopentest.selenium.NavigateTo","actorType":"ACTOR1","args":{"url":"https://oneapp-uat-py.tigocloud.net"},"isCheckpoint":false,"description":"Navegar a oneApp","durationMs":14237,"macroStack":["Login-mail-password.logueo-mail"],"result":"passed","segment":1},{"action":"org.getopentest.selenium.Click","actorType":"ACTOR1","args":{"locator":{"css":".at-button-hight-emphasis"}},"isCheckpoint":false,"description":"Ingresar","durationMs":196,"macroStack":["Login-mail-password.logueo-mail"],"result":"passed","segment":1},{"action":"org.getopentest.selenium.Click","actorType":"ACTOR1","args":{"locator":{"css":"#AceptarBtn"}},"isCheckpoint":false,"description":"Aceptar términos y condiciones","durationMs":3571,"macroStack":["Login-mail-password.logueo-mail"],"result":"passed","segment":1},{"action":"org.getopentest.selenium.SendKeys","actorType":"ACTOR1","args":{"locator":{"css":".materialInput_input__Zhf5S"},"text":"fernandoaes20@gmail.com"},"isCheckpoint":false,"description":"Ingresar mail","durationMs":257,"macroStack":["Login-mail-password.logueo-mail"],"result":"passed","segment":1},{"action":"org.getopentest.selenium.Click","actorType":"ACTOR1","args":{"locator":{"css":".icon-ma-button.icon-ma-button-enable"}},"isCheckpoint":false,"description":"Click en botón de contraseña","durationMs":189,"macroStack":["Login-mail-password.logueo-mail"],"result":"passed","segment":1},{"action":"org.getopentest.selenium.SendKeys","actorType":"ACTOR1","args":{"locator":{"xpath":"//*[@id='root']/div/div/div[2]/div[2]/div/input"},"text":"tu_contraseña"},"isCheckpoint":false,"description":"Ingresar contraseña","durationMs":11413,"macroStack":["Login-mail-password.logueo-mail"],"result":"failed","screenshot":"SID1730935499_ACTOR1_T01_SG01_ST02_error.png","segment":1,"stackTrace":"java.lang.RuntimeException: java.lang.RuntimeException: Failed sending keys to element By.xpath: //*[@id='root']/div/div/div[2]/div[2]/div/input\r\n\tat org.getopentest.base.TestActor.executeActionByClassName(TestActor.java:1670)\r\n\tat org.getopentest.base.TestActor.executeActionByDef(TestActor.java:1749)\r\n\tat org.getopentest.base.TestActor.executeMacroActionByDef(TestActor.java:1938)\r\n\tat org.getopentest.base.TestActor.executeMacroActionByName(TestActor.java:2013)\r\n\tat org.getopentest.base.TestActor.executeActionByDef(TestActor.java:1745)\r\n\tat org.getopentest.base.TestActor.executeTestSegment(TestActor.java:2092)\r\n\tat org.getopentest.base.TestActor.runOneSession(TestActor.java:3077)\r\n\tat org.getopentest.base.TestActor.runOneSession(TestActor.java:3113)\r\n\tat org.getopentest.Main.main(Main.java:20)\r\nCaused by: java.lang.RuntimeException: Failed sending keys to element By.xpath: //*[@id='root']/div/div/div[2]/div[2]/div/input\r\n\tat org.getopentest.selenium.SendKeys.run(SendKeys.java:45)\r\n\tat org.getopentest.base.TestActor.executeAction(TestActor.java:1571)\r\n\tat org.getopentest.base.TestActor.executeActionByClassName(TestActor.java:1647)\r\n\t... 8 more\r\nCaused by: org.openqa.selenium.TimeoutException: Expected condition failed: waiting for presence of element located by: By.xpath: //*[@id='root']/div/div/div[2]/div[2]/div/input (tried for 10 second(s) with 500 milliseconds interval)\r\n\tat org.openqa.selenium.support.ui.WebDriverWait.timeoutException(WebDriverWait.java:95)\r\n\tat org.openqa.selenium.support.ui.FluentWait.until(FluentWait.java:272)\r\n\tat org.getopentest.selenium.core.SeleniumTestAction.getElement(SeleniumTestAction.java:58)\r\n\tat org.getopentest.selenium.core.SeleniumTestAction.getElement(SeleniumTestAction.java:50)\r\n\tat org.getopentest.selenium.SendKeys.run(SendKeys.java:25)\r\n\t... 10 more\r\nCaused by: org.openqa.selenium.NoSuchElementException: no such element: Unable to locate element: {\"method\":\"xpath\",\"selector\":\"//*[@id='root']/div/div/div[2]/div[2]/div/input\"}\n  (Session info: chrome=130.0.6723.92)\nFor documentation on this error, please visit: https://www.seleniumhq.org/exceptions/no_such_element.html\nBuild info: version: '3.141.59', revision: 'e82be7d358', time: '2018-11-14T08:17:03'\nSystem info: host: 'DESKTOP-8V10OGQ', ip: '192.168.100.7', os.name: 'Windows 10', os.arch: 'amd64', os.version: '10.0', java.version: '11.0.22'\nDriver info: org.openqa.selenium.chrome.ChromeDriver\nCapabilities {acceptInsecureCerts: false, browserName: chrome, browserVersion: 130.0.6723.92, chrome: {chromedriverVersion: 130.0.6723.91 (53ac07678369..., userDataDir: C:\\Users\\Dell\\AppData\\Local...}, fedcm:accounts: true, goog:chromeOptions: {debuggerAddress: localhost:62548}, javascriptEnabled: true, networkConnectionEnabled: false, pageLoadStrategy: normal, platform: WINDOWS, platformName: WINDOWS, proxy: Proxy(), setWindowRect: true, strictFileInteractability: false, timeouts: {implicit: 0, pageLoad: 300000, script: 30000}, unhandledPromptBehavior: dismiss and notify, webauthn:extension:credBlob: true, webauthn:extension:largeBlob: true, webauthn:extension:minPinLength: true, webauthn:extension:prf: true, webauthn:virtualAuthenticators: true}\nSession ID: 63cf4826dc8059594a5f6e653f0b6831\n*** Element info: {Using=xpath, value=//*[@id='root']/div/div/div[2]/div[2]/div/input}\r\n\tat jdk.internal.reflect.GeneratedConstructorAccessor11.newInstance(Unknown Source)\r\n\tat java.base/jdk.internal.reflect.DelegatingConstructorAccessorImpl.newInstance(DelegatingConstructorAccessorImpl.java:45)\r\n\tat java.base/java.lang.reflect.Constructor.newInstance(Constructor.java:490)\r\n\tat org.openqa.selenium.remote.http.W3CHttpResponseCodec.createException(W3CHttpResponseCodec.java:187)\r\n\tat org.openqa.selenium.remote.http.W3CHttpResponseCodec.decode(W3CHttpResponseCodec.java:122)\r\n\tat org.openqa.selenium.remote.http.W3CHttpResponseCodec.decode(W3CHttpResponseCodec.java:49)\r\n\tat org.openqa.selenium.remote.HttpCommandExecutor.execute(HttpCommandExecutor.java:158)\r\n\tat org.openqa.selenium.remote.service.DriverCommandExecutor.execute(DriverCommandExecutor.java:83)\r\n\tat org.openqa.selenium.remote.RemoteWebDriver.execute(RemoteWebDriver.java:552)\r\n\tat org.openqa.selenium.remote.RemoteWebDriver.findElement(RemoteWebDriver.java:323)\r\n\tat org.openqa.selenium.remote.RemoteWebDriver.findElementByXPath(RemoteWebDriver.java:428)\r\n\tat org.openqa.selenium.By$ByXPath.findElement(By.java:353)\r\n\tat org.openqa.selenium.remote.RemoteWebDriver.findElement(RemoteWebDriver.java:315)\r\n\tat org.openqa.selenium.support.ui.ExpectedConditions$6.apply(ExpectedConditions.java:182)\r\n\tat org.openqa.selenium.support.ui.ExpectedConditions$6.apply(ExpectedConditions.java:179)\r\n\tat org.openqa.selenium.support.ui.FluentWait.until(FluentWait.java:249)\r\n\t... 13 more\r\n"},{"action":"org.getopentest.base.MacroAction","actorType":"ACTOR1","args":{},"isCheckpoint":false,"description":"Login-mail-password.logueo-mail","durationMs":29910,"macro":"Login-mail-password.logueo-mail","macroStack":[],"result":"failed","segment":1,"stackTrace":"java.lang.Exception: There was an error executing macro action Login-mail-password.logueo-mail (no arguments were provided)\r\n\tat org.getopentest.base.TestActor.executeMacroActionByName(TestActor.java:2021)\r\n\tat org.getopentest.base.TestActor.executeActionByDef(TestActor.java:1745)\r\n\tat org.getopentest.base.TestActor.executeTestSegment(TestActor.java:2092)\r\n\tat org.getopentest.base.TestActor.runOneSession(TestActor.java:3077)\r\n\tat org.getopentest.base.TestActor.runOneSession(TestActor.java:3113)\r\n\tat org.getopentest.Main.main(Main.java:20)\r\nCaused by: java.lang.RuntimeException: There was an error while executing action no. 6 (org.getopentest.selenium.SendKeys) in macro Login-mail-password/logueo-mail.\nThe action definition was:\n{\n  \"action\": \"org.getopentest.selenium.SendKeys\",\n  \"args\": {\n    \"locator\": {\n      \"xpath\": \"//*[@id='root']/div/div/div[2]/div[2]/div/input\"\n    },\n    \"text\": \"tu_contraseña\"\n  },\n  \"description\": \"Ingresar contraseña\"\n}\r\n\tat org.getopentest.base.TestActor.executeMacroActionByDef(TestActor.java:1973)\r\n\tat org.getopentest.base.TestActor.executeMacroActionByName(TestActor.java:2013)\r\n\t... 5 more\r\nCaused by: java.lang.RuntimeException: Failed executing action org.getopentest.selenium.SendKeys with arguments {\"locator\":{\"xpath\":\"//*[@id='root']/div/div/div[2]/div[2]/div/input\"},\"text\":\"tu_contraseña\"}\r\n\tat org.getopentest.base.TestActor.executeActionByDef(TestActor.java:1872)\r\n\tat org.getopentest.base.TestActor.executeMacroActionByDef(TestActor.java:1938)\r\n\t... 6 more\r\nCaused by: java.lang.RuntimeException: java.lang.RuntimeException: Failed sending keys to element By.xpath: //*[@id='root']/div/div/div[2]/div[2]/div/input\r\n\tat org.getopentest.base.TestActor.executeActionByClassName(TestActor.java:1670)\r\n\tat org.getopentest.base.TestActor.executeActionByDef(TestActor.java:1749)\r\n\t... 7 more\r\nCaused by: java.lang.RuntimeException: Failed sending keys to element By.xpath: //*[@id='root']/div/div/div[2]/div[2]/div/input\r\n\tat org.getopentest.selenium.SendKeys.run(SendKeys.java:45)\r\n\tat org.getopentest.base.TestActor.executeAction(TestActor.java:1571)\r\n\tat org.getopentest.base.TestActor.executeActionByClassName(TestActor.java:1647)\r\n\t... 8 more\r\nCaused by: org.openqa.selenium.TimeoutException: Expected condition failed: waiting for presence of element located by: By.xpath: //*[@id='root']/div/div/div[2]/div[2]/div/input (tried for 10 second(s) with 500 milliseconds interval)\r\n\tat org.openqa.selenium.support.ui.WebDriverWait.timeoutException(WebDriverWait.java:95)\r\n\tat org.openqa.selenium.support.ui.FluentWait.until(FluentWait.java:272)\r\n\tat org.getopentest.selenium.core.SeleniumTestAction.getElement(SeleniumTestAction.java:58)\r\n\tat org.getopentest.selenium.core.SeleniumTestAction.getElement(SeleniumTestAction.java:50)\r\n\tat org.getopentest.selenium.SendKeys.run(SendKeys.java:25)\r\n\t... 10 more\r\nCaused by: org.openqa.selenium.NoSuchElementException: no such element: Unable to locate element: {\"method\":\"xpath\",\"selector\":\"//*[@id='root']/div/div/div[2]/div[2]/div/input\"}\n  (Session info: chrome=130.0.6723.92)\nFor documentation on this error, please visit: https://www.seleniumhq.org/exceptions/no_such_element.html\nBuild info: version: '3.141.59', revision: 'e82be7d358', time: '2018-11-14T08:17:03'\nSystem info: host: 'DESKTOP-8V10OGQ', ip: '192.168.100.7', os.name: 'Windows 10', os.arch: 'amd64', os.version: '10.0', java.version: '11.0.22'\nDriver info: org.openqa.selenium.chrome.ChromeDriver\nCapabilities {acceptInsecureCerts: false, browserName: chrome, browserVersion: 130.0.6723.92, chrome: {chromedriverVersion: 130.0.6723.91 (53ac07678369..., userDataDir: C:\\Users\\Dell\\AppData\\Local...}, fedcm:accounts: true, goog:chromeOptions: {debuggerAddress: localhost:62548}, javascriptEnabled: true, networkConnectionEnabled: false, pageLoadStrategy: normal, platform: WINDOWS, platformName: WINDOWS, proxy: Proxy(), setWindowRect: true, strictFileInteractability: false, timeouts: {implicit: 0, pageLoad: 300000, script: 30000}, unhandledPromptBehavior: dismiss and notify, webauthn:extension:credBlob: true, webauthn:extension:largeBlob: true, webauthn:extension:minPinLength: true, webauthn:extension:prf: true, webauthn:virtualAuthenticators: true}\nSession ID: 63cf4826dc8059594a5f6e653f0b6831\n*** Element info: {Using=xpath, value=//*[@id='root']/div/div/div[2]/div[2]/div/input}\r\n\tat jdk.internal.reflect.GeneratedConstructorAccessor11.newInstance(Unknown Source)\r\n\tat java.base/jdk.internal.reflect.DelegatingConstructorAccessorImpl.newInstance(DelegatingConstructorAccessorImpl.java:45)\r\n\tat java.base/java.lang.reflect.Constructor.newInstance(Constructor.java:490)\r\n\tat org.openqa.selenium.remote.http.W3CHttpResponseCodec.createException(W3CHttpResponseCodec.java:187)\r\n\tat org.openqa.selenium.remote.http.W3CHttpResponseCodec.decode(W3CHttpResponseCodec.java:122)\r\n\tat org.openqa.selenium.remote.http.W3CHttpResponseCodec.decode(W3CHttpResponseCodec.java:49)\r\n\tat org.openqa.selenium.remote.HttpCommandExecutor.execute(HttpCommandExecutor.java:158)\r\n\tat org.openqa.selenium.remote.service.DriverCommandExecutor.execute(DriverCommandExecutor.java:83)\r\n\tat org.openqa.selenium.remote.RemoteWebDriver.execute(RemoteWebDriver.java:552)\r\n\tat org.openqa.selenium.remote.RemoteWebDriver.findElement(RemoteWebDriver.java:323)\r\n\tat org.openqa.selenium.remote.RemoteWebDriver.findElementByXPath(RemoteWebDriver.java:428)\r\n\tat org.openqa.selenium.By$ByXPath.findElement(By.java:353)\r\n\tat org.openqa.selenium.remote.RemoteWebDriver.findElement(RemoteWebDriver.java:315)\r\n\tat org.openqa.selenium.support.ui.ExpectedConditions$6.apply(ExpectedConditions.java:182)\r\n\tat org.openqa.selenium.support.ui.ExpectedConditions$6.apply(ExpectedConditions.java:179)\r\n\tat org.openqa.selenium.support.ui.FluentWait.until(FluentWait.java:249)\r\n\t... 13 more\r\n"}],"currentIteration":1,"currentSegmentIndex":0,"isDataDriven":false,"name":"descarga-factura-pos","path":"Descarga-factura-POS","result":"failed","status":"completed","segments":[{"index":0,"result":"passed","status":"completed","timeStarted":1730935500412,"timeCompleted":1730935500424},{"index":1,"result":"failed","status":"completed","timeStarted":1730935500455,"timeCompleted":1730935530398}],"tags":[],"timeStarted":1730935500412,"timeCompleted":1730935530398}],"timeCreated":1730935498796,"timeStarted":1730935500412,"timeCompleted":1730935530398,"lastActivity":1730935530397,"_id":"0vX5c5txiE0zkRA3","actorTags":[],"environment":"","currentDataRecordIndex":-1}
{"id":1730937575,"actors":{"49615":{"id":49615,"lastSeenTime":1730937571632,"testSessionId":1730937575,"type":"ACTOR1","tags":[],"_id":"BRJjFVAIGFQYcDM6","ip":"::ffff:127.0.0.1","tests":[{"currentSegmentIndex":1,"segments":[{"index":0,"status":"completed","timeStarted":1730937577198,"timeCompleted":1730937577205,"result":"passed"},{"index":1,"status":"completed","timeStarted":1730937577243,"timeCompleted":1730937596514,"result":"passed"}],"name":"descarga-factura-pos","path":"Descarga-factura-POS","timeCompleted":null,"timeStarted":1730937577198}]}},"maxIterations":"1","currentIteration":1,"currentTestIndex":1,"currentSegmentIndex":0,"label":"descarga 18","result":"passed","status":"completed","tests":[{"actions":[{"actorType":"ACTOR1","args":{},"isCheckpoint":false,"description":"Llamar a la macro de login por mail y password","durationMs":0,"macroStack":[],"result":"passed","segment":1},{"action":"org.getopentest.selenium.NavigateTo","actorType":"ACTOR1","args":{"url":"https://oneapp-uat-py.tigocloud.net"},"isCheckpoint":false,"description":"Navegar a oneApp","durationMs":7249,"macroStack":["Login-mail-password.logueo-mail"],"result":"passed","segment":1},{"action":"org.getopentest.selenium.Click","actorType":"ACTOR1","args":{"locator":{"css":".at-button-hight-emphasis"}},"isCheckpoint":false,"description":"Ingresar","durationMs":395,"macroStack":["Login-mail-password.logueo-mail"],"result":"passed","segment":1},{"action":"org.getopentest.selenium.Click","actorType":"ACTOR1","args":{"locator":{"css":"#AceptarBtn"}},"isCheckpoint":false,"description":"Aceptar términos y condiciones","durationMs":3765,"macroStack":["Login-mail-password.logueo-mail"],"result":"passed","segment":1},{"action":"org.getopentest.selenium.SendKeys","actorType":"ACTOR1","args":{"locator":{"css":".materialInput_input__Zhf5S"},"text":"fernandoaes20@gmail.com"},"isCheckpoint":false,"description":"Ingresar mail","durationMs":291,"macroStack":["Login-mail-password.logueo-mail"],"result":"passed","segment":1},{"action":"org.getopentest.selenium.Click","actorType":"ACTOR1","args":{"locator":{"css":".icon-ma-button.icon-ma-button-enable"}},"isCheckpoint":false,"description":"Click en botón de contraseña","durationMs":179,"macroStack":["Login-mail-password.logueo-mail"],"result":"passed","segment":1},{"action":"org.getopentest.selenium.SendKeys","actorType":"ACTOR1","args":{"locator":{"css":"input[type='password']"},"text":"NuncaOlvidar30!"},"isCheckpoint":false,"description":"Ingresar contraseña","durationMs":188,"macroStack":["Login-mail-password.logueo-mail"],"result":"passed","segment":1},{"action":"org.getopentest.selenium.Click","actorType":"ACTOR1","args":{"locator":{"xpath":"//*[@id=\"root\"]/div/div/div/div[2]/div[6]/div[1]/button/span"}},"isCheckpoint":false,"description":"Click ingresar","durationMs":162,"macroStack":["Login-mail-password.logueo-mail"],"result":"passed","segment":1},{"action":"org.getopentest.base.MacroAction","actorType":"ACTOR1","args":{},"isCheckpoint":false,"description":"Login-mail-password.logueo-mail","durationMs":12269,"macro":"Login-mail-password.logueo-mail","macroStack":[],"result":"passed","segment":1},{"action":"org.getopentest.selenium.Click","actorType":"ACTOR1","args":{"locator":{"xpath":"//h1[contains(text(), '981320024')]"}},"isCheckpoint":false,"description":"Seleccionar linea password","durationMs":6990,"macroStack":[],"result":"passed","segment":1}],"currentIteration":1,"currentSegmentIndex":0,"isDataDriven":false,"name":"descarga-factura-pos","path":"Descarga-factura-POS","result":"passed","status":"completed","segments":[{"index":0,"result":"passed","status":"completed","timeStarted":1730937577198,"timeCompleted":1730937577205},{"index":1,"result":"passed","status":"completed","timeStarted":1730937577243,"timeCompleted":1730937596514}],"tags":[],"timeStarted":1730937577198,"timeCompleted":1730937596514}],"timeCreated":1730937574693,"timeStarted":1730937577198,"timeCompleted":1730937596514,"lastActivity":1730937596514,"_id":"2Zs9Sa2J0uCXBgws","actorTags":[],"environment":"","currentDataRecordIndex":-1}
{"id":1730936266,"actors":{"49615":{"id":49615,"lastSeenTime":1730936261102,"testSessionId":1730936266,"type":"ACTOR1","tags":[],"_id":"BRJjFVAIGFQYcDM6","ip":"::ffff:127.0.0.1","tests":[{"currentSegmentIndex":1,"segments":[{"index":0,"status":"completed","timeStarted":1730936266724,"timeCompleted":1730936266743,"result":"passed"},{"index":1,"status":"completed","timeStarted":1730936266757,"timeCompleted":1730936293224,"result":"failed"}],"name":"descarga-factura-pos","path":"Descarga-factura-POS","timeCompleted":null,"timeStarted":1730936266724}]}},"maxIterations":"1","currentIteration":1,"currentTestIndex":1,"currentSegmentIndex":0,"label":"descarga 12","result":"failed","status":"completed","tests":[{"actions":[{"actorType":"ACTOR1","args":{},"isCheckpoint":false,"description":"Llamar a la macro de login por mail y password","durationMs":0,"macroStack":[],"result":"passed","segment":1},{"action":"org.getopentest.selenium.NavigateTo","actorType":"ACTOR1","args":{"url":"https://oneapp-uat-py.tigocloud.net"},"isCheckpoint":false,"description":"Navegar a oneApp","durationMs":2239,"macroStack":["Login-mail-password.logueo-mail"],"result":"passed","segment":1},{"action":"org.getopentest.selenium.Click","actorType":"ACTOR1","args":{"locator":{"css":".at-button-hight-emphasis"}},"isCheckpoint":false,"description":"Ingresar","durationMs":8704,"macroStack":["Login-mail-password.logueo-mail"],"result":"passed","segment":1},{"action":"org.getopentest.selenium.Click","actorType":"ACTOR1","args":{"locator":{"css":"#AceptarBtn"}},"isCheckpoint":false,"description":"Aceptar términos y condiciones","durationMs":3660,"macroStack":["Login-mail-password.logueo-mail"],"result":"passed","segment":1},{"action":"org.getopentest.selenium.SendKeys","actorType":"ACTOR1","args":{"locator":{"css":".materialInput_input__Zhf5S"},"text":"fernandoaes20@gmail.com"},"isCheckpoint":false,"description":"Ingresar mail","durationMs":323,"macroStack":["Login-mail-password.logueo-mail"],"result":"passed","segment":1},{"action":"org.getopentest.selenium.Click","actorType":"ACTOR1","args":{"locator":{"css":".icon-ma-button.icon-ma-button-enable"}},"isCheckpoint":false,"description":"Click en botón de contraseña","durationMs":166,"macroStack":["Login-mail-password.logueo-mail"],"result":"passed","segment":1},{"action":"org.getopentest.selenium.SendKeys","actorType":"ACTOR1","args":{"locator":{"css":".materialPasswordInput_input__+0jb7  "},"text":"NuncaOlvidar30!"},"isCheckpoint":false,"description":"Ingresar contraseña","durationMs":11284,"macroStack":["Login-mail-password.logueo-mail"],"result":"failed","screenshot":"SID1730936266_ACTOR1_T01_SG01_ST02_error.png","segment":1,"stackTrace":"java.lang.RuntimeException: java.lang.RuntimeException: Failed sending keys to element By.cssSelector: .materialPasswordInput_input__+0jb7  \r\n\tat org.getopentest.base.TestActor.executeActionByClassName(TestActor.java:1670)\r\n\tat org.getopentest.base.TestActor.executeActionByDef(TestActor.java:1749)\r\n\tat org.getopentest.base.TestActor.executeMacroActionByDef(TestActor.java:1938)\r\n\tat org.getopentest.base.TestActor.executeMacroActionByName(TestActor.java:2013)\r\n\tat org.getopentest.base.TestActor.executeActionByDef(TestActor.java:1745)\r\n\tat org.getopentest.base.TestActor.executeTestSegment(TestActor.java:2092)\r\n\tat org.getopentest.base.TestActor.runOneSession(TestActor.java:3077)\r\n\tat org.getopentest.base.TestActor.runOneSession(TestActor.java:3113)\r\n\tat org.getopentest.Main.main(Main.java:20)\r\nCaused by: java.lang.RuntimeException: Failed sending keys to element By.cssSelector: .materialPasswordInput_input__+0jb7  \r\n\tat org.getopentest.selenium.SendKeys.run(SendKeys.java:45)\r\n\tat org.getopentest.base.TestActor.executeAction(TestActor.java:1571)\r\n\tat org.getopentest.base.TestActor.executeActionByClassName(TestActor.java:1647)\r\n\t... 8 more\r\nCaused by: org.openqa.selenium.TimeoutException: Expected condition failed: waiting for presence of element located by: By.cssSelector: .materialPasswordInput_input__+0jb7   (tried for 10 second(s) with 500 milliseconds interval)\r\n\tat org.openqa.selenium.support.ui.WebDriverWait.timeoutException(WebDriverWait.java:95)\r\n\tat org.openqa.selenium.support.ui.FluentWait.until(FluentWait.java:272)\r\n\tat org.getopentest.selenium.core.SeleniumTestAction.getElement(SeleniumTestAction.java:58)\r\n\tat org.getopentest.selenium.core.SeleniumTestAction.getElement(SeleniumTestAction.java:50)\r\n\tat org.getopentest.selenium.SendKeys.run(SendKeys.java:25)\r\n\t... 10 more\r\nCaused by: org.openqa.selenium.InvalidSelectorException: invalid selector\nfrom javascript error: {\"status\":32,\"value\":\"An invalid or illegal selector was specified\"}\n  (Session info: chrome=130.0.6723.92)\nFor documentation on this error, please visit: https://www.seleniumhq.org/exceptions/invalid_selector_exception.html\nBuild info: version: '3.141.59', revision: 'e82be7d358', time: '2018-11-14T08:17:03'\nSystem info: host: 'DESKTOP-8V10OGQ', ip: '10.21.32.3', os.name: 'Windows 10', os.arch: 'amd64', os.version: '10.0', java.version: '11.0.22'\nDriver info: org.openqa.selenium.chrome.ChromeDriver\nCapabilities {acceptInsecureCerts: false, browserName: chrome, browserVersion: 130.0.6723.92, chrome: {chromedriverVersion: 130.0.6723.91 (53ac07678369..., userDataDir: C:\\Users\\Dell\\AppData\\Local...}, fedcm:accounts: true, goog:chromeOptions: {debuggerAddress: localhost:63926}, javascriptEnabled: true, networkConnectionEnabled: false, pageLoadStrategy: normal, platform: WINDOWS, platformName: WINDOWS, proxy: Proxy(), setWindowRect: true, strictFileInteractability: false, timeouts: {implicit: 0, pageLoad: 300000, script: 30000}, unhandledPromptBehavior: dismiss and notify, webauthn:extension:credBlob: true, webauthn:extension:largeBlob: true, webauthn:extension:minPinLength: true, webauthn:extension:prf: true, webauthn:virtualAuthenticators: true}\nSession ID: efd46b2319062084e57a904f0a2b7ace\n*** Element info: {Using=css selector, value=.materialPasswordInput_input__+0jb7  }\r\n\tat jdk.internal.reflect.GeneratedConstructorAccessor12.newInstance(Unknown Source)\r\n\tat java.base/jdk.internal.reflect.DelegatingConstructorAccessorImpl.newInstance(DelegatingConstructorAccessorImpl.java:45)\r\n\tat java.base/java.lang.reflect.Constructor.newInstance(Constructor.java:490)\r\n\tat org.openqa.selenium.remote.http.W3CHttpResponseCodec.createException(W3CHttpResponseCodec.java:187)\r\n\tat org.openqa.selenium.remote.http.W3CHttpResponseCodec.decode(W3CHttpResponseCodec.java:122)\r\n\tat org.openqa.selenium.remote.http.W3CHttpResponseCodec.decode(W3CHttpResponseCodec.java:49)\r\n\tat org.openqa.selenium.remote.HttpCommandExecutor.execute(HttpCommandExecutor.java:158)\r\n\tat org.openqa.selenium.remote.service.DriverCommandExecutor.execute(DriverCommandExecutor.java:83)\r\n\tat org.openqa.selenium.remote.RemoteWebDriver.execute(RemoteWebDriver.java:552)\r\n\tat org.openqa.selenium.remote.RemoteWebDriver.findElement(RemoteWebDriver.java:323)\r\n\tat org.openqa.selenium.remote.RemoteWebDriver.findElementByCssSelector(RemoteWebDriver.java:420)\r\n\tat org.openqa.selenium.By$ByCssSelector.findElement(By.java:431)\r\n\tat org.openqa.selenium.remote.RemoteWebDriver.findElement(RemoteWebDriver.java:315)\r\n\tat org.openqa.selenium.support.ui.ExpectedConditions$6.apply(ExpectedConditions.java:182)\r\n\tat org.openqa.selenium.support.ui.ExpectedConditions$6.apply(ExpectedConditions.java:179)\r\n\tat org.openqa.selenium.support.ui.FluentWait.until(FluentWait.java:249)\r\n\t... 13 more\r\n"},{"action":"org.getopentest.base.MacroAction","actorType":"ACTOR1","args":{},"isCheckpoint":false,"description":"Login-mail-password.logueo-mail","durationMs":26428,"macro":"Login-mail-password.logueo-mail","macroStack":[],"result":"failed","segment":1,"stackTrace":"java.lang.Exception: There was an error executing macro action Login-mail-password.logueo-mail (no arguments were provided)\r\n\tat org.getopentest.base.TestActor.executeMacroActionByName(TestActor.java:2021)\r\n\tat org.getopentest.base.TestActor.executeActionByDef(TestActor.java:1745)\r\n\tat org.getopentest.base.TestActor.executeTestSegment(TestActor.java:2092)\r\n\tat org.getopentest.base.TestActor.runOneSession(TestActor.java:3077)\r\n\tat org.getopentest.base.TestActor.runOneSession(TestActor.java:3113)\r\n\tat org.getopentest.Main.main(Main.java:20)\r\nCaused by: java.lang.RuntimeException: There was an error while executing action no. 6 (org.getopentest.selenium.SendKeys) in macro Login-mail-password/logueo-mail.\nThe action definition was:\n{\n  \"action\": \"org.getopentest.selenium.SendKeys\",\n  \"args\": {\n    \"locator\": {\n      \"css\": \".materialPasswordInput_input__+0jb7  \"\n    },\n    \"text\": \"NuncaOlvidar30!\"\n  },\n  \"description\": \"Ingresar contraseña\"\n}\r\n\tat org.getopentest.base.TestActor.executeMacroActionByDef(TestActor.java:1973)\r\n\tat org.getopentest.base.TestActor.executeMacroActionByName(TestActor.java:2013)\r\n\t... 5 more\r\nCaused by: java.lang.RuntimeException: Failed executing action org.getopentest.selenium.SendKeys with arguments {\"locator\":{\"css\":\".materialPasswordInput_input__+0jb7  \"},\"text\":\"NuncaOlvidar30!\"}\r\n\tat org.getopentest.base.TestActor.executeActionByDef(TestActor.java:1872)\r\n\tat org.getopentest.base.TestActor.executeMacroActionByDef(TestActor.java:1938)\r\n\t... 6 more\r\nCaused by: java.lang.RuntimeException: java.lang.RuntimeException: Failed sending keys to element By.cssSelector: .materialPasswordInput_input__+0jb7  \r\n\tat org.getopentest.base.TestActor.executeActionByClassName(TestActor.java:1670)\r\n\tat org.getopentest.base.TestActor.executeActionByDef(TestActor.java:1749)\r\n\t... 7 more\r\nCaused by: java.lang.RuntimeException: Failed sending keys to element By.cssSelector: .materialPasswordInput_input__+0jb7  \r\n\tat org.getopentest.selenium.SendKeys.run(SendKeys.java:45)\r\n\tat org.getopentest.base.TestActor.executeAction(TestActor.java:1571)\r\n\tat org.getopentest.base.TestActor.executeActionByClassName(TestActor.java:1647)\r\n\t... 8 more\r\nCaused by: org.openqa.selenium.TimeoutException: Expected condition failed: waiting for presence of element located by: By.cssSelector: .materialPasswordInput_input__+0jb7   (tried for 10 second(s) with 500 milliseconds interval)\r\n\tat org.openqa.selenium.support.ui.WebDriverWait.timeoutException(WebDriverWait.java:95)\r\n\tat org.openqa.selenium.support.ui.FluentWait.until(FluentWait.java:272)\r\n\tat org.getopentest.selenium.core.SeleniumTestAction.getElement(SeleniumTestAction.java:58)\r\n\tat org.getopentest.selenium.core.SeleniumTestAction.getElement(SeleniumTestAction.java:50)\r\n\tat org.getopentest.selenium.SendKeys.run(SendKeys.java:25)\r\n\t... 10 more\r\nCaused by: org.openqa.selenium.InvalidSelectorException: invalid selector\nfrom javascript error: {\"status\":32,\"value\":\"An invalid or illegal selector was specified\"}\n  (Session info: chrome=130.0.6723.92)\nFor documentation on this error, please visit: https://www.seleniumhq.org/exceptions/invalid_selector_exception.html\nBuild info: version: '3.141.59', revision: 'e82be7d358', time: '2018-11-14T08:17:03'\nSystem info: host: 'DESKTOP-8V10OGQ', ip: '10.21.32.3', os.name: 'Windows 10', os.arch: 'amd64', os.version: '10.0', java.version: '11.0.22'\nDriver info: org.openqa.selenium.chrome.ChromeDriver\nCapabilities {acceptInsecureCerts: false, browserName: chrome, browserVersion: 130.0.6723.92, chrome: {chromedriverVersion: 130.0.6723.91 (53ac07678369..., userDataDir: C:\\Users\\Dell\\AppData\\Local...}, fedcm:accounts: true, goog:chromeOptions: {debuggerAddress: localhost:63926}, javascriptEnabled: true, networkConnectionEnabled: false, pageLoadStrategy: normal, platform: WINDOWS, platformName: WINDOWS, proxy: Proxy(), setWindowRect: true, strictFileInteractability: false, timeouts: {implicit: 0, pageLoad: 300000, script: 30000}, unhandledPromptBehavior: dismiss and notify, webauthn:extension:credBlob: true, webauthn:extension:largeBlob: true, webauthn:extension:minPinLength: true, webauthn:extension:prf: true, webauthn:virtualAuthenticators: true}\nSession ID: efd46b2319062084e57a904f0a2b7ace\n*** Element info: {Using=css selector, value=.materialPasswordInput_input__+0jb7  }\r\n\tat jdk.internal.reflect.GeneratedConstructorAccessor12.newInstance(Unknown Source)\r\n\tat java.base/jdk.internal.reflect.DelegatingConstructorAccessorImpl.newInstance(DelegatingConstructorAccessorImpl.java:45)\r\n\tat java.base/java.lang.reflect.Constructor.newInstance(Constructor.java:490)\r\n\tat org.openqa.selenium.remote.http.W3CHttpResponseCodec.createException(W3CHttpResponseCodec.java:187)\r\n\tat org.openqa.selenium.remote.http.W3CHttpResponseCodec.decode(W3CHttpResponseCodec.java:122)\r\n\tat org.openqa.selenium.remote.http.W3CHttpResponseCodec.decode(W3CHttpResponseCodec.java:49)\r\n\tat org.openqa.selenium.remote.HttpCommandExecutor.execute(HttpCommandExecutor.java:158)\r\n\tat org.openqa.selenium.remote.service.DriverCommandExecutor.execute(DriverCommandExecutor.java:83)\r\n\tat org.openqa.selenium.remote.RemoteWebDriver.execute(RemoteWebDriver.java:552)\r\n\tat org.openqa.selenium.remote.RemoteWebDriver.findElement(RemoteWebDriver.java:323)\r\n\tat org.openqa.selenium.remote.RemoteWebDriver.findElementByCssSelector(RemoteWebDriver.java:420)\r\n\tat org.openqa.selenium.By$ByCssSelector.findElement(By.java:431)\r\n\tat org.openqa.selenium.remote.RemoteWebDriver.findElement(RemoteWebDriver.java:315)\r\n\tat org.openqa.selenium.support.ui.ExpectedConditions$6.apply(ExpectedConditions.java:182)\r\n\tat org.openqa.selenium.support.ui.ExpectedConditions$6.apply(ExpectedConditions.java:179)\r\n\tat org.openqa.selenium.support.ui.FluentWait.until(FluentWait.java:249)\r\n\t... 13 more\r\n"}],"currentIteration":1,"currentSegmentIndex":0,"isDataDriven":false,"name":"descarga-factura-pos","path":"Descarga-factura-POS","result":"failed","status":"completed","segments":[{"index":0,"result":"passed","status":"completed","timeStarted":1730936266724,"timeCompleted":1730936266743},{"index":1,"result":"failed","status":"completed","timeStarted":1730936266757,"timeCompleted":1730936293224}],"tags":[],"timeStarted":1730936266724,"timeCompleted":1730936293224}],"timeCreated":1730936266004,"timeStarted":1730936266724,"timeCompleted":1730936293224,"lastActivity":1730936293223,"_id":"96gGbAPJp4tchvtW","actorTags":[],"environment":"","currentDataRecordIndex":-1}
{"id":1730935692,"actors":{"37798":{"id":37798,"lastSeenTime":1730935690933,"testSessionId":1730935692,"type":"ACTOR1","tags":[],"_id":"6gJRwM9BNelv2nm9","ip":"::ffff:127.0.0.1","tests":[{"currentSegmentIndex":1,"segments":[{"index":0,"status":"completed","timeStarted":1730935696954,"timeCompleted":1730935696981,"result":"passed"},{"index":1,"status":"completed","timeStarted":1730935696994,"timeCompleted":1730935722573,"result":"failed"}],"name":"descarga-factura-pos","path":"Descarga-factura-POS","timeCompleted":null,"timeStarted":1730935696954}]}},"maxIterations":"1","currentIteration":1,"currentTestIndex":1,"currentSegmentIndex":0,"label":"descarga 7","result":"failed","status":"completed","tests":[{"actions":[{"actorType":"ACTOR1","args":{},"isCheckpoint":false,"description":"Llamar a la macro de login por mail y password","durationMs":0,"macroStack":[],"result":"passed","segment":1},{"action":"org.getopentest.selenium.NavigateTo","actorType":"ACTOR1","args":{"url":"https://oneapp-uat-py.tigocloud.net"},"isCheckpoint":false,"description":"Navegar a oneApp","durationMs":9238,"macroStack":["Login-mail-password.logueo-mail"],"result":"passed","segment":1},{"action":"org.getopentest.selenium.Click","actorType":"ACTOR1","args":{"locator":{"css":".at-button-hight-emphasis"}},"isCheckpoint":false,"description":"Ingresar","durationMs":199,"macroStack":["Login-mail-password.logueo-mail"],"result":"passed","segment":1},{"action":"org.getopentest.selenium.Click","actorType":"ACTOR1","args":{"locator":{"css":"#AceptarBtn"}},"isCheckpoint":false,"description":"Aceptar términos y condiciones","durationMs":3797,"macroStack":["Login-mail-password.logueo-mail"],"result":"passed","segment":1},{"action":"org.getopentest.selenium.SendKeys","actorType":"ACTOR1","args":{"locator":{"css":".materialInput_input__Zhf5S"},"text":"fernandoaes20@gmail.com"},"isCheckpoint":false,"description":"Ingresar mail","durationMs":548,"macroStack":["Login-mail-password.logueo-mail"],"result":"passed","segment":1},{"action":"org.getopentest.selenium.Click","actorType":"ACTOR1","args":{"locator":{"css":".icon-ma-button.icon-ma-button-enable"}},"isCheckpoint":false,"description":"Click en botón de contraseña","durationMs":215,"macroStack":["Login-mail-password.logueo-mail"],"result":"passed","segment":1},{"action":"org.getopentest.selenium.SendKeys","actorType":"ACTOR1","args":{"locator":{"css":".materialPasswordInput_input__+0jb7  "},"text":"NuncaOlvidar30!"},"isCheckpoint":false,"description":"Ingresar contraseña","durationMs":11498,"macroStack":["Login-mail-password.logueo-mail"],"result":"failed","screenshot":"SID1730935692_ACTOR1_T01_SG01_ST02_error.png","segment":1,"stackTrace":"java.lang.RuntimeException: java.lang.RuntimeException: Failed sending keys to element By.cssSelector: .materialPasswordInput_input__+0jb7  \r\n\tat org.getopentest.base.TestActor.executeActionByClassName(TestActor.java:1670)\r\n\tat org.getopentest.base.TestActor.executeActionByDef(TestActor.java:1749)\r\n\tat org.getopentest.base.TestActor.executeMacroActionByDef(TestActor.java:1938)\r\n\tat org.getopentest.base.TestActor.executeMacroActionByName(TestActor.java:2013)\r\n\tat org.getopentest.base.TestActor.executeActionByDef(TestActor.java:1745)\r\n\tat org.getopentest.base.TestActor.executeTestSegment(TestActor.java:2092)\r\n\tat org.getopentest.base.TestActor.runOneSession(TestActor.java:3077)\r\n\tat org.getopentest.base.TestActor.runOneSession(TestActor.java:3113)\r\n\tat org.getopentest.Main.main(Main.java:20)\r\nCaused by: java.lang.RuntimeException: Failed sending keys to element By.cssSelector: .materialPasswordInput_input__+0jb7  \r\n\tat org.getopentest.selenium.SendKeys.run(SendKeys.java:45)\r\n\tat org.getopentest.base.TestActor.executeAction(TestActor.java:1571)\r\n\tat org.getopentest.base.TestActor.executeActionByClassName(TestActor.java:1647)\r\n\t... 8 more\r\nCaused by: org.openqa.selenium.TimeoutException: Expected condition failed: waiting for presence of element located by: By.cssSelector: .materialPasswordInput_input__+0jb7   (tried for 10 second(s) with 500 milliseconds interval)\r\n\tat org.openqa.selenium.support.ui.WebDriverWait.timeoutException(WebDriverWait.java:95)\r\n\tat org.openqa.selenium.support.ui.FluentWait.until(FluentWait.java:272)\r\n\tat org.getopentest.selenium.core.SeleniumTestAction.getElement(SeleniumTestAction.java:58)\r\n\tat org.getopentest.selenium.core.SeleniumTestAction.getElement(SeleniumTestAction.java:50)\r\n\tat org.getopentest.selenium.SendKeys.run(SendKeys.java:25)\r\n\t... 10 more\r\nCaused by: org.openqa.selenium.InvalidSelectorException: invalid selector\nfrom javascript error: {\"status\":32,\"value\":\"An invalid or illegal selector was specified\"}\n  (Session info: chrome=130.0.6723.92)\nFor documentation on this error, please visit: https://www.seleniumhq.org/exceptions/invalid_selector_exception.html\nBuild info: version: '3.141.59', revision: 'e82be7d358', time: '2018-11-14T08:17:03'\nSystem info: host: 'DESKTOP-8V10OGQ', ip: '192.168.100.7', os.name: 'Windows 10', os.arch: 'amd64', os.version: '10.0', java.version: '11.0.22'\nDriver info: org.openqa.selenium.chrome.ChromeDriver\nCapabilities {acceptInsecureCerts: false, browserName: chrome, browserVersion: 130.0.6723.92, chrome: {chromedriverVersion: 130.0.6723.91 (53ac07678369..., userDataDir: C:\\Users\\Dell\\AppData\\Local...}, fedcm:accounts: true, goog:chromeOptions: {debuggerAddress: localhost:62843}, javascriptEnabled: true, networkConnectionEnabled: false, pageLoadStrategy: normal, platform: WINDOWS, platformName: WINDOWS, proxy: Proxy(), setWindowRect: true, strictFileInteractability: false, timeouts: {implicit: 0, pageLoad: 300000, script: 30000}, unhandledPromptBehavior: dismiss and notify, webauthn:extension:credBlob: true, webauthn:extension:largeBlob: true, webauthn:extension:minPinLength: true, webauthn:extension:prf: true, webauthn:virtualAuthenticators: true}\nSession ID: db35e9a2014ae38daf156fd690e08929\n*** Element info: {Using=css selector, value=.materialPasswordInput_input__+0jb7  }\r\n\tat jdk.internal.reflect.GeneratedConstructorAccessor15.newInstance(Unknown Source)\r\n\tat java.base/jdk.internal.reflect.DelegatingConstructorAccessorImpl.newInstance(DelegatingConstructorAccessorImpl.java:45)\r\n\tat java.base/java.lang.reflect.Constructor.newInstance(Constructor.java:490)\r\n\tat org.openqa.selenium.remote.http.W3CHttpResponseCodec.createException(W3CHttpResponseCodec.java:187)\r\n\tat org.openqa.selenium.remote.http.W3CHttpResponseCodec.decode(W3CHttpResponseCodec.java:122)\r\n\tat org.openqa.selenium.remote.http.W3CHttpResponseCodec.decode(W3CHttpResponseCodec.java:49)\r\n\tat org.openqa.selenium.remote.HttpCommandExecutor.execute(HttpCommandExecutor.java:158)\r\n\tat org.openqa.selenium.remote.service.DriverCommandExecutor.execute(DriverCommandExecutor.java:83)\r\n\tat org.openqa.selenium.remote.RemoteWebDriver.execute(RemoteWebDriver.java:552)\r\n\tat org.openqa.selenium.remote.RemoteWebDriver.findElement(RemoteWebDriver.java:323)\r\n\tat org.openqa.selenium.remote.RemoteWebDriver.findElementByCssSelector(RemoteWebDriver.java:420)\r\n\tat org.openqa.selenium.By$ByCssSelector.findElement(By.java:431)\r\n\tat org.openqa.selenium.remote.RemoteWebDriver.findElement(RemoteWebDriver.java:315)\r\n\tat org.openqa.selenium.support.ui.ExpectedConditions$6.apply(ExpectedConditions.java:182)\r\n\tat org.openqa.selenium.support.ui.ExpectedConditions$6.apply(ExpectedConditions.java:179)\r\n\tat org.openqa.selenium.support.ui.FluentWait.until(FluentWait.java:249)\r\n\t... 13 more\r\n"},{"action":"org.getopentest.base.MacroAction","actorType":"ACTOR1","args":{},"isCheckpoint":false,"description":"Login-mail-password.logueo-mail","durationMs":25547,"macro":"Login-mail-password.logueo-mail","macroStack":[],"result":"failed","segment":1,"stackTrace":"java.lang.Exception: There was an error executing macro action Login-mail-password.logueo-mail (no arguments were provided)\r\n\tat org.getopentest.base.TestActor.executeMacroActionByName(TestActor.java:2021)\r\n\tat org.getopentest.base.TestActor.executeActionByDef(TestActor.java:1745)\r\n\tat org.getopentest.base.TestActor.executeTestSegment(TestActor.java:2092)\r\n\tat org.getopentest.base.TestActor.runOneSession(TestActor.java:3077)\r\n\tat org.getopentest.base.TestActor.runOneSession(TestActor.java:3113)\r\n\tat org.getopentest.Main.main(Main.java:20)\r\nCaused by: java.lang.RuntimeException: There was an error while executing action no. 6 (org.getopentest.selenium.SendKeys) in macro Login-mail-password/logueo-mail.\nThe action definition was:\n{\n  \"action\": \"org.getopentest.selenium.SendKeys\",\n  \"args\": {\n    \"locator\": {\n      \"css\": \".materialPasswordInput_input__+0jb7  \"\n    },\n    \"text\": \"NuncaOlvidar30!\"\n  },\n  \"description\": \"Ingresar contraseña\"\n}\r\n\tat org.getopentest.base.TestActor.executeMacroActionByDef(TestActor.java:1973)\r\n\tat org.getopentest.base.TestActor.executeMacroActionByName(TestActor.java:2013)\r\n\t... 5 more\r\nCaused by: java.lang.RuntimeException: Failed executing action org.getopentest.selenium.SendKeys with arguments {\"locator\":{\"css\":\".materialPasswordInput_input__+0jb7  \"},\"text\":\"NuncaOlvidar30!\"}\r\n\tat org.getopentest.base.TestActor.executeActionByDef(TestActor.java:1872)\r\n\tat org.getopentest.base.TestActor.executeMacroActionByDef(TestActor.java:1938)\r\n\t... 6 more\r\nCaused by: java.lang.RuntimeException: java.lang.RuntimeException: Failed sending keys to element By.cssSelector: .materialPasswordInput_input__+0jb7  \r\n\tat org.getopentest.base.TestActor.executeActionByClassName(TestActor.java:1670)\r\n\tat org.getopentest.base.TestActor.executeActionByDef(TestActor.java:1749)\r\n\t... 7 more\r\nCaused by: java.lang.RuntimeException: Failed sending keys to element By.cssSelector: .materialPasswordInput_input__+0jb7  \r\n\tat org.getopentest.selenium.SendKeys.run(SendKeys.java:45)\r\n\tat org.getopentest.base.TestActor.executeAction(TestActor.java:1571)\r\n\tat org.getopentest.base.TestActor.executeActionByClassName(TestActor.java:1647)\r\n\t... 8 more\r\nCaused by: org.openqa.selenium.TimeoutException: Expected condition failed: waiting for presence of element located by: By.cssSelector: .materialPasswordInput_input__+0jb7   (tried for 10 second(s) with 500 milliseconds interval)\r\n\tat org.openqa.selenium.support.ui.WebDriverWait.timeoutException(WebDriverWait.java:95)\r\n\tat org.openqa.selenium.support.ui.FluentWait.until(FluentWait.java:272)\r\n\tat org.getopentest.selenium.core.SeleniumTestAction.getElement(SeleniumTestAction.java:58)\r\n\tat org.getopentest.selenium.core.SeleniumTestAction.getElement(SeleniumTestAction.java:50)\r\n\tat org.getopentest.selenium.SendKeys.run(SendKeys.java:25)\r\n\t... 10 more\r\nCaused by: org.openqa.selenium.InvalidSelectorException: invalid selector\nfrom javascript error: {\"status\":32,\"value\":\"An invalid or illegal selector was specified\"}\n  (Session info: chrome=130.0.6723.92)\nFor documentation on this error, please visit: https://www.seleniumhq.org/exceptions/invalid_selector_exception.html\nBuild info: version: '3.141.59', revision: 'e82be7d358', time: '2018-11-14T08:17:03'\nSystem info: host: 'DESKTOP-8V10OGQ', ip: '192.168.100.7', os.name: 'Windows 10', os.arch: 'amd64', os.version: '10.0', java.version: '11.0.22'\nDriver info: org.openqa.selenium.chrome.ChromeDriver\nCapabilities {acceptInsecureCerts: false, browserName: chrome, browserVersion: 130.0.6723.92, chrome: {chromedriverVersion: 130.0.6723.91 (53ac07678369..., userDataDir: C:\\Users\\Dell\\AppData\\Local...}, fedcm:accounts: true, goog:chromeOptions: {debuggerAddress: localhost:62843}, javascriptEnabled: true, networkConnectionEnabled: false, pageLoadStrategy: normal, platform: WINDOWS, platformName: WINDOWS, proxy: Proxy(), setWindowRect: true, strictFileInteractability: false, timeouts: {implicit: 0, pageLoad: 300000, script: 30000}, unhandledPromptBehavior: dismiss and notify, webauthn:extension:credBlob: true, webauthn:extension:largeBlob: true, webauthn:extension:minPinLength: true, webauthn:extension:prf: true, webauthn:virtualAuthenticators: true}\nSession ID: db35e9a2014ae38daf156fd690e08929\n*** Element info: {Using=css selector, value=.materialPasswordInput_input__+0jb7  }\r\n\tat jdk.internal.reflect.GeneratedConstructorAccessor15.newInstance(Unknown Source)\r\n\tat java.base/jdk.internal.reflect.DelegatingConstructorAccessorImpl.newInstance(DelegatingConstructorAccessorImpl.java:45)\r\n\tat java.base/java.lang.reflect.Constructor.newInstance(Constructor.java:490)\r\n\tat org.openqa.selenium.remote.http.W3CHttpResponseCodec.createException(W3CHttpResponseCodec.java:187)\r\n\tat org.openqa.selenium.remote.http.W3CHttpResponseCodec.decode(W3CHttpResponseCodec.java:122)\r\n\tat org.openqa.selenium.remote.http.W3CHttpResponseCodec.decode(W3CHttpResponseCodec.java:49)\r\n\tat org.openqa.selenium.remote.HttpCommandExecutor.execute(HttpCommandExecutor.java:158)\r\n\tat org.openqa.selenium.remote.service.DriverCommandExecutor.execute(DriverCommandExecutor.java:83)\r\n\tat org.openqa.selenium.remote.RemoteWebDriver.execute(RemoteWebDriver.java:552)\r\n\tat org.openqa.selenium.remote.RemoteWebDriver.findElement(RemoteWebDriver.java:323)\r\n\tat org.openqa.selenium.remote.RemoteWebDriver.findElementByCssSelector(RemoteWebDriver.java:420)\r\n\tat org.openqa.selenium.By$ByCssSelector.findElement(By.java:431)\r\n\tat org.openqa.selenium.remote.RemoteWebDriver.findElement(RemoteWebDriver.java:315)\r\n\tat org.openqa.selenium.support.ui.ExpectedConditions$6.apply(ExpectedConditions.java:182)\r\n\tat org.openqa.selenium.support.ui.ExpectedConditions$6.apply(ExpectedConditions.java:179)\r\n\tat org.openqa.selenium.support.ui.FluentWait.until(FluentWait.java:249)\r\n\t... 13 more\r\n"}],"currentIteration":1,"currentSegmentIndex":0,"isDataDriven":false,"name":"descarga-factura-pos","path":"Descarga-factura-POS","result":"failed","status":"completed","segments":[{"index":0,"result":"passed","status":"completed","timeStarted":1730935696954,"timeCompleted":1730935696981},{"index":1,"result":"failed","status":"completed","timeStarted":1730935696994,"timeCompleted":1730935722573}],"tags":[],"timeStarted":1730935696954,"timeCompleted":1730935722573}],"timeCreated":1730935691615,"timeStarted":1730935696954,"timeCompleted":1730935722573,"lastActivity":1730935722572,"_id":"BCoSGhU31biBTzX0","actorTags":[],"environment":"","currentDataRecordIndex":-1}
{"id":1730935739,"actors":{"37798":{"id":37798,"lastSeenTime":1730935736103,"testSessionId":1730935739,"type":"ACTOR1","tags":[],"_id":"6gJRwM9BNelv2nm9","ip":"::ffff:127.0.0.1","tests":[{"currentSegmentIndex":1,"segments":[{"index":0,"status":"completed","timeStarted":1730935741636,"timeCompleted":1730935741663,"result":"passed"},{"index":1,"status":"completed","timeStarted":1730935741681,"timeCompleted":1730935767253,"result":"failed"}],"name":"descarga-factura-pos","path":"Descarga-factura-POS","timeCompleted":null,"timeStarted":1730935741636}]}},"maxIterations":"1","currentIteration":1,"currentTestIndex":1,"currentSegmentIndex":0,"label":"descarga 8","result":"failed","status":"completed","tests":[{"actions":[{"actorType":"ACTOR1","args":{},"isCheckpoint":false,"description":"Llamar a la macro de login por mail y password","durationMs":0,"macroStack":[],"result":"passed","segment":1},{"action":"org.getopentest.selenium.NavigateTo","actorType":"ACTOR1","args":{"url":"https://oneapp-uat-py.tigocloud.net"},"isCheckpoint":false,"description":"Navegar a oneApp","durationMs":7865,"macroStack":["Login-mail-password.logueo-mail"],"result":"passed","segment":1},{"action":"org.getopentest.selenium.Click","actorType":"ACTOR1","args":{"locator":{"css":".at-button-hight-emphasis"}},"isCheckpoint":false,"description":"Ingresar","durationMs":224,"macroStack":["Login-mail-password.logueo-mail"],"result":"passed","segment":1},{"action":"org.getopentest.selenium.Click","actorType":"ACTOR1","args":{"locator":{"css":"#AceptarBtn"}},"isCheckpoint":false,"description":"Aceptar términos y condiciones","durationMs":5110,"macroStack":["Login-mail-password.logueo-mail"],"result":"passed","segment":1},{"action":"org.getopentest.selenium.SendKeys","actorType":"ACTOR1","args":{"locator":{"css":".materialInput_input__Zhf5S"},"text":"fernandoaes20@gmail.com"},"isCheckpoint":false,"description":"Ingresar mail","durationMs":284,"macroStack":["Login-mail-password.logueo-mail"],"result":"passed","segment":1},{"action":"org.getopentest.selenium.Click","actorType":"ACTOR1","args":{"locator":{"css":".icon-ma-button.icon-ma-button-enable"}},"isCheckpoint":false,"description":"Click en botón de contraseña","durationMs":166,"macroStack":["Login-mail-password.logueo-mail"],"result":"passed","segment":1},{"action":"org.getopentest.selenium.SendKeys","actorType":"ACTOR1","args":{"locator":{"css":".materialPasswordInput_input__+0jb7"},"text":"NuncaOlvidar30!"},"isCheckpoint":false,"description":"Ingresar contraseña","durationMs":11849,"macroStack":["Login-mail-password.logueo-mail"],"result":"failed","screenshot":"SID1730935739_ACTOR1_T01_SG01_ST02_error.png","segment":1,"stackTrace":"java.lang.RuntimeException: java.lang.RuntimeException: Failed sending keys to element By.cssSelector: .materialPasswordInput_input__+0jb7\r\n\tat org.getopentest.base.TestActor.executeActionByClassName(TestActor.java:1670)\r\n\tat org.getopentest.base.TestActor.executeActionByDef(TestActor.java:1749)\r\n\tat org.getopentest.base.TestActor.executeMacroActionByDef(TestActor.java:1938)\r\n\tat org.getopentest.base.TestActor.executeMacroActionByName(TestActor.java:2013)\r\n\tat org.getopentest.base.TestActor.executeActionByDef(TestActor.java:1745)\r\n\tat org.getopentest.base.TestActor.executeTestSegment(TestActor.java:2092)\r\n\tat org.getopentest.base.TestActor.runOneSession(TestActor.java:3077)\r\n\tat org.getopentest.base.TestActor.runOneSession(TestActor.java:3113)\r\n\tat org.getopentest.Main.main(Main.java:20)\r\nCaused by: java.lang.RuntimeException: Failed sending keys to element By.cssSelector: .materialPasswordInput_input__+0jb7\r\n\tat org.getopentest.selenium.SendKeys.run(SendKeys.java:45)\r\n\tat org.getopentest.base.TestActor.executeAction(TestActor.java:1571)\r\n\tat org.getopentest.base.TestActor.executeActionByClassName(TestActor.java:1647)\r\n\t... 8 more\r\nCaused by: org.openqa.selenium.TimeoutException: Expected condition failed: waiting for presence of element located by: By.cssSelector: .materialPasswordInput_input__+0jb7 (tried for 10 second(s) with 500 milliseconds interval)\r\n\tat org.openqa.selenium.support.ui.WebDriverWait.timeoutException(WebDriverWait.java:95)\r\n\tat org.openqa.selenium.support.ui.FluentWait.until(FluentWait.java:272)\r\n\tat org.getopentest.selenium.core.SeleniumTestAction.getElement(SeleniumTestAction.java:58)\r\n\tat org.getopentest.selenium.core.SeleniumTestAction.getElement(SeleniumTestAction.java:50)\r\n\tat org.getopentest.selenium.SendKeys.run(SendKeys.java:25)\r\n\t... 10 more\r\nCaused by: org.openqa.selenium.InvalidSelectorException: invalid selector\nfrom javascript error: {\"status\":32,\"value\":\"An invalid or illegal selector was specified\"}\n  (Session info: chrome=130.0.6723.92)\nFor documentation on this error, please visit: https://www.seleniumhq.org/exceptions/invalid_selector_exception.html\nBuild info: version: '3.141.59', revision: 'e82be7d358', time: '2018-11-14T08:17:03'\nSystem info: host: 'DESKTOP-8V10OGQ', ip: '192.168.100.7', os.name: 'Windows 10', os.arch: 'amd64', os.version: '10.0', java.version: '11.0.22'\nDriver info: org.openqa.selenium.chrome.ChromeDriver\nCapabilities {acceptInsecureCerts: false, browserName: chrome, browserVersion: 130.0.6723.92, chrome: {chromedriverVersion: 130.0.6723.91 (53ac07678369..., userDataDir: C:\\Users\\Dell\\AppData\\Local...}, fedcm:accounts: true, goog:chromeOptions: {debuggerAddress: localhost:62990}, javascriptEnabled: true, networkConnectionEnabled: false, pageLoadStrategy: normal, platform: WINDOWS, platformName: WINDOWS, proxy: Proxy(), setWindowRect: true, strictFileInteractability: false, timeouts: {implicit: 0, pageLoad: 300000, script: 30000}, unhandledPromptBehavior: dismiss and notify, webauthn:extension:credBlob: true, webauthn:extension:largeBlob: true, webauthn:extension:minPinLength: true, webauthn:extension:prf: true, webauthn:virtualAuthenticators: true}\nSession ID: 778afecd102d9512d6aa450570637a60\n*** Element info: {Using=css selector, value=.materialPasswordInput_input__+0jb7}\r\n\tat jdk.internal.reflect.GeneratedConstructorAccessor15.newInstance(Unknown Source)\r\n\tat java.base/jdk.internal.reflect.DelegatingConstructorAccessorImpl.newInstance(DelegatingConstructorAccessorImpl.java:45)\r\n\tat java.base/java.lang.reflect.Constructor.newInstance(Constructor.java:490)\r\n\tat org.openqa.selenium.remote.http.W3CHttpResponseCodec.createException(W3CHttpResponseCodec.java:187)\r\n\tat org.openqa.selenium.remote.http.W3CHttpResponseCodec.decode(W3CHttpResponseCodec.java:122)\r\n\tat org.openqa.selenium.remote.http.W3CHttpResponseCodec.decode(W3CHttpResponseCodec.java:49)\r\n\tat org.openqa.selenium.remote.HttpCommandExecutor.execute(HttpCommandExecutor.java:158)\r\n\tat org.openqa.selenium.remote.service.DriverCommandExecutor.execute(DriverCommandExecutor.java:83)\r\n\tat org.openqa.selenium.remote.RemoteWebDriver.execute(RemoteWebDriver.java:552)\r\n\tat org.openqa.selenium.remote.RemoteWebDriver.findElement(RemoteWebDriver.java:323)\r\n\tat org.openqa.selenium.remote.RemoteWebDriver.findElementByCssSelector(RemoteWebDriver.java:420)\r\n\tat org.openqa.selenium.By$ByCssSelector.findElement(By.java:431)\r\n\tat org.openqa.selenium.remote.RemoteWebDriver.findElement(RemoteWebDriver.java:315)\r\n\tat org.openqa.selenium.support.ui.ExpectedConditions$6.apply(ExpectedConditions.java:182)\r\n\tat org.openqa.selenium.support.ui.ExpectedConditions$6.apply(ExpectedConditions.java:179)\r\n\tat org.openqa.selenium.support.ui.FluentWait.until(FluentWait.java:249)\r\n\t... 13 more\r\n"},{"action":"org.getopentest.base.MacroAction","actorType":"ACTOR1","args":{},"isCheckpoint":false,"description":"Login-mail-password.logueo-mail","durationMs":25550,"macro":"Login-mail-password.logueo-mail","macroStack":[],"result":"failed","segment":1,"stackTrace":"java.lang.Exception: There was an error executing macro action Login-mail-password.logueo-mail (no arguments were provided)\r\n\tat org.getopentest.base.TestActor.executeMacroActionByName(TestActor.java:2021)\r\n\tat org.getopentest.base.TestActor.executeActionByDef(TestActor.java:1745)\r\n\tat org.getopentest.base.TestActor.executeTestSegment(TestActor.java:2092)\r\n\tat org.getopentest.base.TestActor.runOneSession(TestActor.java:3077)\r\n\tat org.getopentest.base.TestActor.runOneSession(TestActor.java:3113)\r\n\tat org.getopentest.Main.main(Main.java:20)\r\nCaused by: java.lang.RuntimeException: There was an error while executing action no. 6 (org.getopentest.selenium.SendKeys) in macro Login-mail-password/logueo-mail.\nThe action definition was:\n{\n  \"action\": \"org.getopentest.selenium.SendKeys\",\n  \"args\": {\n    \"locator\": {\n      \"css\": \".materialPasswordInput_input__+0jb7\"\n    },\n    \"text\": \"NuncaOlvidar30!\"\n  },\n  \"description\": \"Ingresar contraseña\"\n}\r\n\tat org.getopentest.base.TestActor.executeMacroActionByDef(TestActor.java:1973)\r\n\tat org.getopentest.base.TestActor.executeMacroActionByName(TestActor.java:2013)\r\n\t... 5 more\r\nCaused by: java.lang.RuntimeException: Failed executing action org.getopentest.selenium.SendKeys with arguments {\"locator\":{\"css\":\".materialPasswordInput_input__+0jb7\"},\"text\":\"NuncaOlvidar30!\"}\r\n\tat org.getopentest.base.TestActor.executeActionByDef(TestActor.java:1872)\r\n\tat org.getopentest.base.TestActor.executeMacroActionByDef(TestActor.java:1938)\r\n\t... 6 more\r\nCaused by: java.lang.RuntimeException: java.lang.RuntimeException: Failed sending keys to element By.cssSelector: .materialPasswordInput_input__+0jb7\r\n\tat org.getopentest.base.TestActor.executeActionByClassName(TestActor.java:1670)\r\n\tat org.getopentest.base.TestActor.executeActionByDef(TestActor.java:1749)\r\n\t... 7 more\r\nCaused by: java.lang.RuntimeException: Failed sending keys to element By.cssSelector: .materialPasswordInput_input__+0jb7\r\n\tat org.getopentest.selenium.SendKeys.run(SendKeys.java:45)\r\n\tat org.getopentest.base.TestActor.executeAction(TestActor.java:1571)\r\n\tat org.getopentest.base.TestActor.executeActionByClassName(TestActor.java:1647)\r\n\t... 8 more\r\nCaused by: org.openqa.selenium.TimeoutException: Expected condition failed: waiting for presence of element located by: By.cssSelector: .materialPasswordInput_input__+0jb7 (tried for 10 second(s) with 500 milliseconds interval)\r\n\tat org.openqa.selenium.support.ui.WebDriverWait.timeoutException(WebDriverWait.java:95)\r\n\tat org.openqa.selenium.support.ui.FluentWait.until(FluentWait.java:272)\r\n\tat org.getopentest.selenium.core.SeleniumTestAction.getElement(SeleniumTestAction.java:58)\r\n\tat org.getopentest.selenium.core.SeleniumTestAction.getElement(SeleniumTestAction.java:50)\r\n\tat org.getopentest.selenium.SendKeys.run(SendKeys.java:25)\r\n\t... 10 more\r\nCaused by: org.openqa.selenium.InvalidSelectorException: invalid selector\nfrom javascript error: {\"status\":32,\"value\":\"An invalid or illegal selector was specified\"}\n  (Session info: chrome=130.0.6723.92)\nFor documentation on this error, please visit: https://www.seleniumhq.org/exceptions/invalid_selector_exception.html\nBuild info: version: '3.141.59', revision: 'e82be7d358', time: '2018-11-14T08:17:03'\nSystem info: host: 'DESKTOP-8V10OGQ', ip: '192.168.100.7', os.name: 'Windows 10', os.arch: 'amd64', os.version: '10.0', java.version: '11.0.22'\nDriver info: org.openqa.selenium.chrome.ChromeDriver\nCapabilities {acceptInsecureCerts: false, browserName: chrome, browserVersion: 130.0.6723.92, chrome: {chromedriverVersion: 130.0.6723.91 (53ac07678369..., userDataDir: C:\\Users\\Dell\\AppData\\Local...}, fedcm:accounts: true, goog:chromeOptions: {debuggerAddress: localhost:62990}, javascriptEnabled: true, networkConnectionEnabled: false, pageLoadStrategy: normal, platform: WINDOWS, platformName: WINDOWS, proxy: Proxy(), setWindowRect: true, strictFileInteractability: false, timeouts: {implicit: 0, pageLoad: 300000, script: 30000}, unhandledPromptBehavior: dismiss and notify, webauthn:extension:credBlob: true, webauthn:extension:largeBlob: true, webauthn:extension:minPinLength: true, webauthn:extension:prf: true, webauthn:virtualAuthenticators: true}\nSession ID: 778afecd102d9512d6aa450570637a60\n*** Element info: {Using=css selector, value=.materialPasswordInput_input__+0jb7}\r\n\tat jdk.internal.reflect.GeneratedConstructorAccessor15.newInstance(Unknown Source)\r\n\tat java.base/jdk.internal.reflect.DelegatingConstructorAccessorImpl.newInstance(DelegatingConstructorAccessorImpl.java:45)\r\n\tat java.base/java.lang.reflect.Constructor.newInstance(Constructor.java:490)\r\n\tat org.openqa.selenium.remote.http.W3CHttpResponseCodec.createException(W3CHttpResponseCodec.java:187)\r\n\tat org.openqa.selenium.remote.http.W3CHttpResponseCodec.decode(W3CHttpResponseCodec.java:122)\r\n\tat org.openqa.selenium.remote.http.W3CHttpResponseCodec.decode(W3CHttpResponseCodec.java:49)\r\n\tat org.openqa.selenium.remote.HttpCommandExecutor.execute(HttpCommandExecutor.java:158)\r\n\tat org.openqa.selenium.remote.service.DriverCommandExecutor.execute(DriverCommandExecutor.java:83)\r\n\tat org.openqa.selenium.remote.RemoteWebDriver.execute(RemoteWebDriver.java:552)\r\n\tat org.openqa.selenium.remote.RemoteWebDriver.findElement(RemoteWebDriver.java:323)\r\n\tat org.openqa.selenium.remote.RemoteWebDriver.findElementByCssSelector(RemoteWebDriver.java:420)\r\n\tat org.openqa.selenium.By$ByCssSelector.findElement(By.java:431)\r\n\tat org.openqa.selenium.remote.RemoteWebDriver.findElement(RemoteWebDriver.java:315)\r\n\tat org.openqa.selenium.support.ui.ExpectedConditions$6.apply(ExpectedConditions.java:182)\r\n\tat org.openqa.selenium.support.ui.ExpectedConditions$6.apply(ExpectedConditions.java:179)\r\n\tat org.openqa.selenium.support.ui.FluentWait.until(FluentWait.java:249)\r\n\t... 13 more\r\n"}],"currentIteration":1,"currentSegmentIndex":0,"isDataDriven":false,"name":"descarga-factura-pos","path":"Descarga-factura-POS","result":"failed","status":"completed","segments":[{"index":0,"result":"passed","status":"completed","timeStarted":1730935741636,"timeCompleted":1730935741663},{"index":1,"result":"failed","status":"completed","timeStarted":1730935741681,"timeCompleted":1730935767253}],"tags":[],"timeStarted":1730935741636,"timeCompleted":1730935767253}],"timeCreated":1730935739498,"timeStarted":1730935741636,"timeCompleted":1730935767253,"lastActivity":1730935767252,"_id":"ISQ7xNTDL8oestSk","actorTags":[],"environment":"","currentDataRecordIndex":-1}
{"id":1730936577,"actors":{"49615":{"id":49615,"lastSeenTime":1730936572475,"testSessionId":1730936577,"type":"ACTOR1","tags":[],"_id":"BRJjFVAIGFQYcDM6","ip":"::ffff:127.0.0.1","tests":[{"currentSegmentIndex":1,"segments":[{"index":0,"status":"completed","timeStarted":1730936577847,"timeCompleted":1730936577875,"result":"passed"},{"index":1,"status":"completed","timeStarted":1730936577895,"timeCompleted":1730936590728,"result":"passed"}],"name":"descarga-factura-pos","path":"Descarga-factura-POS","timeCompleted":null,"timeStarted":1730936577847}]}},"maxIterations":"1","currentIteration":1,"currentTestIndex":1,"currentSegmentIndex":0,"label":"descarga 16","result":"passed","status":"completed","tests":[{"actions":[{"actorType":"ACTOR1","args":{},"isCheckpoint":false,"description":"Llamar a la macro de login por mail y password","durationMs":0,"macroStack":[],"result":"passed","segment":1},{"action":"org.getopentest.selenium.NavigateTo","actorType":"ACTOR1","args":{"url":"https://oneapp-uat-py.tigocloud.net"},"isCheckpoint":false,"description":"Navegar a oneApp","durationMs":8055,"macroStack":["Login-mail-password.logueo-mail"],"result":"passed","segment":1},{"action":"org.getopentest.selenium.Click","actorType":"ACTOR1","args":{"locator":{"css":".at-button-hight-emphasis"}},"isCheckpoint":false,"description":"Ingresar","durationMs":214,"macroStack":["Login-mail-password.logueo-mail"],"result":"passed","segment":1},{"action":"org.getopentest.selenium.Click","actorType":"ACTOR1","args":{"locator":{"css":"#AceptarBtn"}},"isCheckpoint":false,"description":"Aceptar términos y condiciones","durationMs":3675,"macroStack":["Login-mail-password.logueo-mail"],"result":"passed","segment":1},{"action":"org.getopentest.selenium.SendKeys","actorType":"ACTOR1","args":{"locator":{"css":".materialInput_input__Zhf5S"},"text":"fernandoaes20@gmail.com"},"isCheckpoint":false,"description":"Ingresar mail","durationMs":311,"macroStack":["Login-mail-password.logueo-mail"],"result":"passed","segment":1},{"action":"org.getopentest.selenium.Click","actorType":"ACTOR1","args":{"locator":{"css":".icon-ma-button.icon-ma-button-enable"}},"isCheckpoint":false,"description":"Click en botón de contraseña","durationMs":174,"macroStack":["Login-mail-password.logueo-mail"],"result":"passed","segment":1},{"action":"org.getopentest.selenium.SendKeys","actorType":"ACTOR1","args":{"locator":{"css":"input[type='password']"},"text":"NuncaOlvidar30!"},"isCheckpoint":false,"description":"Ingresar contraseña","durationMs":169,"macroStack":["Login-mail-password.logueo-mail"],"result":"passed","segment":1},{"action":"org.getopentest.selenium.Click","actorType":"ACTOR1","args":{"locator":{"xpath":"//*[@id=\"root\"]/div/div/div/div[2]/div[6]/div[1]/button/span"}},"isCheckpoint":false,"description":"Click ingresar","durationMs":147,"macroStack":["Login-mail-password.logueo-mail"],"result":"passed","segment":1},{"action":"org.getopentest.base.MacroAction","actorType":"ACTOR1","args":{},"isCheckpoint":false,"description":"Login-mail-password.logueo-mail","durationMs":12811,"macro":"Login-mail-password.logueo-mail","macroStack":[],"result":"passed","segment":1}],"currentIteration":1,"currentSegmentIndex":0,"isDataDriven":false,"name":"descarga-factura-pos","path":"Descarga-factura-POS","result":"passed","status":"completed","segments":[{"index":0,"result":"passed","status":"completed","timeStarted":1730936577847,"timeCompleted":1730936577875},{"index":1,"result":"passed","status":"completed","timeStarted":1730936577895,"timeCompleted":1730936590728}],"tags":[],"timeStarted":1730936577847,"timeCompleted":1730936590728}],"timeCreated":1730936576803,"timeStarted":1730936577847,"timeCompleted":1730936590728,"lastActivity":1730936590727,"_id":"JbBGWkNjSJoH6NCL","actorTags":[],"environment":"","currentDataRecordIndex":-1}
{"id":1730936449,"actors":{"49615":{"id":49615,"lastSeenTime":1730936446950,"testSessionId":1730936449,"type":"ACTOR1","tags":[],"_id":"BRJjFVAIGFQYcDM6","ip":"::ffff:127.0.0.1","tests":[{"currentSegmentIndex":1,"segments":[{"index":0,"status":"completed","timeStarted":1730936452645,"timeCompleted":1730936452658,"result":"passed"},{"index":1,"status":"completed","timeStarted":1730936452675,"timeCompleted":1730936476841,"result":"failed"}],"name":"descarga-factura-pos","path":"Descarga-factura-POS","timeCompleted":null,"timeStarted":1730936452645}]}},"maxIterations":"1","currentIteration":1,"currentTestIndex":1,"currentSegmentIndex":0,"label":"descarga 13","result":"failed","status":"completed","tests":[{"actions":[{"actorType":"ACTOR1","args":{},"isCheckpoint":false,"description":"Llamar a la macro de login por mail y password","durationMs":0,"macroStack":[],"result":"passed","segment":1},{"action":"org.getopentest.selenium.NavigateTo","actorType":"ACTOR1","args":{"url":"https://oneapp-uat-py.tigocloud.net"},"isCheckpoint":false,"description":"Navegar a oneApp","durationMs":8188,"macroStack":["Login-mail-password.logueo-mail"],"result":"passed","segment":1},{"action":"org.getopentest.selenium.Click","actorType":"ACTOR1","args":{"locator":{"css":".at-button-hight-emphasis"}},"isCheckpoint":false,"description":"Ingresar","durationMs":215,"macroStack":["Login-mail-password.logueo-mail"],"result":"passed","segment":1},{"action":"org.getopentest.selenium.Click","actorType":"ACTOR1","args":{"locator":{"css":"#AceptarBtn"}},"isCheckpoint":false,"description":"Aceptar términos y condiciones","durationMs":3668,"macroStack":["Login-mail-password.logueo-mail"],"result":"passed","segment":1},{"action":"org.getopentest.selenium.SendKeys","actorType":"ACTOR1","args":{"locator":{"css":".materialInput_input__Zhf5S"},"text":"fernandoaes20@gmail.com"},"isCheckpoint":false,"description":"Ingresar mail","durationMs":296,"macroStack":["Login-mail-password.logueo-mail"],"result":"passed","segment":1},{"action":"org.getopentest.selenium.Click","actorType":"ACTOR1","args":{"locator":{"css":".icon-ma-button.icon-ma-button-enable"}},"isCheckpoint":false,"description":"Click en botón de contraseña","durationMs":150,"macroStack":["Login-mail-password.logueo-mail"],"result":"passed","segment":1},{"action":"org.getopentest.selenium.SendKeys","actorType":"ACTOR1","args":{"locator":{"css":".materialPasswordInput_input__//+0jb7  "},"text":"NuncaOlvidar30!"},"isCheckpoint":false,"description":"Ingresar contraseña","durationMs":11607,"macroStack":["Login-mail-password.logueo-mail"],"result":"failed","screenshot":"SID1730936449_ACTOR1_T01_SG01_ST02_error.png","segment":1,"stackTrace":"java.lang.RuntimeException: java.lang.RuntimeException: Failed sending keys to element By.cssSelector: .materialPasswordInput_input__//+0jb7  \r\n\tat org.getopentest.base.TestActor.executeActionByClassName(TestActor.java:1670)\r\n\tat org.getopentest.base.TestActor.executeActionByDef(TestActor.java:1749)\r\n\tat org.getopentest.base.TestActor.executeMacroActionByDef(TestActor.java:1938)\r\n\tat org.getopentest.base.TestActor.executeMacroActionByName(TestActor.java:2013)\r\n\tat org.getopentest.base.TestActor.executeActionByDef(TestActor.java:1745)\r\n\tat org.getopentest.base.TestActor.executeTestSegment(TestActor.java:2092)\r\n\tat org.getopentest.base.TestActor.runOneSession(TestActor.java:3077)\r\n\tat org.getopentest.base.TestActor.runOneSession(TestActor.java:3113)\r\n\tat org.getopentest.Main.main(Main.java:20)\r\nCaused by: java.lang.RuntimeException: Failed sending keys to element By.cssSelector: .materialPasswordInput_input__//+0jb7  \r\n\tat org.getopentest.selenium.SendKeys.run(SendKeys.java:45)\r\n\tat org.getopentest.base.TestActor.executeAction(TestActor.java:1571)\r\n\tat org.getopentest.base.TestActor.executeActionByClassName(TestActor.java:1647)\r\n\t... 8 more\r\nCaused by: org.openqa.selenium.TimeoutException: Expected condition failed: waiting for presence of element located by: By.cssSelector: .materialPasswordInput_input__//+0jb7   (tried for 10 second(s) with 500 milliseconds interval)\r\n\tat org.openqa.selenium.support.ui.WebDriverWait.timeoutException(WebDriverWait.java:95)\r\n\tat org.openqa.selenium.support.ui.FluentWait.until(FluentWait.java:272)\r\n\tat org.getopentest.selenium.core.SeleniumTestAction.getElement(SeleniumTestAction.java:58)\r\n\tat org.getopentest.selenium.core.SeleniumTestAction.getElement(SeleniumTestAction.java:50)\r\n\tat org.getopentest.selenium.SendKeys.run(SendKeys.java:25)\r\n\t... 10 more\r\nCaused by: org.openqa.selenium.InvalidSelectorException: invalid selector\nfrom javascript error: {\"status\":32,\"value\":\"An invalid or illegal selector was specified\"}\n  (Session info: chrome=130.0.6723.92)\nFor documentation on this error, please visit: https://www.seleniumhq.org/exceptions/invalid_selector_exception.html\nBuild info: version: '3.141.59', revision: 'e82be7d358', time: '2018-11-14T08:17:03'\nSystem info: host: 'DESKTOP-8V10OGQ', ip: '10.21.32.3', os.name: 'Windows 10', os.arch: 'amd64', os.version: '10.0', java.version: '11.0.22'\nDriver info: org.openqa.selenium.chrome.ChromeDriver\nCapabilities {acceptInsecureCerts: false, browserName: chrome, browserVersion: 130.0.6723.92, chrome: {chromedriverVersion: 130.0.6723.91 (53ac07678369..., userDataDir: C:\\Users\\Dell\\AppData\\Local...}, fedcm:accounts: true, goog:chromeOptions: {debuggerAddress: localhost:64231}, javascriptEnabled: true, networkConnectionEnabled: false, pageLoadStrategy: normal, platform: WINDOWS, platformName: WINDOWS, proxy: Proxy(), setWindowRect: true, strictFileInteractability: false, timeouts: {implicit: 0, pageLoad: 300000, script: 30000}, unhandledPromptBehavior: dismiss and notify, webauthn:extension:credBlob: true, webauthn:extension:largeBlob: true, webauthn:extension:minPinLength: true, webauthn:extension:prf: true, webauthn:virtualAuthenticators: true}\nSession ID: 357373f56b14ffa1f31afb5003e8cdf8\n*** Element info: {Using=css selector, value=.materialPasswordInput_input__//+0jb7  }\r\n\tat jdk.internal.reflect.GeneratedConstructorAccessor12.newInstance(Unknown Source)\r\n\tat java.base/jdk.internal.reflect.DelegatingConstructorAccessorImpl.newInstance(DelegatingConstructorAccessorImpl.java:45)\r\n\tat java.base/java.lang.reflect.Constructor.newInstance(Constructor.java:490)\r\n\tat org.openqa.selenium.remote.http.W3CHttpResponseCodec.createException(W3CHttpResponseCodec.java:187)\r\n\tat org.openqa.selenium.remote.http.W3CHttpResponseCodec.decode(W3CHttpResponseCodec.java:122)\r\n\tat org.openqa.selenium.remote.http.W3CHttpResponseCodec.decode(W3CHttpResponseCodec.java:49)\r\n\tat org.openqa.selenium.remote.HttpCommandExecutor.execute(HttpCommandExecutor.java:158)\r\n\tat org.openqa.selenium.remote.service.DriverCommandExecutor.execute(DriverCommandExecutor.java:83)\r\n\tat org.openqa.selenium.remote.RemoteWebDriver.execute(RemoteWebDriver.java:552)\r\n\tat org.openqa.selenium.remote.RemoteWebDriver.findElement(RemoteWebDriver.java:323)\r\n\tat org.openqa.selenium.remote.RemoteWebDriver.findElementByCssSelector(RemoteWebDriver.java:420)\r\n\tat org.openqa.selenium.By$ByCssSelector.findElement(By.java:431)\r\n\tat org.openqa.selenium.remote.RemoteWebDriver.findElement(RemoteWebDriver.java:315)\r\n\tat org.openqa.selenium.support.ui.ExpectedConditions$6.apply(ExpectedConditions.java:182)\r\n\tat org.openqa.selenium.support.ui.ExpectedConditions$6.apply(ExpectedConditions.java:179)\r\n\tat org.openqa.selenium.support.ui.FluentWait.until(FluentWait.java:249)\r\n\t... 13 more\r\n"},{"action":"org.getopentest.base.MacroAction","actorType":"ACTOR1","args":{},"isCheckpoint":false,"description":"Login-mail-password.logueo-mail","durationMs":24147,"macro":"Login-mail-password.logueo-mail","macroStack":[],"result":"failed","segment":1,"stackTrace":"java.lang.Exception: There was an error executing macro action Login-mail-password.logueo-mail (no arguments were provided)\r\n\tat org.getopentest.base.TestActor.executeMacroActionByName(TestActor.java:2021)\r\n\tat org.getopentest.base.TestActor.executeActionByDef(TestActor.java:1745)\r\n\tat org.getopentest.base.TestActor.executeTestSegment(TestActor.java:2092)\r\n\tat org.getopentest.base.TestActor.runOneSession(TestActor.java:3077)\r\n\tat org.getopentest.base.TestActor.runOneSession(TestActor.java:3113)\r\n\tat org.getopentest.Main.main(Main.java:20)\r\nCaused by: java.lang.RuntimeException: There was an error while executing action no. 6 (org.getopentest.selenium.SendKeys) in macro Login-mail-password/logueo-mail.\nThe action definition was:\n{\n  \"action\": \"org.getopentest.selenium.SendKeys\",\n  \"args\": {\n    \"locator\": {\n      \"css\": \".materialPasswordInput_input__//+0jb7  \"\n    },\n    \"text\": \"NuncaOlvidar30!\"\n  },\n  \"description\": \"Ingresar contraseña\"\n}\r\n\tat org.getopentest.base.TestActor.executeMacroActionByDef(TestActor.java:1973)\r\n\tat org.getopentest.base.TestActor.executeMacroActionByName(TestActor.java:2013)\r\n\t... 5 more\r\nCaused by: java.lang.RuntimeException: Failed executing action org.getopentest.selenium.SendKeys with arguments {\"locator\":{\"css\":\".materialPasswordInput_input__//+0jb7  \"},\"text\":\"NuncaOlvidar30!\"}\r\n\tat org.getopentest.base.TestActor.executeActionByDef(TestActor.java:1872)\r\n\tat org.getopentest.base.TestActor.executeMacroActionByDef(TestActor.java:1938)\r\n\t... 6 more\r\nCaused by: java.lang.RuntimeException: java.lang.RuntimeException: Failed sending keys to element By.cssSelector: .materialPasswordInput_input__//+0jb7  \r\n\tat org.getopentest.base.TestActor.executeActionByClassName(TestActor.java:1670)\r\n\tat org.getopentest.base.TestActor.executeActionByDef(TestActor.java:1749)\r\n\t... 7 more\r\nCaused by: java.lang.RuntimeException: Failed sending keys to element By.cssSelector: .materialPasswordInput_input__//+0jb7  \r\n\tat org.getopentest.selenium.SendKeys.run(SendKeys.java:45)\r\n\tat org.getopentest.base.TestActor.executeAction(TestActor.java:1571)\r\n\tat org.getopentest.base.TestActor.executeActionByClassName(TestActor.java:1647)\r\n\t... 8 more\r\nCaused by: org.openqa.selenium.TimeoutException: Expected condition failed: waiting for presence of element located by: By.cssSelector: .materialPasswordInput_input__//+0jb7   (tried for 10 second(s) with 500 milliseconds interval)\r\n\tat org.openqa.selenium.support.ui.WebDriverWait.timeoutException(WebDriverWait.java:95)\r\n\tat org.openqa.selenium.support.ui.FluentWait.until(FluentWait.java:272)\r\n\tat org.getopentest.selenium.core.SeleniumTestAction.getElement(SeleniumTestAction.java:58)\r\n\tat org.getopentest.selenium.core.SeleniumTestAction.getElement(SeleniumTestAction.java:50)\r\n\tat org.getopentest.selenium.SendKeys.run(SendKeys.java:25)\r\n\t... 10 more\r\nCaused by: org.openqa.selenium.InvalidSelectorException: invalid selector\nfrom javascript error: {\"status\":32,\"value\":\"An invalid or illegal selector was specified\"}\n  (Session info: chrome=130.0.6723.92)\nFor documentation on this error, please visit: https://www.seleniumhq.org/exceptions/invalid_selector_exception.html\nBuild info: version: '3.141.59', revision: 'e82be7d358', time: '2018-11-14T08:17:03'\nSystem info: host: 'DESKTOP-8V10OGQ', ip: '10.21.32.3', os.name: 'Windows 10', os.arch: 'amd64', os.version: '10.0', java.version: '11.0.22'\nDriver info: org.openqa.selenium.chrome.ChromeDriver\nCapabilities {acceptInsecureCerts: false, browserName: chrome, browserVersion: 130.0.6723.92, chrome: {chromedriverVersion: 130.0.6723.91 (53ac07678369..., userDataDir: C:\\Users\\Dell\\AppData\\Local...}, fedcm:accounts: true, goog:chromeOptions: {debuggerAddress: localhost:64231}, javascriptEnabled: true, networkConnectionEnabled: false, pageLoadStrategy: normal, platform: WINDOWS, platformName: WINDOWS, proxy: Proxy(), setWindowRect: true, strictFileInteractability: false, timeouts: {implicit: 0, pageLoad: 300000, script: 30000}, unhandledPromptBehavior: dismiss and notify, webauthn:extension:credBlob: true, webauthn:extension:largeBlob: true, webauthn:extension:minPinLength: true, webauthn:extension:prf: true, webauthn:virtualAuthenticators: true}\nSession ID: 357373f56b14ffa1f31afb5003e8cdf8\n*** Element info: {Using=css selector, value=.materialPasswordInput_input__//+0jb7  }\r\n\tat jdk.internal.reflect.GeneratedConstructorAccessor12.newInstance(Unknown Source)\r\n\tat java.base/jdk.internal.reflect.DelegatingConstructorAccessorImpl.newInstance(DelegatingConstructorAccessorImpl.java:45)\r\n\tat java.base/java.lang.reflect.Constructor.newInstance(Constructor.java:490)\r\n\tat org.openqa.selenium.remote.http.W3CHttpResponseCodec.createException(W3CHttpResponseCodec.java:187)\r\n\tat org.openqa.selenium.remote.http.W3CHttpResponseCodec.decode(W3CHttpResponseCodec.java:122)\r\n\tat org.openqa.selenium.remote.http.W3CHttpResponseCodec.decode(W3CHttpResponseCodec.java:49)\r\n\tat org.openqa.selenium.remote.HttpCommandExecutor.execute(HttpCommandExecutor.java:158)\r\n\tat org.openqa.selenium.remote.service.DriverCommandExecutor.execute(DriverCommandExecutor.java:83)\r\n\tat org.openqa.selenium.remote.RemoteWebDriver.execute(RemoteWebDriver.java:552)\r\n\tat org.openqa.selenium.remote.RemoteWebDriver.findElement(RemoteWebDriver.java:323)\r\n\tat org.openqa.selenium.remote.RemoteWebDriver.findElementByCssSelector(RemoteWebDriver.java:420)\r\n\tat org.openqa.selenium.By$ByCssSelector.findElement(By.java:431)\r\n\tat org.openqa.selenium.remote.RemoteWebDriver.findElement(RemoteWebDriver.java:315)\r\n\tat org.openqa.selenium.support.ui.ExpectedConditions$6.apply(ExpectedConditions.java:182)\r\n\tat org.openqa.selenium.support.ui.ExpectedConditions$6.apply(ExpectedConditions.java:179)\r\n\tat org.openqa.selenium.support.ui.FluentWait.until(FluentWait.java:249)\r\n\t... 13 more\r\n"}],"currentIteration":1,"currentSegmentIndex":0,"isDataDriven":false,"name":"descarga-factura-pos","path":"Descarga-factura-POS","result":"failed","status":"completed","segments":[{"index":0,"result":"passed","status":"completed","timeStarted":1730936452645,"timeCompleted":1730936452658},{"index":1,"result":"failed","status":"completed","timeStarted":1730936452675,"timeCompleted":1730936476841}],"tags":[],"timeStarted":1730936452645,"timeCompleted":1730936476841}],"timeCreated":1730936449189,"timeStarted":1730936452645,"timeCompleted":1730936476841,"lastActivity":1730936476840,"_id":"JnovkomvK235BmPA","actorTags":[],"environment":"","currentDataRecordIndex":-1}
{"id":1730935266,"actors":{"37798":{"id":37798,"lastSeenTime":1730935264190,"testSessionId":1730935266,"type":"ACTOR1","tags":[],"_id":"6gJRwM9BNelv2nm9","ip":"::ffff:127.0.0.1","tests":[{"currentSegmentIndex":1,"segments":[{"index":0,"status":"completed","timeStarted":1730935270155,"timeCompleted":1730935270169,"result":"passed"},{"index":1,"status":"completed","timeStarted":1730935270194,"timeCompleted":1730935294712,"result":"failed"}],"name":"descarga-factura-pos","path":"Descarga-factura-POS","timeCompleted":null,"timeStarted":1730935270155}]}},"maxIterations":"1","currentIteration":1,"currentTestIndex":1,"currentSegmentIndex":0,"label":"descarga 4","result":"failed","status":"completed","tests":[{"actions":[{"actorType":"ACTOR1","args":{},"isCheckpoint":false,"description":"Llamar a la macro de login por mail y password","durationMs":0,"macroStack":[],"result":"passed","segment":1},{"action":"org.getopentest.selenium.NavigateTo","actorType":"ACTOR1","args":{"url":"https://oneapp-uat-py.tigocloud.net"},"isCheckpoint":false,"description":"Navegar a oneApp","durationMs":8765,"macroStack":["Login-mail-password.logueo-mail"],"result":"passed","segment":1},{"action":"org.getopentest.selenium.Click","actorType":"ACTOR1","args":{"locator":{"css":".at-button-hight-emphasis"}},"isCheckpoint":false,"description":"Ingresar","durationMs":213,"macroStack":["Login-mail-password.logueo-mail"],"result":"passed","segment":1},{"action":"org.getopentest.selenium.Click","actorType":"ACTOR1","args":{"locator":{"css":"#AceptarBtn"}},"isCheckpoint":false,"description":"Aceptar términos y condiciones","durationMs":3848,"macroStack":["Login-mail-password.logueo-mail"],"result":"passed","segment":1},{"action":"org.getopentest.selenium.SendKeys","actorType":"ACTOR1","args":{"locator":{"id":"#email"},"text":"fernandoaes20@gmail.com"},"isCheckpoint":false,"description":"Ingresar mail","durationMs":11610,"macroStack":["Login-mail-password.logueo-mail"],"result":"failed","screenshot":"SID1730935266_ACTOR1_T01_SG01_ST02_error.png","segment":1,"stackTrace":"java.lang.RuntimeException: java.lang.RuntimeException: Failed sending keys to element By.id: #email\r\n\tat org.getopentest.base.TestActor.executeActionByClassName(TestActor.java:1670)\r\n\tat org.getopentest.base.TestActor.executeActionByDef(TestActor.java:1749)\r\n\tat org.getopentest.base.TestActor.executeMacroActionByDef(TestActor.java:1938)\r\n\tat org.getopentest.base.TestActor.executeMacroActionByName(TestActor.java:2013)\r\n\tat org.getopentest.base.TestActor.executeActionByDef(TestActor.java:1745)\r\n\tat org.getopentest.base.TestActor.executeTestSegment(TestActor.java:2092)\r\n\tat org.getopentest.base.TestActor.runOneSession(TestActor.java:3077)\r\n\tat org.getopentest.base.TestActor.runOneSession(TestActor.java:3113)\r\n\tat org.getopentest.Main.main(Main.java:20)\r\nCaused by: java.lang.RuntimeException: Failed sending keys to element By.id: #email\r\n\tat org.getopentest.selenium.SendKeys.run(SendKeys.java:45)\r\n\tat org.getopentest.base.TestActor.executeAction(TestActor.java:1571)\r\n\tat org.getopentest.base.TestActor.executeActionByClassName(TestActor.java:1647)\r\n\t... 8 more\r\nCaused by: org.openqa.selenium.TimeoutException: Expected condition failed: waiting for presence of element located by: By.id: #email (tried for 10 second(s) with 500 milliseconds interval)\r\n\tat org.openqa.selenium.support.ui.WebDriverWait.timeoutException(WebDriverWait.java:95)\r\n\tat org.openqa.selenium.support.ui.FluentWait.until(FluentWait.java:272)\r\n\tat org.getopentest.selenium.core.SeleniumTestAction.getElement(SeleniumTestAction.java:58)\r\n\tat org.getopentest.selenium.core.SeleniumTestAction.getElement(SeleniumTestAction.java:50)\r\n\tat org.getopentest.selenium.SendKeys.run(SendKeys.java:25)\r\n\t... 10 more\r\nCaused by: org.openqa.selenium.NoSuchElementException: no such element: Unable to locate element: {\"method\":\"css selector\",\"selector\":\"#\\#email\"}\n  (Session info: chrome=130.0.6723.92)\nFor documentation on this error, please visit: https://www.seleniumhq.org/exceptions/no_such_element.html\nBuild info: version: '3.141.59', revision: 'e82be7d358', time: '2018-11-14T08:17:03'\nSystem info: host: 'DESKTOP-8V10OGQ', ip: '192.168.100.7', os.name: 'Windows 10', os.arch: 'amd64', os.version: '10.0', java.version: '11.0.22'\nDriver info: org.openqa.selenium.chrome.ChromeDriver\nCapabilities {acceptInsecureCerts: false, browserName: chrome, browserVersion: 130.0.6723.92, chrome: {chromedriverVersion: 130.0.6723.91 (53ac07678369..., userDataDir: C:\\Users\\Dell\\AppData\\Local...}, fedcm:accounts: true, goog:chromeOptions: {debuggerAddress: localhost:62123}, javascriptEnabled: true, networkConnectionEnabled: false, pageLoadStrategy: normal, platform: WINDOWS, platformName: WINDOWS, proxy: Proxy(), setWindowRect: true, strictFileInteractability: false, timeouts: {implicit: 0, pageLoad: 300000, script: 30000}, unhandledPromptBehavior: dismiss and notify, webauthn:extension:credBlob: true, webauthn:extension:largeBlob: true, webauthn:extension:minPinLength: true, webauthn:extension:prf: true, webauthn:virtualAuthenticators: true}\nSession ID: faa015d0547835c26d31605acefa3257\n*** Element info: {Using=id, value=#email}\r\n\tat jdk.internal.reflect.GeneratedConstructorAccessor11.newInstance(Unknown Source)\r\n\tat java.base/jdk.internal.reflect.DelegatingConstructorAccessorImpl.newInstance(DelegatingConstructorAccessorImpl.java:45)\r\n\tat java.base/java.lang.reflect.Constructor.newInstance(Constructor.java:490)\r\n\tat org.openqa.selenium.remote.http.W3CHttpResponseCodec.createException(W3CHttpResponseCodec.java:187)\r\n\tat org.openqa.selenium.remote.http.W3CHttpResponseCodec.decode(W3CHttpResponseCodec.java:122)\r\n\tat org.openqa.selenium.remote.http.W3CHttpResponseCodec.decode(W3CHttpResponseCodec.java:49)\r\n\tat org.openqa.selenium.remote.HttpCommandExecutor.execute(HttpCommandExecutor.java:158)\r\n\tat org.openqa.selenium.remote.service.DriverCommandExecutor.execute(DriverCommandExecutor.java:83)\r\n\tat org.openqa.selenium.remote.RemoteWebDriver.execute(RemoteWebDriver.java:552)\r\n\tat org.openqa.selenium.remote.RemoteWebDriver.findElement(RemoteWebDriver.java:323)\r\n\tat org.openqa.selenium.remote.RemoteWebDriver.findElementById(RemoteWebDriver.java:372)\r\n\tat org.openqa.selenium.By$ById.findElement(By.java:188)\r\n\tat org.openqa.selenium.remote.RemoteWebDriver.findElement(RemoteWebDriver.java:315)\r\n\tat org.openqa.selenium.support.ui.ExpectedConditions$6.apply(ExpectedConditions.java:182)\r\n\tat org.openqa.selenium.support.ui.ExpectedConditions$6.apply(ExpectedConditions.java:179)\r\n\tat org.openqa.selenium.support.ui.FluentWait.until(FluentWait.java:249)\r\n\t... 13 more\r\n"},{"action":"org.getopentest.base.MacroAction","actorType":"ACTOR1","args":{},"isCheckpoint":false,"description":"Login-mail-password.logueo-mail","durationMs":24499,"macro":"Login-mail-password.logueo-mail","macroStack":[],"result":"failed","segment":1,"stackTrace":"java.lang.Exception: There was an error executing macro action Login-mail-password.logueo-mail (no arguments were provided)\r\n\tat org.getopentest.base.TestActor.executeMacroActionByName(TestActor.java:2021)\r\n\tat org.getopentest.base.TestActor.executeActionByDef(TestActor.java:1745)\r\n\tat org.getopentest.base.TestActor.executeTestSegment(TestActor.java:2092)\r\n\tat org.getopentest.base.TestActor.runOneSession(TestActor.java:3077)\r\n\tat org.getopentest.base.TestActor.runOneSession(TestActor.java:3113)\r\n\tat org.getopentest.Main.main(Main.java:20)\r\nCaused by: java.lang.RuntimeException: There was an error while executing action no. 4 (org.getopentest.selenium.SendKeys) in macro Login-mail-password/logueo-mail.\nThe action definition was:\n{\n  \"action\": \"org.getopentest.selenium.SendKeys\",\n  \"args\": {\n    \"locator\": {\n      \"id\": \"#email\"\n    },\n    \"text\": \"fernandoaes20@gmail.com\"\n  },\n  \"description\": \"Ingresar mail\"\n}\r\n\tat org.getopentest.base.TestActor.executeMacroActionByDef(TestActor.java:1973)\r\n\tat org.getopentest.base.TestActor.executeMacroActionByName(TestActor.java:2013)\r\n\t... 5 more\r\nCaused by: java.lang.RuntimeException: Failed executing action org.getopentest.selenium.SendKeys with arguments {\"locator\":{\"id\":\"#email\"},\"text\":\"fernandoaes20@gmail.com\"}\r\n\tat org.getopentest.base.TestActor.executeActionByDef(TestActor.java:1872)\r\n\tat org.getopentest.base.TestActor.executeMacroActionByDef(TestActor.java:1938)\r\n\t... 6 more\r\nCaused by: java.lang.RuntimeException: java.lang.RuntimeException: Failed sending keys to element By.id: #email\r\n\tat org.getopentest.base.TestActor.executeActionByClassName(TestActor.java:1670)\r\n\tat org.getopentest.base.TestActor.executeActionByDef(TestActor.java:1749)\r\n\t... 7 more\r\nCaused by: java.lang.RuntimeException: Failed sending keys to element By.id: #email\r\n\tat org.getopentest.selenium.SendKeys.run(SendKeys.java:45)\r\n\tat org.getopentest.base.TestActor.executeAction(TestActor.java:1571)\r\n\tat org.getopentest.base.TestActor.executeActionByClassName(TestActor.java:1647)\r\n\t... 8 more\r\nCaused by: org.openqa.selenium.TimeoutException: Expected condition failed: waiting for presence of element located by: By.id: #email (tried for 10 second(s) with 500 milliseconds interval)\r\n\tat org.openqa.selenium.support.ui.WebDriverWait.timeoutException(WebDriverWait.java:95)\r\n\tat org.openqa.selenium.support.ui.FluentWait.until(FluentWait.java:272)\r\n\tat org.getopentest.selenium.core.SeleniumTestAction.getElement(SeleniumTestAction.java:58)\r\n\tat org.getopentest.selenium.core.SeleniumTestAction.getElement(SeleniumTestAction.java:50)\r\n\tat org.getopentest.selenium.SendKeys.run(SendKeys.java:25)\r\n\t... 10 more\r\nCaused by: org.openqa.selenium.NoSuchElementException: no such element: Unable to locate element: {\"method\":\"css selector\",\"selector\":\"#\\#email\"}\n  (Session info: chrome=130.0.6723.92)\nFor documentation on this error, please visit: https://www.seleniumhq.org/exceptions/no_such_element.html\nBuild info: version: '3.141.59', revision: 'e82be7d358', time: '2018-11-14T08:17:03'\nSystem info: host: 'DESKTOP-8V10OGQ', ip: '192.168.100.7', os.name: 'Windows 10', os.arch: 'amd64', os.version: '10.0', java.version: '11.0.22'\nDriver info: org.openqa.selenium.chrome.ChromeDriver\nCapabilities {acceptInsecureCerts: false, browserName: chrome, browserVersion: 130.0.6723.92, chrome: {chromedriverVersion: 130.0.6723.91 (53ac07678369..., userDataDir: C:\\Users\\Dell\\AppData\\Local...}, fedcm:accounts: true, goog:chromeOptions: {debuggerAddress: localhost:62123}, javascriptEnabled: true, networkConnectionEnabled: false, pageLoadStrategy: normal, platform: WINDOWS, platformName: WINDOWS, proxy: Proxy(), setWindowRect: true, strictFileInteractability: false, timeouts: {implicit: 0, pageLoad: 300000, script: 30000}, unhandledPromptBehavior: dismiss and notify, webauthn:extension:credBlob: true, webauthn:extension:largeBlob: true, webauthn:extension:minPinLength: true, webauthn:extension:prf: true, webauthn:virtualAuthenticators: true}\nSession ID: faa015d0547835c26d31605acefa3257\n*** Element info: {Using=id, value=#email}\r\n\tat jdk.internal.reflect.GeneratedConstructorAccessor11.newInstance(Unknown Source)\r\n\tat java.base/jdk.internal.reflect.DelegatingConstructorAccessorImpl.newInstance(DelegatingConstructorAccessorImpl.java:45)\r\n\tat java.base/java.lang.reflect.Constructor.newInstance(Constructor.java:490)\r\n\tat org.openqa.selenium.remote.http.W3CHttpResponseCodec.createException(W3CHttpResponseCodec.java:187)\r\n\tat org.openqa.selenium.remote.http.W3CHttpResponseCodec.decode(W3CHttpResponseCodec.java:122)\r\n\tat org.openqa.selenium.remote.http.W3CHttpResponseCodec.decode(W3CHttpResponseCodec.java:49)\r\n\tat org.openqa.selenium.remote.HttpCommandExecutor.execute(HttpCommandExecutor.java:158)\r\n\tat org.openqa.selenium.remote.service.DriverCommandExecutor.execute(DriverCommandExecutor.java:83)\r\n\tat org.openqa.selenium.remote.RemoteWebDriver.execute(RemoteWebDriver.java:552)\r\n\tat org.openqa.selenium.remote.RemoteWebDriver.findElement(RemoteWebDriver.java:323)\r\n\tat org.openqa.selenium.remote.RemoteWebDriver.findElementById(RemoteWebDriver.java:372)\r\n\tat org.openqa.selenium.By$ById.findElement(By.java:188)\r\n\tat org.openqa.selenium.remote.RemoteWebDriver.findElement(RemoteWebDriver.java:315)\r\n\tat org.openqa.selenium.support.ui.ExpectedConditions$6.apply(ExpectedConditions.java:182)\r\n\tat org.openqa.selenium.support.ui.ExpectedConditions$6.apply(ExpectedConditions.java:179)\r\n\tat org.openqa.selenium.support.ui.FluentWait.until(FluentWait.java:249)\r\n\t... 13 more\r\n"}],"currentIteration":1,"currentSegmentIndex":0,"isDataDriven":false,"name":"descarga-factura-pos","path":"Descarga-factura-POS","result":"failed","status":"completed","segments":[{"index":0,"result":"passed","status":"completed","timeStarted":1730935270155,"timeCompleted":1730935270169},{"index":1,"result":"failed","status":"completed","timeStarted":1730935270194,"timeCompleted":1730935294712}],"tags":[],"timeStarted":1730935270155,"timeCompleted":1730935294712}],"timeCreated":1730935265550,"timeStarted":1730935270155,"timeCompleted":1730935294712,"lastActivity":1730935294711,"_id":"LkO6NXnN50daO6ur","actorTags":[],"environment":"","currentDataRecordIndex":-1}
{"id":1730937708,"actors":{"49615":{"id":49615,"lastSeenTime":1730937707195,"testSessionId":1730937708,"type":"ACTOR1","tags":[],"_id":"BRJjFVAIGFQYcDM6","ip":"::ffff:127.0.0.1","tests":[{"currentSegmentIndex":1,"segments":[{"index":0,"status":"completed","timeStarted":1730937712340,"timeCompleted":1730937712351,"result":"passed"},{"index":1,"status":"completed","timeStarted":1730937712361,"timeCompleted":1730937745194,"result":"failed"}],"name":"descarga-factura-pos","path":"Descarga-factura-POS","timeCompleted":null,"timeStarted":1730937712340}]}},"maxIterations":"1","currentIteration":1,"currentTestIndex":1,"currentSegmentIndex":0,"label":"descarga 19","result":"failed","status":"completed","tests":[{"actions":[{"actorType":"ACTOR1","args":{},"isCheckpoint":false,"description":"Llamar a la macro de login por mail y password","durationMs":0,"macroStack":[],"result":"passed","segment":1},{"action":"org.getopentest.selenium.NavigateTo","actorType":"ACTOR1","args":{"url":"https://oneapp-uat-py.tigocloud.net"},"isCheckpoint":false,"description":"Navegar a oneApp","durationMs":1964,"macroStack":["Login-mail-password.logueo-mail"],"result":"passed","segment":1},{"action":"org.getopentest.selenium.Click","actorType":"ACTOR1","args":{"locator":{"css":".at-button-hight-emphasis"}},"isCheckpoint":false,"description":"Ingresar","durationMs":7417,"macroStack":["Login-mail-password.logueo-mail"],"result":"passed","segment":1},{"action":"org.getopentest.selenium.Click","actorType":"ACTOR1","args":{"locator":{"css":"#AceptarBtn"}},"isCheckpoint":false,"description":"Aceptar términos y condiciones","durationMs":3773,"macroStack":["Login-mail-password.logueo-mail"],"result":"passed","segment":1},{"action":"org.getopentest.selenium.SendKeys","actorType":"ACTOR1","args":{"locator":{"css":".materialInput_input__Zhf5S"},"text":"fernandoaes20@gmail.com"},"isCheckpoint":false,"description":"Ingresar mail","durationMs":295,"macroStack":["Login-mail-password.logueo-mail"],"result":"passed","segment":1},{"action":"org.getopentest.selenium.Click","actorType":"ACTOR1","args":{"locator":{"css":".icon-ma-button.icon-ma-button-enable"}},"isCheckpoint":false,"description":"Click en botón de contraseña","durationMs":141,"macroStack":["Login-mail-password.logueo-mail"],"result":"passed","segment":1},{"action":"org.getopentest.selenium.SendKeys","actorType":"ACTOR1","args":{"locator":{"css":"input[type='password']"},"text":"NuncaOlvidar30!"},"isCheckpoint":false,"description":"Ingresar contraseña","durationMs":180,"macroStack":["Login-mail-password.logueo-mail"],"result":"passed","segment":1},{"action":"org.getopentest.selenium.Click","actorType":"ACTOR1","args":{"locator":{"xpath":"//*[@id=\"root\"]/div/div/div/div[2]/div[6]/div[1]/button/span"}},"isCheckpoint":false,"description":"Click ingresar","durationMs":129,"macroStack":["Login-mail-password.logueo-mail"],"result":"passed","segment":1},{"action":"org.getopentest.base.MacroAction","actorType":"ACTOR1","args":{},"isCheckpoint":false,"description":"Login-mail-password.logueo-mail","durationMs":13924,"macro":"Login-mail-password.logueo-mail","macroStack":[],"result":"passed","segment":1},{"action":"org.getopentest.selenium.Click","actorType":"ACTOR1","args":{"locator":{"xpath":"//h1[contains(text(), '981320024')]"}},"isCheckpoint":false,"description":"Seleccionar linea password","durationMs":7038,"macroStack":[],"result":"passed","segment":1},{"action":"org.getopentest.selenium.Click","actorType":"ACTOR1","args":{"locator":{"css":".ionicon s-ion-icon"}},"isCheckpoint":false,"description":"Desplegar","durationMs":11859,"macroStack":[],"result":"failed","screenshot":"SID1730937708_ACTOR1_T01_SG01_ST04_error.png","segment":1,"stackTrace":"java.lang.RuntimeException: java.lang.RuntimeException: Failed clicking on element By.cssSelector: .ionicon s-ion-icon\r\n\tat org.getopentest.base.TestActor.executeActionByClassName(TestActor.java:1670)\r\n\tat org.getopentest.base.TestActor.executeActionByDef(TestActor.java:1749)\r\n\tat org.getopentest.base.TestActor.executeTestSegment(TestActor.java:2092)\r\n\tat org.getopentest.base.TestActor.runOneSession(TestActor.java:3077)\r\n\tat org.getopentest.base.TestActor.runOneSession(TestActor.java:3113)\r\n\tat org.getopentest.Main.main(Main.java:20)\r\nCaused by: java.lang.RuntimeException: Failed clicking on element By.cssSelector: .ionicon s-ion-icon\r\n\tat org.getopentest.selenium.Click.run(Click.java:34)\r\n\tat org.getopentest.base.TestActor.executeAction(TestActor.java:1571)\r\n\tat org.getopentest.base.TestActor.executeActionByClassName(TestActor.java:1647)\r\n\t... 5 more\r\nCaused by: org.openqa.selenium.TimeoutException: Expected condition failed: waiting for presence of element located by: By.cssSelector: .ionicon s-ion-icon (tried for 10 second(s) with 500 milliseconds interval)\r\n\tat org.openqa.selenium.support.ui.WebDriverWait.timeoutException(WebDriverWait.java:95)\r\n\tat org.openqa.selenium.support.ui.FluentWait.until(FluentWait.java:272)\r\n\tat org.getopentest.selenium.core.SeleniumTestAction.getElement(SeleniumTestAction.java:58)\r\n\tat org.getopentest.selenium.core.SeleniumTestAction.getElement(SeleniumTestAction.java:50)\r\n\tat org.getopentest.selenium.Click.run(Click.java:29)\r\n\t... 7 more\r\nCaused by: org.openqa.selenium.NoSuchElementException: no such element: Unable to locate element: {\"method\":\"css selector\",\"selector\":\".ionicon s-ion-icon\"}\n  (Session info: chrome=130.0.6723.92)\nFor documentation on this error, please visit: https://www.seleniumhq.org/exceptions/no_such_element.html\nBuild info: version: '3.141.59', revision: 'e82be7d358', time: '2018-11-14T08:17:03'\nSystem info: host: 'DESKTOP-8V10OGQ', ip: '10.21.32.3', os.name: 'Windows 10', os.arch: 'amd64', os.version: '10.0', java.version: '11.0.22'\nDriver info: org.openqa.selenium.chrome.ChromeDriver\nCapabilities {acceptInsecureCerts: false, browserName: chrome, browserVersion: 130.0.6723.92, chrome: {chromedriverVersion: 130.0.6723.91 (53ac07678369..., userDataDir: C:\\Users\\Dell\\AppData\\Local...}, fedcm:accounts: true, goog:chromeOptions: {debuggerAddress: localhost:50273}, javascriptEnabled: true, networkConnectionEnabled: false, pageLoadStrategy: normal, platform: WINDOWS, platformName: WINDOWS, proxy: Proxy(), setWindowRect: true, strictFileInteractability: false, timeouts: {implicit: 0, pageLoad: 300000, script: 30000}, unhandledPromptBehavior: dismiss and notify, webauthn:extension:credBlob: true, webauthn:extension:largeBlob: true, webauthn:extension:minPinLength: true, webauthn:extension:prf: true, webauthn:virtualAuthenticators: true}\nSession ID: d9f33e5cf82951f77ce9f97d63776584\n*** Element info: {Using=css selector, value=.ionicon s-ion-icon}\r\n\tat jdk.internal.reflect.GeneratedConstructorAccessor17.newInstance(Unknown Source)\r\n\tat java.base/jdk.internal.reflect.DelegatingConstructorAccessorImpl.newInstance(DelegatingConstructorAccessorImpl.java:45)\r\n\tat java.base/java.lang.reflect.Constructor.newInstance(Constructor.java:490)\r\n\tat org.openqa.selenium.remote.http.W3CHttpResponseCodec.createException(W3CHttpResponseCodec.java:187)\r\n\tat org.openqa.selenium.remote.http.W3CHttpResponseCodec.decode(W3CHttpResponseCodec.java:122)\r\n\tat org.openqa.selenium.remote.http.W3CHttpResponseCodec.decode(W3CHttpResponseCodec.java:49)\r\n\tat org.openqa.selenium.remote.HttpCommandExecutor.execute(HttpCommandExecutor.java:158)\r\n\tat org.openqa.selenium.remote.service.DriverCommandExecutor.execute(DriverCommandExecutor.java:83)\r\n\tat org.openqa.selenium.remote.RemoteWebDriver.execute(RemoteWebDriver.java:552)\r\n\tat org.openqa.selenium.remote.RemoteWebDriver.findElement(RemoteWebDriver.java:323)\r\n\tat org.openqa.selenium.remote.RemoteWebDriver.findElementByCssSelector(RemoteWebDriver.java:420)\r\n\tat org.openqa.selenium.By$ByCssSelector.findElement(By.java:431)\r\n\tat org.openqa.selenium.remote.RemoteWebDriver.findElement(RemoteWebDriver.java:315)\r\n\tat org.openqa.selenium.support.ui.ExpectedConditions$6.apply(ExpectedConditions.java:182)\r\n\tat org.openqa.selenium.support.ui.ExpectedConditions$6.apply(ExpectedConditions.java:179)\r\n\tat org.openqa.selenium.support.ui.FluentWait.until(FluentWait.java:249)\r\n\t... 10 more\r\n"}],"currentIteration":1,"currentSegmentIndex":0,"isDataDriven":false,"name":"descarga-factura-pos","path":"Descarga-factura-POS","result":"failed","status":"completed","segments":[{"index":0,"result":"passed","status":"completed","timeStarted":1730937712340,"timeCompleted":1730937712351},{"index":1,"result":"failed","status":"completed","timeStarted":1730937712361,"timeCompleted":1730937745194}],"tags":[],"timeStarted":1730937712340,"timeCompleted":1730937745194}],"timeCreated":1730937707738,"timeStarted":1730937712340,"timeCompleted":1730937745195,"lastActivity":1730937745194,"_id":"Nk48bCFNtQlZ9e8R","actorTags":[],"environment":"","currentDataRecordIndex":-1}
{"id":1730936485,"actors":{"49615":{"id":49615,"lastSeenTime":1730936482175,"testSessionId":1730936485,"type":"ACTOR1","tags":[],"_id":"BRJjFVAIGFQYcDM6","ip":"::ffff:127.0.0.1","tests":[{"currentSegmentIndex":1,"segments":[{"index":0,"status":"completed","timeStarted":1730936487539,"timeCompleted":1730936487561,"result":"passed"},{"index":1,"status":"completed","timeStarted":1730936487583,"timeCompleted":1730936513831,"result":"failed"}],"name":"descarga-factura-pos","path":"Descarga-factura-POS","timeCompleted":null,"timeStarted":1730936487539}]}},"maxIterations":"1","currentIteration":1,"currentTestIndex":1,"currentSegmentIndex":0,"label":"descarga 14","result":"failed","status":"completed","tests":[{"actions":[{"actorType":"ACTOR1","args":{},"isCheckpoint":false,"description":"Llamar a la macro de login por mail y password","durationMs":0,"macroStack":[],"result":"passed","segment":1},{"action":"org.getopentest.selenium.NavigateTo","actorType":"ACTOR1","args":{"url":"https://oneapp-uat-py.tigocloud.net"},"isCheckpoint":false,"description":"Navegar a oneApp","durationMs":8280,"macroStack":["Login-mail-password.logueo-mail"],"result":"passed","segment":1},{"action":"org.getopentest.selenium.Click","actorType":"ACTOR1","args":{"locator":{"css":".at-button-hight-emphasis"}},"isCheckpoint":false,"description":"Ingresar","durationMs":236,"macroStack":["Login-mail-password.logueo-mail"],"result":"passed","segment":1},{"action":"org.getopentest.selenium.Click","actorType":"ACTOR1","args":{"locator":{"css":"#AceptarBtn"}},"isCheckpoint":false,"description":"Aceptar términos y condiciones","durationMs":4300,"macroStack":["Login-mail-password.logueo-mail"],"result":"passed","segment":1},{"action":"org.getopentest.selenium.SendKeys","actorType":"ACTOR1","args":{"locator":{"css":".materialInput_input__Zhf5S"},"text":"fernandoaes20@gmail.com"},"isCheckpoint":false,"description":"Ingresar mail","durationMs":1251,"macroStack":["Login-mail-password.logueo-mail"],"result":"passed","segment":1},{"action":"org.getopentest.selenium.Click","actorType":"ACTOR1","args":{"locator":{"css":".icon-ma-button.icon-ma-button-enable"}},"isCheckpoint":false,"description":"Click en botón de contraseña","durationMs":241,"macroStack":["Login-mail-password.logueo-mail"],"result":"passed","segment":1},{"action":"org.getopentest.selenium.SendKeys","actorType":"ACTOR1","args":{"locator":{"css":".materialPasswordInput_input__/+0jb7  "},"text":"NuncaOlvidar30!"},"isCheckpoint":false,"description":"Ingresar contraseña","durationMs":11754,"macroStack":["Login-mail-password.logueo-mail"],"result":"failed","screenshot":"SID1730936485_ACTOR1_T01_SG01_ST02_error.png","segment":1,"stackTrace":"java.lang.RuntimeException: java.lang.RuntimeException: Failed sending keys to element By.cssSelector: .materialPasswordInput_input__/+0jb7  \r\n\tat org.getopentest.base.TestActor.executeActionByClassName(TestActor.java:1670)\r\n\tat org.getopentest.base.TestActor.executeActionByDef(TestActor.java:1749)\r\n\tat org.getopentest.base.TestActor.executeMacroActionByDef(TestActor.java:1938)\r\n\tat org.getopentest.base.TestActor.executeMacroActionByName(TestActor.java:2013)\r\n\tat org.getopentest.base.TestActor.executeActionByDef(TestActor.java:1745)\r\n\tat org.getopentest.base.TestActor.executeTestSegment(TestActor.java:2092)\r\n\tat org.getopentest.base.TestActor.runOneSession(TestActor.java:3077)\r\n\tat org.getopentest.base.TestActor.runOneSession(TestActor.java:3113)\r\n\tat org.getopentest.Main.main(Main.java:20)\r\nCaused by: java.lang.RuntimeException: Failed sending keys to element By.cssSelector: .materialPasswordInput_input__/+0jb7  \r\n\tat org.getopentest.selenium.SendKeys.run(SendKeys.java:45)\r\n\tat org.getopentest.base.TestActor.executeAction(TestActor.java:1571)\r\n\tat org.getopentest.base.TestActor.executeActionByClassName(TestActor.java:1647)\r\n\t... 8 more\r\nCaused by: org.openqa.selenium.TimeoutException: Expected condition failed: waiting for presence of element located by: By.cssSelector: .materialPasswordInput_input__/+0jb7   (tried for 10 second(s) with 500 milliseconds interval)\r\n\tat org.openqa.selenium.support.ui.WebDriverWait.timeoutException(WebDriverWait.java:95)\r\n\tat org.openqa.selenium.support.ui.FluentWait.until(FluentWait.java:272)\r\n\tat org.getopentest.selenium.core.SeleniumTestAction.getElement(SeleniumTestAction.java:58)\r\n\tat org.getopentest.selenium.core.SeleniumTestAction.getElement(SeleniumTestAction.java:50)\r\n\tat org.getopentest.selenium.SendKeys.run(SendKeys.java:25)\r\n\t... 10 more\r\nCaused by: org.openqa.selenium.InvalidSelectorException: invalid selector\nfrom javascript error: {\"status\":32,\"value\":\"An invalid or illegal selector was specified\"}\n  (Session info: chrome=130.0.6723.92)\nFor documentation on this error, please visit: https://www.seleniumhq.org/exceptions/invalid_selector_exception.html\nBuild info: version: '3.141.59', revision: 'e82be7d358', time: '2018-11-14T08:17:03'\nSystem info: host: 'DESKTOP-8V10OGQ', ip: '10.21.32.3', os.name: 'Windows 10', os.arch: 'amd64', os.version: '10.0', java.version: '11.0.22'\nDriver info: org.openqa.selenium.chrome.ChromeDriver\nCapabilities {acceptInsecureCerts: false, browserName: chrome, browserVersion: 130.0.6723.92, chrome: {chromedriverVersion: 130.0.6723.91 (53ac07678369..., userDataDir: C:\\Users\\Dell\\AppData\\Local...}, fedcm:accounts: true, goog:chromeOptions: {debuggerAddress: localhost:64366}, javascriptEnabled: true, networkConnectionEnabled: false, pageLoadStrategy: normal, platform: WINDOWS, platformName: WINDOWS, proxy: Proxy(), setWindowRect: true, strictFileInteractability: false, timeouts: {implicit: 0, pageLoad: 300000, script: 30000}, unhandledPromptBehavior: dismiss and notify, webauthn:extension:credBlob: true, webauthn:extension:largeBlob: true, webauthn:extension:minPinLength: true, webauthn:extension:prf: true, webauthn:virtualAuthenticators: true}\nSession ID: 416109ebd139de9f73833a91ed523d20\n*** Element info: {Using=css selector, value=.materialPasswordInput_input__/+0jb7  }\r\n\tat jdk.internal.reflect.GeneratedConstructorAccessor12.newInstance(Unknown Source)\r\n\tat java.base/jdk.internal.reflect.DelegatingConstructorAccessorImpl.newInstance(DelegatingConstructorAccessorImpl.java:45)\r\n\tat java.base/java.lang.reflect.Constructor.newInstance(Constructor.java:490)\r\n\tat org.openqa.selenium.remote.http.W3CHttpResponseCodec.createException(W3CHttpResponseCodec.java:187)\r\n\tat org.openqa.selenium.remote.http.W3CHttpResponseCodec.decode(W3CHttpResponseCodec.java:122)\r\n\tat org.openqa.selenium.remote.http.W3CHttpResponseCodec.decode(W3CHttpResponseCodec.java:49)\r\n\tat org.openqa.selenium.remote.HttpCommandExecutor.execute(HttpCommandExecutor.java:158)\r\n\tat org.openqa.selenium.remote.service.DriverCommandExecutor.execute(DriverCommandExecutor.java:83)\r\n\tat org.openqa.selenium.remote.RemoteWebDriver.execute(RemoteWebDriver.java:552)\r\n\tat org.openqa.selenium.remote.RemoteWebDriver.findElement(RemoteWebDriver.java:323)\r\n\tat org.openqa.selenium.remote.RemoteWebDriver.findElementByCssSelector(RemoteWebDriver.java:420)\r\n\tat org.openqa.selenium.By$ByCssSelector.findElement(By.java:431)\r\n\tat org.openqa.selenium.remote.RemoteWebDriver.findElement(RemoteWebDriver.java:315)\r\n\tat org.openqa.selenium.support.ui.ExpectedConditions$6.apply(ExpectedConditions.java:182)\r\n\tat org.openqa.selenium.support.ui.ExpectedConditions$6.apply(ExpectedConditions.java:179)\r\n\tat org.openqa.selenium.support.ui.FluentWait.until(FluentWait.java:249)\r\n\t... 13 more\r\n"},{"action":"org.getopentest.base.MacroAction","actorType":"ACTOR1","args":{},"isCheckpoint":false,"description":"Login-mail-password.logueo-mail","durationMs":26229,"macro":"Login-mail-password.logueo-mail","macroStack":[],"result":"failed","segment":1,"stackTrace":"java.lang.Exception: There was an error executing macro action Login-mail-password.logueo-mail (no arguments were provided)\r\n\tat org.getopentest.base.TestActor.executeMacroActionByName(TestActor.java:2021)\r\n\tat org.getopentest.base.TestActor.executeActionByDef(TestActor.java:1745)\r\n\tat org.getopentest.base.TestActor.executeTestSegment(TestActor.java:2092)\r\n\tat org.getopentest.base.TestActor.runOneSession(TestActor.java:3077)\r\n\tat org.getopentest.base.TestActor.runOneSession(TestActor.java:3113)\r\n\tat org.getopentest.Main.main(Main.java:20)\r\nCaused by: java.lang.RuntimeException: There was an error while executing action no. 6 (org.getopentest.selenium.SendKeys) in macro Login-mail-password/logueo-mail.\nThe action definition was:\n{\n  \"action\": \"org.getopentest.selenium.SendKeys\",\n  \"args\": {\n    \"locator\": {\n      \"css\": \".materialPasswordInput_input__/+0jb7  \"\n    },\n    \"text\": \"NuncaOlvidar30!\"\n  },\n  \"description\": \"Ingresar contraseña\"\n}\r\n\tat org.getopentest.base.TestActor.executeMacroActionByDef(TestActor.java:1973)\r\n\tat org.getopentest.base.TestActor.executeMacroActionByName(TestActor.java:2013)\r\n\t... 5 more\r\nCaused by: java.lang.RuntimeException: Failed executing action org.getopentest.selenium.SendKeys with arguments {\"locator\":{\"css\":\".materialPasswordInput_input__/+0jb7  \"},\"text\":\"NuncaOlvidar30!\"}\r\n\tat org.getopentest.base.TestActor.executeActionByDef(TestActor.java:1872)\r\n\tat org.getopentest.base.TestActor.executeMacroActionByDef(TestActor.java:1938)\r\n\t... 6 more\r\nCaused by: java.lang.RuntimeException: java.lang.RuntimeException: Failed sending keys to element By.cssSelector: .materialPasswordInput_input__/+0jb7  \r\n\tat org.getopentest.base.TestActor.executeActionByClassName(TestActor.java:1670)\r\n\tat org.getopentest.base.TestActor.executeActionByDef(TestActor.java:1749)\r\n\t... 7 more\r\nCaused by: java.lang.RuntimeException: Failed sending keys to element By.cssSelector: .materialPasswordInput_input__/+0jb7  \r\n\tat org.getopentest.selenium.SendKeys.run(SendKeys.java:45)\r\n\tat org.getopentest.base.TestActor.executeAction(TestActor.java:1571)\r\n\tat org.getopentest.base.TestActor.executeActionByClassName(TestActor.java:1647)\r\n\t... 8 more\r\nCaused by: org.openqa.selenium.TimeoutException: Expected condition failed: waiting for presence of element located by: By.cssSelector: .materialPasswordInput_input__/+0jb7   (tried for 10 second(s) with 500 milliseconds interval)\r\n\tat org.openqa.selenium.support.ui.WebDriverWait.timeoutException(WebDriverWait.java:95)\r\n\tat org.openqa.selenium.support.ui.FluentWait.until(FluentWait.java:272)\r\n\tat org.getopentest.selenium.core.SeleniumTestAction.getElement(SeleniumTestAction.java:58)\r\n\tat org.getopentest.selenium.core.SeleniumTestAction.getElement(SeleniumTestAction.java:50)\r\n\tat org.getopentest.selenium.SendKeys.run(SendKeys.java:25)\r\n\t... 10 more\r\nCaused by: org.openqa.selenium.InvalidSelectorException: invalid selector\nfrom javascript error: {\"status\":32,\"value\":\"An invalid or illegal selector was specified\"}\n  (Session info: chrome=130.0.6723.92)\nFor documentation on this error, please visit: https://www.seleniumhq.org/exceptions/invalid_selector_exception.html\nBuild info: version: '3.141.59', revision: 'e82be7d358', time: '2018-11-14T08:17:03'\nSystem info: host: 'DESKTOP-8V10OGQ', ip: '10.21.32.3', os.name: 'Windows 10', os.arch: 'amd64', os.version: '10.0', java.version: '11.0.22'\nDriver info: org.openqa.selenium.chrome.ChromeDriver\nCapabilities {acceptInsecureCerts: false, browserName: chrome, browserVersion: 130.0.6723.92, chrome: {chromedriverVersion: 130.0.6723.91 (53ac07678369..., userDataDir: C:\\Users\\Dell\\AppData\\Local...}, fedcm:accounts: true, goog:chromeOptions: {debuggerAddress: localhost:64366}, javascriptEnabled: true, networkConnectionEnabled: false, pageLoadStrategy: normal, platform: WINDOWS, platformName: WINDOWS, proxy: Proxy(), setWindowRect: true, strictFileInteractability: false, timeouts: {implicit: 0, pageLoad: 300000, script: 30000}, unhandledPromptBehavior: dismiss and notify, webauthn:extension:credBlob: true, webauthn:extension:largeBlob: true, webauthn:extension:minPinLength: true, webauthn:extension:prf: true, webauthn:virtualAuthenticators: true}\nSession ID: 416109ebd139de9f73833a91ed523d20\n*** Element info: {Using=css selector, value=.materialPasswordInput_input__/+0jb7  }\r\n\tat jdk.internal.reflect.GeneratedConstructorAccessor12.newInstance(Unknown Source)\r\n\tat java.base/jdk.internal.reflect.DelegatingConstructorAccessorImpl.newInstance(DelegatingConstructorAccessorImpl.java:45)\r\n\tat java.base/java.lang.reflect.Constructor.newInstance(Constructor.java:490)\r\n\tat org.openqa.selenium.remote.http.W3CHttpResponseCodec.createException(W3CHttpResponseCodec.java:187)\r\n\tat org.openqa.selenium.remote.http.W3CHttpResponseCodec.decode(W3CHttpResponseCodec.java:122)\r\n\tat org.openqa.selenium.remote.http.W3CHttpResponseCodec.decode(W3CHttpResponseCodec.java:49)\r\n\tat org.openqa.selenium.remote.HttpCommandExecutor.execute(HttpCommandExecutor.java:158)\r\n\tat org.openqa.selenium.remote.service.DriverCommandExecutor.execute(DriverCommandExecutor.java:83)\r\n\tat org.openqa.selenium.remote.RemoteWebDriver.execute(RemoteWebDriver.java:552)\r\n\tat org.openqa.selenium.remote.RemoteWebDriver.findElement(RemoteWebDriver.java:323)\r\n\tat org.openqa.selenium.remote.RemoteWebDriver.findElementByCssSelector(RemoteWebDriver.java:420)\r\n\tat org.openqa.selenium.By$ByCssSelector.findElement(By.java:431)\r\n\tat org.openqa.selenium.remote.RemoteWebDriver.findElement(RemoteWebDriver.java:315)\r\n\tat org.openqa.selenium.support.ui.ExpectedConditions$6.apply(ExpectedConditions.java:182)\r\n\tat org.openqa.selenium.support.ui.ExpectedConditions$6.apply(ExpectedConditions.java:179)\r\n\tat org.openqa.selenium.support.ui.FluentWait.until(FluentWait.java:249)\r\n\t... 13 more\r\n"}],"currentIteration":1,"currentSegmentIndex":0,"isDataDriven":false,"name":"descarga-factura-pos","path":"Descarga-factura-POS","result":"failed","status":"completed","segments":[{"index":0,"result":"passed","status":"completed","timeStarted":1730936487539,"timeCompleted":1730936487561},{"index":1,"result":"failed","status":"completed","timeStarted":1730936487583,"timeCompleted":1730936513831}],"tags":[],"timeStarted":1730936487539,"timeCompleted":1730936513831}],"timeCreated":1730936485256,"timeStarted":1730936487539,"timeCompleted":1730936513831,"lastActivity":1730936513830,"_id":"OELEDc3wjwxGTDwu","actorTags":[],"environment":"","currentDataRecordIndex":-1}
{"id":1730935418,"actors":{"37798":{"id":37798,"lastSeenTime":1730935414855,"testSessionId":1730935418,"type":"ACTOR1","tags":[],"_id":"6gJRwM9BNelv2nm9","ip":"::ffff:127.0.0.1","tests":[{"currentSegmentIndex":1,"segments":[{"index":0,"status":"completed","timeStarted":1730935420780,"timeCompleted":1730935420796,"result":"passed"},{"index":1,"status":"completed","timeStarted":1730935420809,"timeCompleted":1730935471201,"result":"failed"}],"name":"descarga-factura-pos","path":"Descarga-factura-POS","timeCompleted":null,"timeStarted":1730935420780}]}},"maxIterations":"1","currentIteration":1,"currentTestIndex":1,"currentSegmentIndex":0,"label":"descarga 5","result":"failed","status":"completed","tests":[{"actions":[{"actorType":"ACTOR1","args":{},"isCheckpoint":false,"description":"Llamar a la macro de login por mail y password","durationMs":0,"macroStack":[],"result":"passed","segment":1},{"action":"org.getopentest.selenium.NavigateTo","actorType":"ACTOR1","args":{"url":"https://oneapp-uat-py.tigocloud.net"},"isCheckpoint":false,"description":"Navegar a oneApp","durationMs":11531,"macroStack":["Login-mail-password.logueo-mail"],"result":"passed","segment":1},{"action":"org.getopentest.selenium.Click","actorType":"ACTOR1","args":{"locator":{"css":".at-button-hight-emphasis"}},"isCheckpoint":false,"description":"Ingresar","durationMs":215,"macroStack":["Login-mail-password.logueo-mail"],"result":"passed","segment":1},{"action":"org.getopentest.selenium.Click","actorType":"ACTOR1","args":{"locator":{"css":"#AceptarBtn"}},"isCheckpoint":false,"description":"Aceptar términos y condiciones","durationMs":26896,"macroStack":["Login-mail-password.logueo-mail"],"result":"passed","segment":1},{"action":"org.getopentest.selenium.SendKeys","actorType":"ACTOR1","args":{"locator":{"css":"materialInput_input__Zhf5S  "},"text":"fernandoaes20@gmail.com"},"isCheckpoint":false,"description":"Ingresar mail","durationMs":11670,"macroStack":["Login-mail-password.logueo-mail"],"result":"failed","screenshot":"SID1730935418_ACTOR1_T01_SG01_ST02_error.png","segment":1,"stackTrace":"java.lang.RuntimeException: java.lang.RuntimeException: Failed sending keys to element By.cssSelector: materialInput_input__Zhf5S  \r\n\tat org.getopentest.base.TestActor.executeActionByClassName(TestActor.java:1670)\r\n\tat org.getopentest.base.TestActor.executeActionByDef(TestActor.java:1749)\r\n\tat org.getopentest.base.TestActor.executeMacroActionByDef(TestActor.java:1938)\r\n\tat org.getopentest.base.TestActor.executeMacroActionByName(TestActor.java:2013)\r\n\tat org.getopentest.base.TestActor.executeActionByDef(TestActor.java:1745)\r\n\tat org.getopentest.base.TestActor.executeTestSegment(TestActor.java:2092)\r\n\tat org.getopentest.base.TestActor.runOneSession(TestActor.java:3077)\r\n\tat org.getopentest.base.TestActor.runOneSession(TestActor.java:3113)\r\n\tat org.getopentest.Main.main(Main.java:20)\r\nCaused by: java.lang.RuntimeException: Failed sending keys to element By.cssSelector: materialInput_input__Zhf5S  \r\n\tat org.getopentest.selenium.SendKeys.run(SendKeys.java:45)\r\n\tat org.getopentest.base.TestActor.executeAction(TestActor.java:1571)\r\n\tat org.getopentest.base.TestActor.executeActionByClassName(TestActor.java:1647)\r\n\t... 8 more\r\nCaused by: org.openqa.selenium.TimeoutException: Expected condition failed: waiting for presence of element located by: By.cssSelector: materialInput_input__Zhf5S   (tried for 10 second(s) with 500 milliseconds interval)\r\n\tat org.openqa.selenium.support.ui.WebDriverWait.timeoutException(WebDriverWait.java:95)\r\n\tat org.openqa.selenium.support.ui.FluentWait.until(FluentWait.java:272)\r\n\tat org.getopentest.selenium.core.SeleniumTestAction.getElement(SeleniumTestAction.java:58)\r\n\tat org.getopentest.selenium.core.SeleniumTestAction.getElement(SeleniumTestAction.java:50)\r\n\tat org.getopentest.selenium.SendKeys.run(SendKeys.java:25)\r\n\t... 10 more\r\nCaused by: org.openqa.selenium.NoSuchElementException: no such element: Unable to locate element: {\"method\":\"css selector\",\"selector\":\"materialInput_input__Zhf5S  \"}\n  (Session info: chrome=130.0.6723.92)\nFor documentation on this error, please visit: https://www.seleniumhq.org/exceptions/no_such_element.html\nBuild info: version: '3.141.59', revision: 'e82be7d358', time: '2018-11-14T08:17:03'\nSystem info: host: 'DESKTOP-8V10OGQ', ip: '192.168.100.7', os.name: 'Windows 10', os.arch: 'amd64', os.version: '10.0', java.version: '11.0.22'\nDriver info: org.openqa.selenium.chrome.ChromeDriver\nCapabilities {acceptInsecureCerts: false, browserName: chrome, browserVersion: 130.0.6723.92, chrome: {chromedriverVersion: 130.0.6723.91 (53ac07678369..., userDataDir: C:\\Users\\Dell\\AppData\\Local...}, fedcm:accounts: true, goog:chromeOptions: {debuggerAddress: localhost:62378}, javascriptEnabled: true, networkConnectionEnabled: false, pageLoadStrategy: normal, platform: WINDOWS, platformName: WINDOWS, proxy: Proxy(), setWindowRect: true, strictFileInteractability: false, timeouts: {implicit: 0, pageLoad: 300000, script: 30000}, unhandledPromptBehavior: dismiss and notify, webauthn:extension:credBlob: true, webauthn:extension:largeBlob: true, webauthn:extension:minPinLength: true, webauthn:extension:prf: true, webauthn:virtualAuthenticators: true}\nSession ID: b1dbba7863319a5ee484e8e5e5ed03bb\n*** Element info: {Using=css selector, value=materialInput_input__Zhf5S  }\r\n\tat jdk.internal.reflect.GeneratedConstructorAccessor11.newInstance(Unknown Source)\r\n\tat java.base/jdk.internal.reflect.DelegatingConstructorAccessorImpl.newInstance(DelegatingConstructorAccessorImpl.java:45)\r\n\tat java.base/java.lang.reflect.Constructor.newInstance(Constructor.java:490)\r\n\tat org.openqa.selenium.remote.http.W3CHttpResponseCodec.createException(W3CHttpResponseCodec.java:187)\r\n\tat org.openqa.selenium.remote.http.W3CHttpResponseCodec.decode(W3CHttpResponseCodec.java:122)\r\n\tat org.openqa.selenium.remote.http.W3CHttpResponseCodec.decode(W3CHttpResponseCodec.java:49)\r\n\tat org.openqa.selenium.remote.HttpCommandExecutor.execute(HttpCommandExecutor.java:158)\r\n\tat org.openqa.selenium.remote.service.DriverCommandExecutor.execute(DriverCommandExecutor.java:83)\r\n\tat org.openqa.selenium.remote.RemoteWebDriver.execute(RemoteWebDriver.java:552)\r\n\tat org.openqa.selenium.remote.RemoteWebDriver.findElement(RemoteWebDriver.java:323)\r\n\tat org.openqa.selenium.remote.RemoteWebDriver.findElementByCssSelector(RemoteWebDriver.java:420)\r\n\tat org.openqa.selenium.By$ByCssSelector.findElement(By.java:431)\r\n\tat org.openqa.selenium.remote.RemoteWebDriver.findElement(RemoteWebDriver.java:315)\r\n\tat org.openqa.selenium.support.ui.ExpectedConditions$6.apply(ExpectedConditions.java:182)\r\n\tat org.openqa.selenium.support.ui.ExpectedConditions$6.apply(ExpectedConditions.java:179)\r\n\tat org.openqa.selenium.support.ui.FluentWait.until(FluentWait.java:249)\r\n\t... 13 more\r\n"},{"action":"org.getopentest.base.MacroAction","actorType":"ACTOR1","args":{},"isCheckpoint":false,"description":"Login-mail-password.logueo-mail","durationMs":50370,"macro":"Login-mail-password.logueo-mail","macroStack":[],"result":"failed","segment":1,"stackTrace":"java.lang.Exception: There was an error executing macro action Login-mail-password.logueo-mail (no arguments were provided)\r\n\tat org.getopentest.base.TestActor.executeMacroActionByName(TestActor.java:2021)\r\n\tat org.getopentest.base.TestActor.executeActionByDef(TestActor.java:1745)\r\n\tat org.getopentest.base.TestActor.executeTestSegment(TestActor.java:2092)\r\n\tat org.getopentest.base.TestActor.runOneSession(TestActor.java:3077)\r\n\tat org.getopentest.base.TestActor.runOneSession(TestActor.java:3113)\r\n\tat org.getopentest.Main.main(Main.java:20)\r\nCaused by: java.lang.RuntimeException: There was an error while executing action no. 4 (org.getopentest.selenium.SendKeys) in macro Login-mail-password/logueo-mail.\nThe action definition was:\n{\n  \"action\": \"org.getopentest.selenium.SendKeys\",\n  \"args\": {\n    \"locator\": {\n      \"css\": \"materialInput_input__Zhf5S  \"\n    },\n    \"text\": \"fernandoaes20@gmail.com\"\n  },\n  \"description\": \"Ingresar mail\"\n}\r\n\tat org.getopentest.base.TestActor.executeMacroActionByDef(TestActor.java:1973)\r\n\tat org.getopentest.base.TestActor.executeMacroActionByName(TestActor.java:2013)\r\n\t... 5 more\r\nCaused by: java.lang.RuntimeException: Failed executing action org.getopentest.selenium.SendKeys with arguments {\"locator\":{\"css\":\"materialInput_input__Zhf5S  \"},\"text\":\"fernandoaes20@gmail.com\"}\r\n\tat org.getopentest.base.TestActor.executeActionByDef(TestActor.java:1872)\r\n\tat org.getopentest.base.TestActor.executeMacroActionByDef(TestActor.java:1938)\r\n\t... 6 more\r\nCaused by: java.lang.RuntimeException: java.lang.RuntimeException: Failed sending keys to element By.cssSelector: materialInput_input__Zhf5S  \r\n\tat org.getopentest.base.TestActor.executeActionByClassName(TestActor.java:1670)\r\n\tat org.getopentest.base.TestActor.executeActionByDef(TestActor.java:1749)\r\n\t... 7 more\r\nCaused by: java.lang.RuntimeException: Failed sending keys to element By.cssSelector: materialInput_input__Zhf5S  \r\n\tat org.getopentest.selenium.SendKeys.run(SendKeys.java:45)\r\n\tat org.getopentest.base.TestActor.executeAction(TestActor.java:1571)\r\n\tat org.getopentest.base.TestActor.executeActionByClassName(TestActor.java:1647)\r\n\t... 8 more\r\nCaused by: org.openqa.selenium.TimeoutException: Expected condition failed: waiting for presence of element located by: By.cssSelector: materialInput_input__Zhf5S   (tried for 10 second(s) with 500 milliseconds interval)\r\n\tat org.openqa.selenium.support.ui.WebDriverWait.timeoutException(WebDriverWait.java:95)\r\n\tat org.openqa.selenium.support.ui.FluentWait.until(FluentWait.java:272)\r\n\tat org.getopentest.selenium.core.SeleniumTestAction.getElement(SeleniumTestAction.java:58)\r\n\tat org.getopentest.selenium.core.SeleniumTestAction.getElement(SeleniumTestAction.java:50)\r\n\tat org.getopentest.selenium.SendKeys.run(SendKeys.java:25)\r\n\t... 10 more\r\nCaused by: org.openqa.selenium.NoSuchElementException: no such element: Unable to locate element: {\"method\":\"css selector\",\"selector\":\"materialInput_input__Zhf5S  \"}\n  (Session info: chrome=130.0.6723.92)\nFor documentation on this error, please visit: https://www.seleniumhq.org/exceptions/no_such_element.html\nBuild info: version: '3.141.59', revision: 'e82be7d358', time: '2018-11-14T08:17:03'\nSystem info: host: 'DESKTOP-8V10OGQ', ip: '192.168.100.7', os.name: 'Windows 10', os.arch: 'amd64', os.version: '10.0', java.version: '11.0.22'\nDriver info: org.openqa.selenium.chrome.ChromeDriver\nCapabilities {acceptInsecureCerts: false, browserName: chrome, browserVersion: 130.0.6723.92, chrome: {chromedriverVersion: 130.0.6723.91 (53ac07678369..., userDataDir: C:\\Users\\Dell\\AppData\\Local...}, fedcm:accounts: true, goog:chromeOptions: {debuggerAddress: localhost:62378}, javascriptEnabled: true, networkConnectionEnabled: false, pageLoadStrategy: normal, platform: WINDOWS, platformName: WINDOWS, proxy: Proxy(), setWindowRect: true, strictFileInteractability: false, timeouts: {implicit: 0, pageLoad: 300000, script: 30000}, unhandledPromptBehavior: dismiss and notify, webauthn:extension:credBlob: true, webauthn:extension:largeBlob: true, webauthn:extension:minPinLength: true, webauthn:extension:prf: true, webauthn:virtualAuthenticators: true}\nSession ID: b1dbba7863319a5ee484e8e5e5ed03bb\n*** Element info: {Using=css selector, value=materialInput_input__Zhf5S  }\r\n\tat jdk.internal.reflect.GeneratedConstructorAccessor11.newInstance(Unknown Source)\r\n\tat java.base/jdk.internal.reflect.DelegatingConstructorAccessorImpl.newInstance(DelegatingConstructorAccessorImpl.java:45)\r\n\tat java.base/java.lang.reflect.Constructor.newInstance(Constructor.java:490)\r\n\tat org.openqa.selenium.remote.http.W3CHttpResponseCodec.createException(W3CHttpResponseCodec.java:187)\r\n\tat org.openqa.selenium.remote.http.W3CHttpResponseCodec.decode(W3CHttpResponseCodec.java:122)\r\n\tat org.openqa.selenium.remote.http.W3CHttpResponseCodec.decode(W3CHttpResponseCodec.java:49)\r\n\tat org.openqa.selenium.remote.HttpCommandExecutor.execute(HttpCommandExecutor.java:158)\r\n\tat org.openqa.selenium.remote.service.DriverCommandExecutor.execute(DriverCommandExecutor.java:83)\r\n\tat org.openqa.selenium.remote.RemoteWebDriver.execute(RemoteWebDriver.java:552)\r\n\tat org.openqa.selenium.remote.RemoteWebDriver.findElement(RemoteWebDriver.java:323)\r\n\tat org.openqa.selenium.remote.RemoteWebDriver.findElementByCssSelector(RemoteWebDriver.java:420)\r\n\tat org.openqa.selenium.By$ByCssSelector.findElement(By.java:431)\r\n\tat org.openqa.selenium.remote.RemoteWebDriver.findElement(RemoteWebDriver.java:315)\r\n\tat org.openqa.selenium.support.ui.ExpectedConditions$6.apply(ExpectedConditions.java:182)\r\n\tat org.openqa.selenium.support.ui.ExpectedConditions$6.apply(ExpectedConditions.java:179)\r\n\tat org.openqa.selenium.support.ui.FluentWait.until(FluentWait.java:249)\r\n\t... 13 more\r\n"}],"currentIteration":1,"currentSegmentIndex":0,"isDataDriven":false,"name":"descarga-factura-pos","path":"Descarga-factura-POS","result":"failed","status":"completed","segments":[{"index":0,"result":"passed","status":"completed","timeStarted":1730935420780,"timeCompleted":1730935420797},{"index":1,"result":"failed","status":"completed","timeStarted":1730935420809,"timeCompleted":1730935471201}],"tags":[],"timeStarted":1730935420780,"timeCompleted":1730935471201}],"timeCreated":1730935418322,"timeStarted":1730935420780,"timeCompleted":1730935471201,"lastActivity":1730935471200,"_id":"OGqg1kyAwIgVnenK","actorTags":[],"environment":"","currentDataRecordIndex":-1}
{"id":1730939445,"actors":{"49615":{"id":49615,"lastSeenTime":1730939439655,"testSessionId":1730939445,"type":"ACTOR1","tags":[],"_id":"BRJjFVAIGFQYcDM6","ip":"::ffff:127.0.0.1","tests":[{"currentSegmentIndex":1,"segments":[{"index":0,"status":"completed","timeStarted":1730939445485,"timeCompleted":1730939445502,"result":"passed"},{"index":1,"status":"completed","timeStarted":1730939445516,"timeCompleted":1730939458664,"result":"failed"}],"name":"descarga-factura-pos","path":"Descarga-factura-POS","timeCompleted":null,"timeStarted":1730939445485}]}},"maxIterations":"1","currentIteration":1,"currentTestIndex":1,"currentSegmentIndex":0,"label":"descarga 20","result":"failed","status":"completed","tests":[{"actions":[{"actorType":"ACTOR1","args":{},"isCheckpoint":false,"description":"Llamar a la macro de login por mail y password","durationMs":0,"macroStack":[],"result":"passed","segment":1},{"action":"org.getopentest.selenium.NavigateTo","actorType":"ACTOR1","args":{"url":"https://oneapp-uat-py.tigocloud.net"},"isCheckpoint":false,"description":"Navegar a oneApp","durationMs":1788,"macroStack":["Login-mail-password.logueo-mail"],"result":"passed","segment":1},{"action":"org.getopentest.selenium.Click","actorType":"ACTOR1","args":{"locator":{"css":".at-button-hight-emphasis"}},"isCheckpoint":false,"description":"Ingresar","durationMs":11329,"macroStack":["Login-mail-password.logueo-mail"],"result":"failed","segment":1,"stackTrace":"java.lang.RuntimeException: java.lang.RuntimeException: Failed clicking on element By.cssSelector: .at-button-hight-emphasis\r\n\tat org.getopentest.base.TestActor.executeActionByClassName(TestActor.java:1670)\r\n\tat org.getopentest.base.TestActor.executeActionByDef(TestActor.java:1749)\r\n\tat org.getopentest.base.TestActor.executeMacroActionByDef(TestActor.java:1938)\r\n\tat org.getopentest.base.TestActor.executeMacroActionByName(TestActor.java:2013)\r\n\tat org.getopentest.base.TestActor.executeActionByDef(TestActor.java:1745)\r\n\tat org.getopentest.base.TestActor.executeTestSegment(TestActor.java:2092)\r\n\tat org.getopentest.base.TestActor.runOneSession(TestActor.java:3077)\r\n\tat org.getopentest.base.TestActor.runOneSession(TestActor.java:3113)\r\n\tat org.getopentest.Main.main(Main.java:20)\r\nCaused by: java.lang.RuntimeException: Failed clicking on element By.cssSelector: .at-button-hight-emphasis\r\n\tat org.getopentest.selenium.Click.run(Click.java:34)\r\n\tat org.getopentest.base.TestActor.executeAction(TestActor.java:1571)\r\n\tat org.getopentest.base.TestActor.executeActionByClassName(TestActor.java:1647)\r\n\t... 8 more\r\nCaused by: org.openqa.selenium.TimeoutException: Expected condition failed: waiting for presence of element located by: By.cssSelector: .at-button-hight-emphasis (tried for 10 second(s) with 500 milliseconds interval)\r\n\tat org.openqa.selenium.support.ui.WebDriverWait.timeoutException(WebDriverWait.java:95)\r\n\tat org.openqa.selenium.support.ui.FluentWait.until(FluentWait.java:272)\r\n\tat org.getopentest.selenium.core.SeleniumTestAction.getElement(SeleniumTestAction.java:58)\r\n\tat org.getopentest.selenium.core.SeleniumTestAction.getElement(SeleniumTestAction.java:50)\r\n\tat org.getopentest.selenium.Click.run(Click.java:29)\r\n\t... 10 more\r\nCaused by: org.openqa.selenium.NoSuchWindowException: no such window: target window already closed\nfrom unknown error: web view not found\n  (Session info: chrome=130.0.6723.92)\nBuild info: version: '3.141.59', revision: 'e82be7d358', time: '2018-11-14T08:17:03'\nSystem info: host: 'DESKTOP-8V10OGQ', ip: '10.21.32.3', os.name: 'Windows 10', os.arch: 'amd64', os.version: '10.0', java.version: '11.0.22'\nDriver info: org.openqa.selenium.chrome.ChromeDriver\nCapabilities {acceptInsecureCerts: false, browserName: chrome, browserVersion: 130.0.6723.92, chrome: {chromedriverVersion: 130.0.6723.91 (53ac07678369..., userDataDir: C:\\Users\\Dell\\AppData\\Local...}, fedcm:accounts: true, goog:chromeOptions: {debuggerAddress: localhost:55105}, javascriptEnabled: true, networkConnectionEnabled: false, pageLoadStrategy: normal, platform: WINDOWS, platformName: WINDOWS, proxy: Proxy(), setWindowRect: true, strictFileInteractability: false, timeouts: {implicit: 0, pageLoad: 300000, script: 30000}, unhandledPromptBehavior: dismiss and notify, webauthn:extension:credBlob: true, webauthn:extension:largeBlob: true, webauthn:extension:minPinLength: true, webauthn:extension:prf: true, webauthn:virtualAuthenticators: true}\nSession ID: 1f791e421afaeeecc834b9938144b7f8\n*** Element info: {Using=css selector, value=.at-button-hight-emphasis}\r\n\tat java.base/jdk.internal.reflect.NativeConstructorAccessorImpl.newInstance0(Native Method)\r\n\tat java.base/jdk.internal.reflect.NativeConstructorAccessorImpl.newInstance(NativeConstructorAccessorImpl.java:62)\r\n\tat java.base/jdk.internal.reflect.DelegatingConstructorAccessorImpl.newInstance(DelegatingConstructorAccessorImpl.java:45)\r\n\tat java.base/java.lang.reflect.Constructor.newInstance(Constructor.java:490)\r\n\tat org.openqa.selenium.remote.http.W3CHttpResponseCodec.createException(W3CHttpResponseCodec.java:187)\r\n\tat org.openqa.selenium.remote.http.W3CHttpResponseCodec.decode(W3CHttpResponseCodec.java:122)\r\n\tat org.openqa.selenium.remote.http.W3CHttpResponseCodec.decode(W3CHttpResponseCodec.java:49)\r\n\tat org.openqa.selenium.remote.HttpCommandExecutor.execute(HttpCommandExecutor.java:158)\r\n\tat org.openqa.selenium.remote.service.DriverCommandExecutor.execute(DriverCommandExecutor.java:83)\r\n\tat org.openqa.selenium.remote.RemoteWebDriver.execute(RemoteWebDriver.java:552)\r\n\tat org.openqa.selenium.remote.RemoteWebDriver.findElement(RemoteWebDriver.java:323)\r\n\tat org.openqa.selenium.remote.RemoteWebDriver.findElementByCssSelector(RemoteWebDriver.java:420)\r\n\tat org.openqa.selenium.By$ByCssSelector.findElement(By.java:431)\r\n\tat org.openqa.selenium.remote.RemoteWebDriver.findElement(RemoteWebDriver.java:315)\r\n\tat org.openqa.selenium.support.ui.ExpectedConditions$6.apply(ExpectedConditions.java:182)\r\n\tat org.openqa.selenium.support.ui.ExpectedConditions$6.apply(ExpectedConditions.java:179)\r\n\tat org.openqa.selenium.support.ui.FluentWait.until(FluentWait.java:249)\r\n\t... 13 more\r\n"},{"action":"org.getopentest.base.MacroAction","actorType":"ACTOR1","args":{},"isCheckpoint":false,"description":"Login-mail-password.logueo-mail","durationMs":13137,"macro":"Login-mail-password.logueo-mail","macroStack":[],"result":"failed","segment":1,"stackTrace":"java.lang.Exception: There was an error executing macro action Login-mail-password.logueo-mail (no arguments were provided)\r\n\tat org.getopentest.base.TestActor.executeMacroActionByName(TestActor.java:2021)\r\n\tat org.getopentest.base.TestActor.executeActionByDef(TestActor.java:1745)\r\n\tat org.getopentest.base.TestActor.executeTestSegment(TestActor.java:2092)\r\n\tat org.getopentest.base.TestActor.runOneSession(TestActor.java:3077)\r\n\tat org.getopentest.base.TestActor.runOneSession(TestActor.java:3113)\r\n\tat org.getopentest.Main.main(Main.java:20)\r\nCaused by: java.lang.RuntimeException: There was an error while executing action no. 2 (org.getopentest.selenium.Click) in macro Login-mail-password/logueo-mail.\nThe action definition was:\n{\n  \"action\": \"org.getopentest.selenium.Click\",\n  \"args\": {\n    \"locator\": {\n      \"css\": \".at-button-hight-emphasis\"\n    }\n  },\n  \"description\": \"Ingresar\"\n}\r\n\tat org.getopentest.base.TestActor.executeMacroActionByDef(TestActor.java:1973)\r\n\tat org.getopentest.base.TestActor.executeMacroActionByName(TestActor.java:2013)\r\n\t... 5 more\r\nCaused by: java.lang.RuntimeException: Failed executing action org.getopentest.selenium.Click with arguments {\"locator\":{\"css\":\".at-button-hight-emphasis\"}}\r\n\tat org.getopentest.base.TestActor.executeActionByDef(TestActor.java:1872)\r\n\tat org.getopentest.base.TestActor.executeMacroActionByDef(TestActor.java:1938)\r\n\t... 6 more\r\nCaused by: java.lang.RuntimeException: java.lang.RuntimeException: Failed clicking on element By.cssSelector: .at-button-hight-emphasis\r\n\tat org.getopentest.base.TestActor.executeActionByClassName(TestActor.java:1670)\r\n\tat org.getopentest.base.TestActor.executeActionByDef(TestActor.java:1749)\r\n\t... 7 more\r\nCaused by: java.lang.RuntimeException: Failed clicking on element By.cssSelector: .at-button-hight-emphasis\r\n\tat org.getopentest.selenium.Click.run(Click.java:34)\r\n\tat org.getopentest.base.TestActor.executeAction(TestActor.java:1571)\r\n\tat org.getopentest.base.TestActor.executeActionByClassName(TestActor.java:1647)\r\n\t... 8 more\r\nCaused by: org.openqa.selenium.TimeoutException: Expected condition failed: waiting for presence of element located by: By.cssSelector: .at-button-hight-emphasis (tried for 10 second(s) with 500 milliseconds interval)\r\n\tat org.openqa.selenium.support.ui.WebDriverWait.timeoutException(WebDriverWait.java:95)\r\n\tat org.openqa.selenium.support.ui.FluentWait.until(FluentWait.java:272)\r\n\tat org.getopentest.selenium.core.SeleniumTestAction.getElement(SeleniumTestAction.java:58)\r\n\tat org.getopentest.selenium.core.SeleniumTestAction.getElement(SeleniumTestAction.java:50)\r\n\tat org.getopentest.selenium.Click.run(Click.java:29)\r\n\t... 10 more\r\nCaused by: org.openqa.selenium.NoSuchWindowException: no such window: target window already closed\nfrom unknown error: web view not found\n  (Session info: chrome=130.0.6723.92)\nBuild info: version: '3.141.59', revision: 'e82be7d358', time: '2018-11-14T08:17:03'\nSystem info: host: 'DESKTOP-8V10OGQ', ip: '10.21.32.3', os.name: 'Windows 10', os.arch: 'amd64', os.version: '10.0', java.version: '11.0.22'\nDriver info: org.openqa.selenium.chrome.ChromeDriver\nCapabilities {acceptInsecureCerts: false, browserName: chrome, browserVersion: 130.0.6723.92, chrome: {chromedriverVersion: 130.0.6723.91 (53ac07678369..., userDataDir: C:\\Users\\Dell\\AppData\\Local...}, fedcm:accounts: true, goog:chromeOptions: {debuggerAddress: localhost:55105}, javascriptEnabled: true, networkConnectionEnabled: false, pageLoadStrategy: normal, platform: WINDOWS, platformName: WINDOWS, proxy: Proxy(), setWindowRect: true, strictFileInteractability: false, timeouts: {implicit: 0, pageLoad: 300000, script: 30000}, unhandledPromptBehavior: dismiss and notify, webauthn:extension:credBlob: true, webauthn:extension:largeBlob: true, webauthn:extension:minPinLength: true, webauthn:extension:prf: true, webauthn:virtualAuthenticators: true}\nSession ID: 1f791e421afaeeecc834b9938144b7f8\n*** Element info: {Using=css selector, value=.at-button-hight-emphasis}\r\n\tat java.base/jdk.internal.reflect.NativeConstructorAccessorImpl.newInstance0(Native Method)\r\n\tat java.base/jdk.internal.reflect.NativeConstructorAccessorImpl.newInstance(NativeConstructorAccessorImpl.java:62)\r\n\tat java.base/jdk.internal.reflect.DelegatingConstructorAccessorImpl.newInstance(DelegatingConstructorAccessorImpl.java:45)\r\n\tat java.base/java.lang.reflect.Constructor.newInstance(Constructor.java:490)\r\n\tat org.openqa.selenium.remote.http.W3CHttpResponseCodec.createException(W3CHttpResponseCodec.java:187)\r\n\tat org.openqa.selenium.remote.http.W3CHttpResponseCodec.decode(W3CHttpResponseCodec.java:122)\r\n\tat org.openqa.selenium.remote.http.W3CHttpResponseCodec.decode(W3CHttpResponseCodec.java:49)\r\n\tat org.openqa.selenium.remote.HttpCommandExecutor.execute(HttpCommandExecutor.java:158)\r\n\tat org.openqa.selenium.remote.service.DriverCommandExecutor.execute(DriverCommandExecutor.java:83)\r\n\tat org.openqa.selenium.remote.RemoteWebDriver.execute(RemoteWebDriver.java:552)\r\n\tat org.openqa.selenium.remote.RemoteWebDriver.findElement(RemoteWebDriver.java:323)\r\n\tat org.openqa.selenium.remote.RemoteWebDriver.findElementByCssSelector(RemoteWebDriver.java:420)\r\n\tat org.openqa.selenium.By$ByCssSelector.findElement(By.java:431)\r\n\tat org.openqa.selenium.remote.RemoteWebDriver.findElement(RemoteWebDriver.java:315)\r\n\tat org.openqa.selenium.support.ui.ExpectedConditions$6.apply(ExpectedConditions.java:182)\r\n\tat org.openqa.selenium.support.ui.ExpectedConditions$6.apply(ExpectedConditions.java:179)\r\n\tat org.openqa.selenium.support.ui.FluentWait.until(FluentWait.java:249)\r\n\t... 13 more\r\n"}],"currentIteration":1,"currentSegmentIndex":0,"isDataDriven":false,"name":"descarga-factura-pos","path":"Descarga-factura-POS","result":"failed","status":"completed","segments":[{"index":0,"result":"passed","status":"completed","timeStarted":1730939445485,"timeCompleted":1730939445502},{"index":1,"result":"failed","status":"completed","timeStarted":1730939445516,"timeCompleted":1730939458664}],"tags":[],"timeStarted":1730939445485,"timeCompleted":1730939458664}],"timeCreated":1730939444561,"timeStarted":1730939445485,"timeCompleted":1730939458664,"lastActivity":1730939458664,"_id":"SozSg3O00dNalX6D","actorTags":[],"environment":"","currentDataRecordIndex":-1}
{"id":1730935126,"actors":{"37798":{"id":37798,"lastSeenTime":1730935123574,"testSessionId":1730935126,"type":"ACTOR1","tags":[],"_id":"6gJRwM9BNelv2nm9","ip":"::ffff:127.0.0.1","tests":[{"currentSegmentIndex":1,"segments":[{"index":0,"status":"completed","timeStarted":1730935129291,"timeCompleted":1730935129302,"result":"passed"},{"index":1,"status":"completed","timeStarted":1730935129325,"timeCompleted":1730935154736,"result":"failed"}],"name":"descarga-factura-pos","path":"Descarga-factura-POS","timeCompleted":null,"timeStarted":1730935129291}]}},"maxIterations":"1","currentIteration":1,"currentTestIndex":1,"currentSegmentIndex":0,"label":"descarga 2","result":"failed","status":"completed","tests":[{"actions":[{"actorType":"ACTOR1","args":{},"isCheckpoint":false,"description":"Llamar a la macro de login por mail y password","durationMs":0,"macroStack":[],"result":"passed","segment":1},{"action":"org.getopentest.selenium.NavigateTo","actorType":"ACTOR1","args":{"url":"https://oneapp-uat-py.tigocloud.net"},"isCheckpoint":false,"description":"Navegar a oneApp","durationMs":8823,"macroStack":["Login-mail-password.logueo-mail"],"result":"passed","segment":1},{"action":"org.getopentest.selenium.Click","actorType":"ACTOR1","args":{"locator":{"css":".at-button-hight-emphasis"}},"isCheckpoint":false,"description":"Ingresar","durationMs":292,"macroStack":["Login-mail-password.logueo-mail"],"result":"passed","segment":1},{"action":"org.getopentest.selenium.Click","actorType":"ACTOR1","args":{"locator":{"css":"#AceptarBtn"}},"isCheckpoint":false,"description":"Aceptar términos y condiciones","durationMs":4165,"macroStack":["Login-mail-password.logueo-mail"],"result":"passed","segment":1},{"action":"org.getopentest.selenium.SendKeys","actorType":"ACTOR1","args":{"locator":{"css":"#email"},"text":"fernandoaes20@gmail.com"},"isCheckpoint":false,"description":"Ingresar mail","durationMs":352,"macroStack":["Login-mail-password.logueo-mail"],"result":"passed","segment":1},{"action":"org.getopentest.selenium.Click","actorType":"ACTOR1","args":{"locator":{"css":".icon-ma-button.icon-ma-button-enable"}},"isCheckpoint":false,"description":"Click en botón de contraseña","durationMs":172,"macroStack":["Login-mail-password.logueo-mail"],"result":"passed","segment":1},{"action":"org.getopentest.selenium.SendKeys","actorType":"ACTOR1","args":{"locator":{"xpath":"//*[@id='root']/div/div/div[2]/div[2]/div/input"},"text":"tu_contraseña"},"isCheckpoint":false,"description":"Ingresar contraseña","durationMs":11535,"macroStack":["Login-mail-password.logueo-mail"],"result":"failed","screenshot":"SID1730935126_ACTOR1_T01_SG01_ST02_error.png","segment":1,"stackTrace":"java.lang.RuntimeException: java.lang.RuntimeException: Failed sending keys to element By.xpath: //*[@id='root']/div/div/div[2]/div[2]/div/input\r\n\tat org.getopentest.base.TestActor.executeActionByClassName(TestActor.java:1670)\r\n\tat org.getopentest.base.TestActor.executeActionByDef(TestActor.java:1749)\r\n\tat org.getopentest.base.TestActor.executeMacroActionByDef(TestActor.java:1938)\r\n\tat org.getopentest.base.TestActor.executeMacroActionByName(TestActor.java:2013)\r\n\tat org.getopentest.base.TestActor.executeActionByDef(TestActor.java:1745)\r\n\tat org.getopentest.base.TestActor.executeTestSegment(TestActor.java:2092)\r\n\tat org.getopentest.base.TestActor.runOneSession(TestActor.java:3077)\r\n\tat org.getopentest.base.TestActor.runOneSession(TestActor.java:3113)\r\n\tat org.getopentest.Main.main(Main.java:20)\r\nCaused by: java.lang.RuntimeException: Failed sending keys to element By.xpath: //*[@id='root']/div/div/div[2]/div[2]/div/input\r\n\tat org.getopentest.selenium.SendKeys.run(SendKeys.java:45)\r\n\tat org.getopentest.base.TestActor.executeAction(TestActor.java:1571)\r\n\tat org.getopentest.base.TestActor.executeActionByClassName(TestActor.java:1647)\r\n\t... 8 more\r\nCaused by: org.openqa.selenium.TimeoutException: Expected condition failed: waiting for presence of element located by: By.xpath: //*[@id='root']/div/div/div[2]/div[2]/div/input (tried for 10 second(s) with 500 milliseconds interval)\r\n\tat org.openqa.selenium.support.ui.WebDriverWait.timeoutException(WebDriverWait.java:95)\r\n\tat org.openqa.selenium.support.ui.FluentWait.until(FluentWait.java:272)\r\n\tat org.getopentest.selenium.core.SeleniumTestAction.getElement(SeleniumTestAction.java:58)\r\n\tat org.getopentest.selenium.core.SeleniumTestAction.getElement(SeleniumTestAction.java:50)\r\n\tat org.getopentest.selenium.SendKeys.run(SendKeys.java:25)\r\n\t... 10 more\r\nCaused by: org.openqa.selenium.NoSuchElementException: no such element: Unable to locate element: {\"method\":\"xpath\",\"selector\":\"//*[@id='root']/div/div/div[2]/div[2]/div/input\"}\n  (Session info: chrome=130.0.6723.92)\nFor documentation on this error, please visit: https://www.seleniumhq.org/exceptions/no_such_element.html\nBuild info: version: '3.141.59', revision: 'e82be7d358', time: '2018-11-14T08:17:03'\nSystem info: host: 'DESKTOP-8V10OGQ', ip: '192.168.100.7', os.name: 'Windows 10', os.arch: 'amd64', os.version: '10.0', java.version: '11.0.22'\nDriver info: org.openqa.selenium.chrome.ChromeDriver\nCapabilities {acceptInsecureCerts: false, browserName: chrome, browserVersion: 130.0.6723.92, chrome: {chromedriverVersion: 130.0.6723.91 (53ac07678369..., userDataDir: C:\\Users\\Dell\\AppData\\Local...}, fedcm:accounts: true, goog:chromeOptions: {debuggerAddress: localhost:61846}, javascriptEnabled: true, networkConnectionEnabled: false, pageLoadStrategy: normal, platform: WINDOWS, platformName: WINDOWS, proxy: Proxy(), setWindowRect: true, strictFileInteractability: false, timeouts: {implicit: 0, pageLoad: 300000, script: 30000}, unhandledPromptBehavior: dismiss and notify, webauthn:extension:credBlob: true, webauthn:extension:largeBlob: true, webauthn:extension:minPinLength: true, webauthn:extension:prf: true, webauthn:virtualAuthenticators: true}\nSession ID: 7ff269dc76fe6e84c38b612a9f82e546\n*** Element info: {Using=xpath, value=//*[@id='root']/div/div/div[2]/div[2]/div/input}\r\n\tat jdk.internal.reflect.GeneratedConstructorAccessor11.newInstance(Unknown Source)\r\n\tat java.base/jdk.internal.reflect.DelegatingConstructorAccessorImpl.newInstance(DelegatingConstructorAccessorImpl.java:45)\r\n\tat java.base/java.lang.reflect.Constructor.newInstance(Constructor.java:490)\r\n\tat org.openqa.selenium.remote.http.W3CHttpResponseCodec.createException(W3CHttpResponseCodec.java:187)\r\n\tat org.openqa.selenium.remote.http.W3CHttpResponseCodec.decode(W3CHttpResponseCodec.java:122)\r\n\tat org.openqa.selenium.remote.http.W3CHttpResponseCodec.decode(W3CHttpResponseCodec.java:49)\r\n\tat org.openqa.selenium.remote.HttpCommandExecutor.execute(HttpCommandExecutor.java:158)\r\n\tat org.openqa.selenium.remote.service.DriverCommandExecutor.execute(DriverCommandExecutor.java:83)\r\n\tat org.openqa.selenium.remote.RemoteWebDriver.execute(RemoteWebDriver.java:552)\r\n\tat org.openqa.selenium.remote.RemoteWebDriver.findElement(RemoteWebDriver.java:323)\r\n\tat org.openqa.selenium.remote.RemoteWebDriver.findElementByXPath(RemoteWebDriver.java:428)\r\n\tat org.openqa.selenium.By$ByXPath.findElement(By.java:353)\r\n\tat org.openqa.selenium.remote.RemoteWebDriver.findElement(RemoteWebDriver.java:315)\r\n\tat org.openqa.selenium.support.ui.ExpectedConditions$6.apply(ExpectedConditions.java:182)\r\n\tat org.openqa.selenium.support.ui.ExpectedConditions$6.apply(ExpectedConditions.java:179)\r\n\tat org.openqa.selenium.support.ui.FluentWait.until(FluentWait.java:249)\r\n\t... 13 more\r\n"},{"action":"org.getopentest.base.MacroAction","actorType":"ACTOR1","args":{},"isCheckpoint":false,"description":"Login-mail-password.logueo-mail","durationMs":25391,"macro":"Login-mail-password.logueo-mail","macroStack":[],"result":"failed","segment":1,"stackTrace":"java.lang.Exception: There was an error executing macro action Login-mail-password.logueo-mail (no arguments were provided)\r\n\tat org.getopentest.base.TestActor.executeMacroActionByName(TestActor.java:2021)\r\n\tat org.getopentest.base.TestActor.executeActionByDef(TestActor.java:1745)\r\n\tat org.getopentest.base.TestActor.executeTestSegment(TestActor.java:2092)\r\n\tat org.getopentest.base.TestActor.runOneSession(TestActor.java:3077)\r\n\tat org.getopentest.base.TestActor.runOneSession(TestActor.java:3113)\r\n\tat org.getopentest.Main.main(Main.java:20)\r\nCaused by: java.lang.RuntimeException: There was an error while executing action no. 6 (org.getopentest.selenium.SendKeys) in macro Login-mail-password/logueo-mail.\nThe action definition was:\n{\n  \"action\": \"org.getopentest.selenium.SendKeys\",\n  \"args\": {\n    \"locator\": {\n      \"xpath\": \"//*[@id='root']/div/div/div[2]/div[2]/div/input\"\n    },\n    \"text\": \"tu_contraseña\"\n  },\n  \"description\": \"Ingresar contraseña\"\n}\r\n\tat org.getopentest.base.TestActor.executeMacroActionByDef(TestActor.java:1973)\r\n\tat org.getopentest.base.TestActor.executeMacroActionByName(TestActor.java:2013)\r\n\t... 5 more\r\nCaused by: java.lang.RuntimeException: Failed executing action org.getopentest.selenium.SendKeys with arguments {\"locator\":{\"xpath\":\"//*[@id='root']/div/div/div[2]/div[2]/div/input\"},\"text\":\"tu_contraseña\"}\r\n\tat org.getopentest.base.TestActor.executeActionByDef(TestActor.java:1872)\r\n\tat org.getopentest.base.TestActor.executeMacroActionByDef(TestActor.java:1938)\r\n\t... 6 more\r\nCaused by: java.lang.RuntimeException: java.lang.RuntimeException: Failed sending keys to element By.xpath: //*[@id='root']/div/div/div[2]/div[2]/div/input\r\n\tat org.getopentest.base.TestActor.executeActionByClassName(TestActor.java:1670)\r\n\tat org.getopentest.base.TestActor.executeActionByDef(TestActor.java:1749)\r\n\t... 7 more\r\nCaused by: java.lang.RuntimeException: Failed sending keys to element By.xpath: //*[@id='root']/div/div/div[2]/div[2]/div/input\r\n\tat org.getopentest.selenium.SendKeys.run(SendKeys.java:45)\r\n\tat org.getopentest.base.TestActor.executeAction(TestActor.java:1571)\r\n\tat org.getopentest.base.TestActor.executeActionByClassName(TestActor.java:1647)\r\n\t... 8 more\r\nCaused by: org.openqa.selenium.TimeoutException: Expected condition failed: waiting for presence of element located by: By.xpath: //*[@id='root']/div/div/div[2]/div[2]/div/input (tried for 10 second(s) with 500 milliseconds interval)\r\n\tat org.openqa.selenium.support.ui.WebDriverWait.timeoutException(WebDriverWait.java:95)\r\n\tat org.openqa.selenium.support.ui.FluentWait.until(FluentWait.java:272)\r\n\tat org.getopentest.selenium.core.SeleniumTestAction.getElement(SeleniumTestAction.java:58)\r\n\tat org.getopentest.selenium.core.SeleniumTestAction.getElement(SeleniumTestAction.java:50)\r\n\tat org.getopentest.selenium.SendKeys.run(SendKeys.java:25)\r\n\t... 10 more\r\nCaused by: org.openqa.selenium.NoSuchElementException: no such element: Unable to locate element: {\"method\":\"xpath\",\"selector\":\"//*[@id='root']/div/div/div[2]/div[2]/div/input\"}\n  (Session info: chrome=130.0.6723.92)\nFor documentation on this error, please visit: https://www.seleniumhq.org/exceptions/no_such_element.html\nBuild info: version: '3.141.59', revision: 'e82be7d358', time: '2018-11-14T08:17:03'\nSystem info: host: 'DESKTOP-8V10OGQ', ip: '192.168.100.7', os.name: 'Windows 10', os.arch: 'amd64', os.version: '10.0', java.version: '11.0.22'\nDriver info: org.openqa.selenium.chrome.ChromeDriver\nCapabilities {acceptInsecureCerts: false, browserName: chrome, browserVersion: 130.0.6723.92, chrome: {chromedriverVersion: 130.0.6723.91 (53ac07678369..., userDataDir: C:\\Users\\Dell\\AppData\\Local...}, fedcm:accounts: true, goog:chromeOptions: {debuggerAddress: localhost:61846}, javascriptEnabled: true, networkConnectionEnabled: false, pageLoadStrategy: normal, platform: WINDOWS, platformName: WINDOWS, proxy: Proxy(), setWindowRect: true, strictFileInteractability: false, timeouts: {implicit: 0, pageLoad: 300000, script: 30000}, unhandledPromptBehavior: dismiss and notify, webauthn:extension:credBlob: true, webauthn:extension:largeBlob: true, webauthn:extension:minPinLength: true, webauthn:extension:prf: true, webauthn:virtualAuthenticators: true}\nSession ID: 7ff269dc76fe6e84c38b612a9f82e546\n*** Element info: {Using=xpath, value=//*[@id='root']/div/div/div[2]/div[2]/div/input}\r\n\tat jdk.internal.reflect.GeneratedConstructorAccessor11.newInstance(Unknown Source)\r\n\tat java.base/jdk.internal.reflect.DelegatingConstructorAccessorImpl.newInstance(DelegatingConstructorAccessorImpl.java:45)\r\n\tat java.base/java.lang.reflect.Constructor.newInstance(Constructor.java:490)\r\n\tat org.openqa.selenium.remote.http.W3CHttpResponseCodec.createException(W3CHttpResponseCodec.java:187)\r\n\tat org.openqa.selenium.remote.http.W3CHttpResponseCodec.decode(W3CHttpResponseCodec.java:122)\r\n\tat org.openqa.selenium.remote.http.W3CHttpResponseCodec.decode(W3CHttpResponseCodec.java:49)\r\n\tat org.openqa.selenium.remote.HttpCommandExecutor.execute(HttpCommandExecutor.java:158)\r\n\tat org.openqa.selenium.remote.service.DriverCommandExecutor.execute(DriverCommandExecutor.java:83)\r\n\tat org.openqa.selenium.remote.RemoteWebDriver.execute(RemoteWebDriver.java:552)\r\n\tat org.openqa.selenium.remote.RemoteWebDriver.findElement(RemoteWebDriver.java:323)\r\n\tat org.openqa.selenium.remote.RemoteWebDriver.findElementByXPath(RemoteWebDriver.java:428)\r\n\tat org.openqa.selenium.By$ByXPath.findElement(By.java:353)\r\n\tat org.openqa.selenium.remote.RemoteWebDriver.findElement(RemoteWebDriver.java:315)\r\n\tat org.openqa.selenium.support.ui.ExpectedConditions$6.apply(ExpectedConditions.java:182)\r\n\tat org.openqa.selenium.support.ui.ExpectedConditions$6.apply(ExpectedConditions.java:179)\r\n\tat org.openqa.selenium.support.ui.FluentWait.until(FluentWait.java:249)\r\n\t... 13 more\r\n"}],"currentIteration":1,"currentSegmentIndex":0,"isDataDriven":false,"name":"descarga-factura-pos","path":"Descarga-factura-POS","result":"failed","status":"completed","segments":[{"index":0,"result":"passed","status":"completed","timeStarted":1730935129291,"timeCompleted":1730935129302},{"index":1,"result":"failed","status":"completed","timeStarted":1730935129325,"timeCompleted":1730935154736}],"tags":[],"timeStarted":1730935129291,"timeCompleted":1730935154736}],"timeCreated":1730935126373,"timeStarted":1730935129291,"timeCompleted":1730935154736,"lastActivity":1730935154735,"_id":"VGPZkPzPdQd0bDIi","actorTags":[],"environment":"","currentDataRecordIndex":-1}
{"id":1730935846,"actors":{"37798":{"id":37798,"lastSeenTime":1730935841537,"testSessionId":1730935846,"type":"ACTOR1","tags":[],"_id":"6gJRwM9BNelv2nm9","ip":"::ffff:127.0.0.1","tests":[{"currentSegmentIndex":1,"segments":[{"index":0,"status":"completed","timeStarted":1730935846848,"timeCompleted":1730935846863,"result":"passed"},{"index":1,"status":"completed","timeStarted":1730935846878,"timeCompleted":1730935861837,"result":"failed"}],"name":"descarga-factura-pos","path":"Descarga-factura-POS","timeCompleted":null,"timeStarted":1730935846848}]}},"maxIterations":"1","currentIteration":1,"currentTestIndex":1,"currentSegmentIndex":0,"label":"descarga 9","result":"failed","status":"completed","tests":[{"actions":[{"actorType":"ACTOR1","args":{},"isCheckpoint":false,"description":"Llamar a la macro de login por mail y password","durationMs":0,"macroStack":[],"result":"passed","segment":1},{"action":"org.getopentest.selenium.NavigateTo","actorType":"ACTOR1","args":{"url":"https://oneapp-uat-py.tigocloud.net"},"isCheckpoint":false,"description":"Navegar a oneApp","durationMs":9221,"macroStack":["Login-mail-password.logueo-mail"],"result":"passed","segment":1},{"action":"org.getopentest.selenium.Click","actorType":"ACTOR1","args":{"locator":{"css":".at-button-hight-emphasis"}},"isCheckpoint":false,"description":"Ingresar","durationMs":210,"macroStack":["Login-mail-password.logueo-mail"],"result":"passed","segment":1},{"action":"org.getopentest.selenium.Click","actorType":"ACTOR1","args":{"locator":{"css":"#AceptarBtn"}},"isCheckpoint":false,"description":"Aceptar términos y condiciones","durationMs":3727,"macroStack":["Login-mail-password.logueo-mail"],"result":"passed","segment":1},{"action":"org.getopentest.selenium.SendKeys","actorType":"ACTOR1","args":{"locator":{"css":".materialInput_input__Zhf5S"},"text":"fernandoaes20@gmail.com"},"isCheckpoint":false,"description":"Ingresar mail","durationMs":319,"macroStack":["Login-mail-password.logueo-mail"],"result":"passed","segment":1},{"action":"org.getopentest.selenium.Click","actorType":"ACTOR1","args":{"locator":{"css":".icon-ma-button.icon-ma-button-enable"}},"isCheckpoint":false,"description":"Click en botón de contraseña","durationMs":173,"macroStack":["Login-mail-password.logueo-mail"],"result":"passed","segment":1},{"action":"org.getopentest.selenium.SendKeys","actorType":"ACTOR1","args":{"locator":{"xpath":"//*[@id=\"root\"]/div/div/div/div[2]/div[2]/div/input","text":"NuncaOlvidar30!"}},"isCheckpoint":false,"description":"Ingresar contraseña","durationMs":1247,"macroStack":["Login-mail-password.logueo-mail"],"result":"failed","screenshot":"SID1730935846_ACTOR1_T01_SG01_ST02_error.png","segment":1,"stackTrace":"java.lang.RuntimeException: java.lang.RuntimeException: Failed sending keys to element By.xpath: //*[@id=\"root\"]/div/div/div/div[2]/div[2]/div/input\r\n\tat org.getopentest.base.TestActor.executeActionByClassName(TestActor.java:1670)\r\n\tat org.getopentest.base.TestActor.executeActionByDef(TestActor.java:1749)\r\n\tat org.getopentest.base.TestActor.executeMacroActionByDef(TestActor.java:1938)\r\n\tat org.getopentest.base.TestActor.executeMacroActionByName(TestActor.java:2013)\r\n\tat org.getopentest.base.TestActor.executeActionByDef(TestActor.java:1745)\r\n\tat org.getopentest.base.TestActor.executeTestSegment(TestActor.java:2092)\r\n\tat org.getopentest.base.TestActor.runOneSession(TestActor.java:3077)\r\n\tat org.getopentest.base.TestActor.runOneSession(TestActor.java:3113)\r\n\tat org.getopentest.Main.main(Main.java:20)\r\nCaused by: java.lang.RuntimeException: Failed sending keys to element By.xpath: //*[@id=\"root\"]/div/div/div/div[2]/div[2]/div/input\r\n\tat org.getopentest.selenium.SendKeys.run(SendKeys.java:45)\r\n\tat org.getopentest.base.TestActor.executeAction(TestActor.java:1571)\r\n\tat org.getopentest.base.TestActor.executeActionByClassName(TestActor.java:1647)\r\n\t... 8 more\r\nCaused by: java.lang.RuntimeException: Neither the \"text\" argument, nor the \"key\" argument were provided.\r\n\tat org.getopentest.selenium.SendKeys.run(SendKeys.java:38)\r\n\t... 10 more\r\n"},{"action":"org.getopentest.base.MacroAction","actorType":"ACTOR1","args":{},"isCheckpoint":false,"description":"Login-mail-password.logueo-mail","durationMs":14934,"macro":"Login-mail-password.logueo-mail","macroStack":[],"result":"failed","segment":1,"stackTrace":"java.lang.Exception: There was an error executing macro action Login-mail-password.logueo-mail (no arguments were provided)\r\n\tat org.getopentest.base.TestActor.executeMacroActionByName(TestActor.java:2021)\r\n\tat org.getopentest.base.TestActor.executeActionByDef(TestActor.java:1745)\r\n\tat org.getopentest.base.TestActor.executeTestSegment(TestActor.java:2092)\r\n\tat org.getopentest.base.TestActor.runOneSession(TestActor.java:3077)\r\n\tat org.getopentest.base.TestActor.runOneSession(TestActor.java:3113)\r\n\tat org.getopentest.Main.main(Main.java:20)\r\nCaused by: java.lang.RuntimeException: There was an error while executing action no. 6 (org.getopentest.selenium.SendKeys) in macro Login-mail-password/logueo-mail.\nThe action definition was:\n{\n  \"action\": \"org.getopentest.selenium.SendKeys\",\n  \"args\": {\n    \"locator\": {\n      \"xpath\": \"//*[@id=\\\"root\\\"]/div/div/div/div[2]/div[2]/div/input\",\n      \"text\": \"NuncaOlvidar30!\"\n    }\n  },\n  \"description\": \"Ingresar contraseña\"\n}\r\n\tat org.getopentest.base.TestActor.executeMacroActionByDef(TestActor.java:1973)\r\n\tat org.getopentest.base.TestActor.executeMacroActionByName(TestActor.java:2013)\r\n\t... 5 more\r\nCaused by: java.lang.RuntimeException: Failed executing action org.getopentest.selenium.SendKeys with arguments {\"locator\":{\"xpath\":\"//*[@id=\\\"root\\\"]/div/div/div/div[2]/div[2]/div/input\",\"text\":\"NuncaOlvidar30!\"}}\r\n\tat org.getopentest.base.TestActor.executeActionByDef(TestActor.java:1872)\r\n\tat org.getopentest.base.TestActor.executeMacroActionByDef(TestActor.java:1938)\r\n\t... 6 more\r\nCaused by: java.lang.RuntimeException: java.lang.RuntimeException: Failed sending keys to element By.xpath: //*[@id=\"root\"]/div/div/div/div[2]/div[2]/div/input\r\n\tat org.getopentest.base.TestActor.executeActionByClassName(TestActor.java:1670)\r\n\tat org.getopentest.base.TestActor.executeActionByDef(TestActor.java:1749)\r\n\t... 7 more\r\nCaused by: java.lang.RuntimeException: Failed sending keys to element By.xpath: //*[@id=\"root\"]/div/div/div/div[2]/div[2]/div/input\r\n\tat org.getopentest.selenium.SendKeys.run(SendKeys.java:45)\r\n\tat org.getopentest.base.TestActor.executeAction(TestActor.java:1571)\r\n\tat org.getopentest.base.TestActor.executeActionByClassName(TestActor.java:1647)\r\n\t... 8 more\r\nCaused by: java.lang.RuntimeException: Neither the \"text\" argument, nor the \"key\" argument were provided.\r\n\tat org.getopentest.selenium.SendKeys.run(SendKeys.java:38)\r\n\t... 10 more\r\n"}],"currentIteration":1,"currentSegmentIndex":0,"isDataDriven":false,"name":"descarga-factura-pos","path":"Descarga-factura-POS","result":"failed","status":"completed","segments":[{"index":0,"result":"passed","status":"completed","timeStarted":1730935846848,"timeCompleted":1730935846863},{"index":1,"result":"failed","status":"completed","timeStarted":1730935846878,"timeCompleted":1730935861837}],"tags":[],"timeStarted":1730935846848,"timeCompleted":1730935861837}],"timeCreated":1730935846331,"timeStarted":1730935846848,"timeCompleted":1730935861837,"lastActivity":1730935861836,"_id":"ZqSp5lKHAosya43j","actorTags":[],"environment":"","currentDataRecordIndex":-1}
{"id":1730936519,"actors":{"49615":{"id":49615,"lastSeenTime":1730936517312,"testSessionId":1730936519,"type":"ACTOR1","tags":[],"_id":"BRJjFVAIGFQYcDM6","ip":"::ffff:127.0.0.1","tests":[{"currentSegmentIndex":1,"segments":[{"index":0,"status":"completed","timeStarted":1730936523085,"timeCompleted":1730936523104,"result":"passed"},{"index":1,"status":"completed","timeStarted":1730936523122,"timeCompleted":1730936548430,"result":"failed"}],"name":"descarga-factura-pos","path":"Descarga-factura-POS","timeCompleted":null,"timeStarted":1730936523085}]}},"maxIterations":"1","currentIteration":1,"currentTestIndex":1,"currentSegmentIndex":0,"label":"descarga 15","result":"failed","status":"completed","tests":[{"actions":[{"actorType":"ACTOR1","args":{},"isCheckpoint":false,"description":"Llamar a la macro de login por mail y password","durationMs":0,"macroStack":[],"result":"passed","segment":1},{"action":"org.getopentest.selenium.NavigateTo","actorType":"ACTOR1","args":{"url":"https://oneapp-uat-py.tigocloud.net"},"isCheckpoint":false,"description":"Navegar a oneApp","durationMs":9456,"macroStack":["Login-mail-password.logueo-mail"],"result":"passed","segment":1},{"action":"org.getopentest.selenium.Click","actorType":"ACTOR1","args":{"locator":{"css":".at-button-hight-emphasis"}},"isCheckpoint":false,"description":"Ingresar","durationMs":220,"macroStack":["Login-mail-password.logueo-mail"],"result":"passed","segment":1},{"action":"org.getopentest.selenium.Click","actorType":"ACTOR1","args":{"locator":{"css":"#AceptarBtn"}},"isCheckpoint":false,"description":"Aceptar términos y condiciones","durationMs":3685,"macroStack":["Login-mail-password.logueo-mail"],"result":"passed","segment":1},{"action":"org.getopentest.selenium.SendKeys","actorType":"ACTOR1","args":{"locator":{"css":".materialInput_input__Zhf5S"},"text":"fernandoaes20@gmail.com"},"isCheckpoint":false,"description":"Ingresar mail","durationMs":317,"macroStack":["Login-mail-password.logueo-mail"],"result":"passed","segment":1},{"action":"org.getopentest.selenium.Click","actorType":"ACTOR1","args":{"locator":{"css":".icon-ma-button.icon-ma-button-enable"}},"isCheckpoint":false,"description":"Click en botón de contraseña","durationMs":145,"macroStack":["Login-mail-password.logueo-mail"],"result":"passed","segment":1},{"action":"org.getopentest.selenium.SendKeys","actorType":"ACTOR1","args":{"locator":{"css":".materialPasswordInput_input__/+0jb7"},"text":"NuncaOlvidar30!"},"isCheckpoint":false,"description":"Ingresar contraseña","durationMs":11384,"macroStack":["Login-mail-password.logueo-mail"],"result":"failed","screenshot":"SID1730936519_ACTOR1_T01_SG01_ST02_error.png","segment":1,"stackTrace":"java.lang.RuntimeException: java.lang.RuntimeException: Failed sending keys to element By.cssSelector: .materialPasswordInput_input__/+0jb7\r\n\tat org.getopentest.base.TestActor.executeActionByClassName(TestActor.java:1670)\r\n\tat org.getopentest.base.TestActor.executeActionByDef(TestActor.java:1749)\r\n\tat org.getopentest.base.TestActor.executeMacroActionByDef(TestActor.java:1938)\r\n\tat org.getopentest.base.TestActor.executeMacroActionByName(TestActor.java:2013)\r\n\tat org.getopentest.base.TestActor.executeActionByDef(TestActor.java:1745)\r\n\tat org.getopentest.base.TestActor.executeTestSegment(TestActor.java:2092)\r\n\tat org.getopentest.base.TestActor.runOneSession(TestActor.java:3077)\r\n\tat org.getopentest.base.TestActor.runOneSession(TestActor.java:3113)\r\n\tat org.getopentest.Main.main(Main.java:20)\r\nCaused by: java.lang.RuntimeException: Failed sending keys to element By.cssSelector: .materialPasswordInput_input__/+0jb7\r\n\tat org.getopentest.selenium.SendKeys.run(SendKeys.java:45)\r\n\tat org.getopentest.base.TestActor.executeAction(TestActor.java:1571)\r\n\tat org.getopentest.base.TestActor.executeActionByClassName(TestActor.java:1647)\r\n\t... 8 more\r\nCaused by: org.openqa.selenium.TimeoutException: Expected condition failed: waiting for presence of element located by: By.cssSelector: .materialPasswordInput_input__/+0jb7 (tried for 10 second(s) with 500 milliseconds interval)\r\n\tat org.openqa.selenium.support.ui.WebDriverWait.timeoutException(WebDriverWait.java:95)\r\n\tat org.openqa.selenium.support.ui.FluentWait.until(FluentWait.java:272)\r\n\tat org.getopentest.selenium.core.SeleniumTestAction.getElement(SeleniumTestAction.java:58)\r\n\tat org.getopentest.selenium.core.SeleniumTestAction.getElement(SeleniumTestAction.java:50)\r\n\tat org.getopentest.selenium.SendKeys.run(SendKeys.java:25)\r\n\t... 10 more\r\nCaused by: org.openqa.selenium.InvalidSelectorException: invalid selector\nfrom javascript error: {\"status\":32,\"value\":\"An invalid or illegal selector was specified\"}\n  (Session info: chrome=130.0.6723.92)\nFor documentation on this error, please visit: https://www.seleniumhq.org/exceptions/invalid_selector_exception.html\nBuild info: version: '3.141.59', revision: 'e82be7d358', time: '2018-11-14T08:17:03'\nSystem info: host: 'DESKTOP-8V10OGQ', ip: '10.21.32.3', os.name: 'Windows 10', os.arch: 'amd64', os.version: '10.0', java.version: '11.0.22'\nDriver info: org.openqa.selenium.chrome.ChromeDriver\nCapabilities {acceptInsecureCerts: false, browserName: chrome, browserVersion: 130.0.6723.92, chrome: {chromedriverVersion: 130.0.6723.91 (53ac07678369..., userDataDir: C:\\Users\\Dell\\AppData\\Local...}, fedcm:accounts: true, goog:chromeOptions: {debuggerAddress: localhost:64501}, javascriptEnabled: true, networkConnectionEnabled: false, pageLoadStrategy: normal, platform: WINDOWS, platformName: WINDOWS, proxy: Proxy(), setWindowRect: true, strictFileInteractability: false, timeouts: {implicit: 0, pageLoad: 300000, script: 30000}, unhandledPromptBehavior: dismiss and notify, webauthn:extension:credBlob: true, webauthn:extension:largeBlob: true, webauthn:extension:minPinLength: true, webauthn:extension:prf: true, webauthn:virtualAuthenticators: true}\nSession ID: 6de9e11a11337daa80fa44b3f27187ee\n*** Element info: {Using=css selector, value=.materialPasswordInput_input__/+0jb7}\r\n\tat jdk.internal.reflect.GeneratedConstructorAccessor12.newInstance(Unknown Source)\r\n\tat java.base/jdk.internal.reflect.DelegatingConstructorAccessorImpl.newInstance(DelegatingConstructorAccessorImpl.java:45)\r\n\tat java.base/java.lang.reflect.Constructor.newInstance(Constructor.java:490)\r\n\tat org.openqa.selenium.remote.http.W3CHttpResponseCodec.createException(W3CHttpResponseCodec.java:187)\r\n\tat org.openqa.selenium.remote.http.W3CHttpResponseCodec.decode(W3CHttpResponseCodec.java:122)\r\n\tat org.openqa.selenium.remote.http.W3CHttpResponseCodec.decode(W3CHttpResponseCodec.java:49)\r\n\tat org.openqa.selenium.remote.HttpCommandExecutor.execute(HttpCommandExecutor.java:158)\r\n\tat org.openqa.selenium.remote.service.DriverCommandExecutor.execute(DriverCommandExecutor.java:83)\r\n\tat org.openqa.selenium.remote.RemoteWebDriver.execute(RemoteWebDriver.java:552)\r\n\tat org.openqa.selenium.remote.RemoteWebDriver.findElement(RemoteWebDriver.java:323)\r\n\tat org.openqa.selenium.remote.RemoteWebDriver.findElementByCssSelector(RemoteWebDriver.java:420)\r\n\tat org.openqa.selenium.By$ByCssSelector.findElement(By.java:431)\r\n\tat org.openqa.selenium.remote.RemoteWebDriver.findElement(RemoteWebDriver.java:315)\r\n\tat org.openqa.selenium.support.ui.ExpectedConditions$6.apply(ExpectedConditions.java:182)\r\n\tat org.openqa.selenium.support.ui.ExpectedConditions$6.apply(ExpectedConditions.java:179)\r\n\tat org.openqa.selenium.support.ui.FluentWait.until(FluentWait.java:249)\r\n\t... 13 more\r\n"},{"action":"org.getopentest.base.MacroAction","actorType":"ACTOR1","args":{},"isCheckpoint":false,"description":"Login-mail-password.logueo-mail","durationMs":25252,"macro":"Login-mail-password.logueo-mail","macroStack":[],"result":"failed","segment":1,"stackTrace":"java.lang.Exception: There was an error executing macro action Login-mail-password.logueo-mail (no arguments were provided)\r\n\tat org.getopentest.base.TestActor.executeMacroActionByName(TestActor.java:2021)\r\n\tat org.getopentest.base.TestActor.executeActionByDef(TestActor.java:1745)\r\n\tat org.getopentest.base.TestActor.executeTestSegment(TestActor.java:2092)\r\n\tat org.getopentest.base.TestActor.runOneSession(TestActor.java:3077)\r\n\tat org.getopentest.base.TestActor.runOneSession(TestActor.java:3113)\r\n\tat org.getopentest.Main.main(Main.java:20)\r\nCaused by: java.lang.RuntimeException: There was an error while executing action no. 6 (org.getopentest.selenium.SendKeys) in macro Login-mail-password/logueo-mail.\nThe action definition was:\n{\n  \"action\": \"org.getopentest.selenium.SendKeys\",\n  \"args\": {\n    \"locator\": {\n      \"css\": \".materialPasswordInput_input__/+0jb7\"\n    },\n    \"text\": \"NuncaOlvidar30!\"\n  },\n  \"description\": \"Ingresar contraseña\"\n}\r\n\tat org.getopentest.base.TestActor.executeMacroActionByDef(TestActor.java:1973)\r\n\tat org.getopentest.base.TestActor.executeMacroActionByName(TestActor.java:2013)\r\n\t... 5 more\r\nCaused by: java.lang.RuntimeException: Failed executing action org.getopentest.selenium.SendKeys with arguments {\"locator\":{\"css\":\".materialPasswordInput_input__/+0jb7\"},\"text\":\"NuncaOlvidar30!\"}\r\n\tat org.getopentest.base.TestActor.executeActionByDef(TestActor.java:1872)\r\n\tat org.getopentest.base.TestActor.executeMacroActionByDef(TestActor.java:1938)\r\n\t... 6 more\r\nCaused by: java.lang.RuntimeException: java.lang.RuntimeException: Failed sending keys to element By.cssSelector: .materialPasswordInput_input__/+0jb7\r\n\tat org.getopentest.base.TestActor.executeActionByClassName(TestActor.java:1670)\r\n\tat org.getopentest.base.TestActor.executeActionByDef(TestActor.java:1749)\r\n\t... 7 more\r\nCaused by: java.lang.RuntimeException: Failed sending keys to element By.cssSelector: .materialPasswordInput_input__/+0jb7\r\n\tat org.getopentest.selenium.SendKeys.run(SendKeys.java:45)\r\n\tat org.getopentest.base.TestActor.executeAction(TestActor.java:1571)\r\n\tat org.getopentest.base.TestActor.executeActionByClassName(TestActor.java:1647)\r\n\t... 8 more\r\nCaused by: org.openqa.selenium.TimeoutException: Expected condition failed: waiting for presence of element located by: By.cssSelector: .materialPasswordInput_input__/+0jb7 (tried for 10 second(s) with 500 milliseconds interval)\r\n\tat org.openqa.selenium.support.ui.WebDriverWait.timeoutException(WebDriverWait.java:95)\r\n\tat org.openqa.selenium.support.ui.FluentWait.until(FluentWait.java:272)\r\n\tat org.getopentest.selenium.core.SeleniumTestAction.getElement(SeleniumTestAction.java:58)\r\n\tat org.getopentest.selenium.core.SeleniumTestAction.getElement(SeleniumTestAction.java:50)\r\n\tat org.getopentest.selenium.SendKeys.run(SendKeys.java:25)\r\n\t... 10 more\r\nCaused by: org.openqa.selenium.InvalidSelectorException: invalid selector\nfrom javascript error: {\"status\":32,\"value\":\"An invalid or illegal selector was specified\"}\n  (Session info: chrome=130.0.6723.92)\nFor documentation on this error, please visit: https://www.seleniumhq.org/exceptions/invalid_selector_exception.html\nBuild info: version: '3.141.59', revision: 'e82be7d358', time: '2018-11-14T08:17:03'\nSystem info: host: 'DESKTOP-8V10OGQ', ip: '10.21.32.3', os.name: 'Windows 10', os.arch: 'amd64', os.version: '10.0', java.version: '11.0.22'\nDriver info: org.openqa.selenium.chrome.ChromeDriver\nCapabilities {acceptInsecureCerts: false, browserName: chrome, browserVersion: 130.0.6723.92, chrome: {chromedriverVersion: 130.0.6723.91 (53ac07678369..., userDataDir: C:\\Users\\Dell\\AppData\\Local...}, fedcm:accounts: true, goog:chromeOptions: {debuggerAddress: localhost:64501}, javascriptEnabled: true, networkConnectionEnabled: false, pageLoadStrategy: normal, platform: WINDOWS, platformName: WINDOWS, proxy: Proxy(), setWindowRect: true, strictFileInteractability: false, timeouts: {implicit: 0, pageLoad: 300000, script: 30000}, unhandledPromptBehavior: dismiss and notify, webauthn:extension:credBlob: true, webauthn:extension:largeBlob: true, webauthn:extension:minPinLength: true, webauthn:extension:prf: true, webauthn:virtualAuthenticators: true}\nSession ID: 6de9e11a11337daa80fa44b3f27187ee\n*** Element info: {Using=css selector, value=.materialPasswordInput_input__/+0jb7}\r\n\tat jdk.internal.reflect.GeneratedConstructorAccessor12.newInstance(Unknown Source)\r\n\tat java.base/jdk.internal.reflect.DelegatingConstructorAccessorImpl.newInstance(DelegatingConstructorAccessorImpl.java:45)\r\n\tat java.base/java.lang.reflect.Constructor.newInstance(Constructor.java:490)\r\n\tat org.openqa.selenium.remote.http.W3CHttpResponseCodec.createException(W3CHttpResponseCodec.java:187)\r\n\tat org.openqa.selenium.remote.http.W3CHttpResponseCodec.decode(W3CHttpResponseCodec.java:122)\r\n\tat org.openqa.selenium.remote.http.W3CHttpResponseCodec.decode(W3CHttpResponseCodec.java:49)\r\n\tat org.openqa.selenium.remote.HttpCommandExecutor.execute(HttpCommandExecutor.java:158)\r\n\tat org.openqa.selenium.remote.service.DriverCommandExecutor.execute(DriverCommandExecutor.java:83)\r\n\tat org.openqa.selenium.remote.RemoteWebDriver.execute(RemoteWebDriver.java:552)\r\n\tat org.openqa.selenium.remote.RemoteWebDriver.findElement(RemoteWebDriver.java:323)\r\n\tat org.openqa.selenium.remote.RemoteWebDriver.findElementByCssSelector(RemoteWebDriver.java:420)\r\n\tat org.openqa.selenium.By$ByCssSelector.findElement(By.java:431)\r\n\tat org.openqa.selenium.remote.RemoteWebDriver.findElement(RemoteWebDriver.java:315)\r\n\tat org.openqa.selenium.support.ui.ExpectedConditions$6.apply(ExpectedConditions.java:182)\r\n\tat org.openqa.selenium.support.ui.ExpectedConditions$6.apply(ExpectedConditions.java:179)\r\n\tat org.openqa.selenium.support.ui.FluentWait.until(FluentWait.java:249)\r\n\t... 13 more\r\n"}],"currentIteration":1,"currentSegmentIndex":0,"isDataDriven":false,"name":"descarga-factura-pos","path":"Descarga-factura-POS","result":"failed","status":"completed","segments":[{"index":0,"result":"passed","status":"completed","timeStarted":1730936523085,"timeCompleted":1730936523104},{"index":1,"result":"failed","status":"completed","timeStarted":1730936523122,"timeCompleted":1730936548430}],"tags":[],"timeStarted":1730936523085,"timeCompleted":1730936548430}],"timeCreated":1730936519047,"timeStarted":1730936523085,"timeCompleted":1730936548430,"lastActivity":1730936548429,"_id":"ac0H0gqxfZJdYbmY","actorTags":[],"environment":"","currentDataRecordIndex":-1}
{"id":1730935219,"actors":{"37798":{"id":37798,"lastSeenTime":1730935218974,"testSessionId":1730935219,"type":"ACTOR1","tags":[],"_id":"6gJRwM9BNelv2nm9","ip":"::ffff:127.0.0.1","tests":[{"currentSegmentIndex":1,"segments":[{"index":0,"status":"completed","timeStarted":1730935224170,"timeCompleted":1730935224190,"result":"passed"},{"index":1,"status":"completed","timeStarted":1730935224211,"timeCompleted":1730935247045,"result":"failed"}],"name":"descarga-factura-pos","path":"Descarga-factura-POS","timeCompleted":null,"timeStarted":1730935224170}]}},"maxIterations":"1","currentIteration":1,"currentTestIndex":1,"currentSegmentIndex":0,"label":"descarga 3","result":"failed","status":"completed","tests":[{"actions":[{"actorType":"ACTOR1","args":{},"isCheckpoint":false,"description":"Llamar a la macro de login por mail y password","durationMs":0,"macroStack":[],"result":"passed","segment":1},{"action":"org.getopentest.selenium.NavigateTo","actorType":"ACTOR1","args":{"url":"https://oneapp-uat-py.tigocloud.net"},"isCheckpoint":false,"description":"Navegar a oneApp","durationMs":10741,"macroStack":["Login-mail-password.logueo-mail"],"result":"passed","segment":1},{"action":"org.getopentest.selenium.Click","actorType":"ACTOR1","args":{"locator":{"css":".at-button-hight-emphasis"}},"isCheckpoint":false,"description":"Ingresar","durationMs":201,"macroStack":["Login-mail-password.logueo-mail"],"result":"passed","segment":1},{"action":"org.getopentest.selenium.Click","actorType":"ACTOR1","args":{"locator":{"id":"#AceptarBtn"}},"isCheckpoint":false,"description":"Aceptar términos y condiciones","durationMs":11830,"macroStack":["Login-mail-password.logueo-mail"],"result":"failed","screenshot":"SID1730935219_ACTOR1_T01_SG01_ST02_error.png","segment":1,"stackTrace":"java.lang.RuntimeException: java.lang.RuntimeException: Failed clicking on element By.id: #AceptarBtn\r\n\tat org.getopentest.base.TestActor.executeActionByClassName(TestActor.java:1670)\r\n\tat org.getopentest.base.TestActor.executeActionByDef(TestActor.java:1749)\r\n\tat org.getopentest.base.TestActor.executeMacroActionByDef(TestActor.java:1938)\r\n\tat org.getopentest.base.TestActor.executeMacroActionByName(TestActor.java:2013)\r\n\tat org.getopentest.base.TestActor.executeActionByDef(TestActor.java:1745)\r\n\tat org.getopentest.base.TestActor.executeTestSegment(TestActor.java:2092)\r\n\tat org.getopentest.base.TestActor.runOneSession(TestActor.java:3077)\r\n\tat org.getopentest.base.TestActor.runOneSession(TestActor.java:3113)\r\n\tat org.getopentest.Main.main(Main.java:20)\r\nCaused by: java.lang.RuntimeException: Failed clicking on element By.id: #AceptarBtn\r\n\tat org.getopentest.selenium.Click.run(Click.java:34)\r\n\tat org.getopentest.base.TestActor.executeAction(TestActor.java:1571)\r\n\tat org.getopentest.base.TestActor.executeActionByClassName(TestActor.java:1647)\r\n\t... 8 more\r\nCaused by: org.openqa.selenium.TimeoutException: Expected condition failed: waiting for presence of element located by: By.id: #AceptarBtn (tried for 10 second(s) with 500 milliseconds interval)\r\n\tat org.openqa.selenium.support.ui.WebDriverWait.timeoutException(WebDriverWait.java:95)\r\n\tat org.openqa.selenium.support.ui.FluentWait.until(FluentWait.java:272)\r\n\tat org.getopentest.selenium.core.SeleniumTestAction.getElement(SeleniumTestAction.java:58)\r\n\tat org.getopentest.selenium.core.SeleniumTestAction.getElement(SeleniumTestAction.java:50)\r\n\tat org.getopentest.selenium.Click.run(Click.java:29)\r\n\t... 10 more\r\nCaused by: org.openqa.selenium.NoSuchElementException: no such element: Unable to locate element: {\"method\":\"css selector\",\"selector\":\"#\\#AceptarBtn\"}\n  (Session info: chrome=130.0.6723.92)\nFor documentation on this error, please visit: https://www.seleniumhq.org/exceptions/no_such_element.html\nBuild info: version: '3.141.59', revision: 'e82be7d358', time: '2018-11-14T08:17:03'\nSystem info: host: 'DESKTOP-8V10OGQ', ip: '192.168.100.7', os.name: 'Windows 10', os.arch: 'amd64', os.version: '10.0', java.version: '11.0.22'\nDriver info: org.openqa.selenium.chrome.ChromeDriver\nCapabilities {acceptInsecureCerts: false, browserName: chrome, browserVersion: 130.0.6723.92, chrome: {chromedriverVersion: 130.0.6723.91 (53ac07678369..., userDataDir: C:\\Users\\Dell\\AppData\\Local...}, fedcm:accounts: true, goog:chromeOptions: {debuggerAddress: localhost:62015}, javascriptEnabled: true, networkConnectionEnabled: false, pageLoadStrategy: normal, platform: WINDOWS, platformName: WINDOWS, proxy: Proxy(), setWindowRect: true, strictFileInteractability: false, timeouts: {implicit: 0, pageLoad: 300000, script: 30000}, unhandledPromptBehavior: dismiss and notify, webauthn:extension:credBlob: true, webauthn:extension:largeBlob: true, webauthn:extension:minPinLength: true, webauthn:extension:prf: true, webauthn:virtualAuthenticators: true}\nSession ID: 9ae17b5cb701b7d022c1ea456918ac12\n*** Element info: {Using=id, value=#AceptarBtn}\r\n\tat jdk.internal.reflect.GeneratedConstructorAccessor11.newInstance(Unknown Source)\r\n\tat java.base/jdk.internal.reflect.DelegatingConstructorAccessorImpl.newInstance(DelegatingConstructorAccessorImpl.java:45)\r\n\tat java.base/java.lang.reflect.Constructor.newInstance(Constructor.java:490)\r\n\tat org.openqa.selenium.remote.http.W3CHttpResponseCodec.createException(W3CHttpResponseCodec.java:187)\r\n\tat org.openqa.selenium.remote.http.W3CHttpResponseCodec.decode(W3CHttpResponseCodec.java:122)\r\n\tat org.openqa.selenium.remote.http.W3CHttpResponseCodec.decode(W3CHttpResponseCodec.java:49)\r\n\tat org.openqa.selenium.remote.HttpCommandExecutor.execute(HttpCommandExecutor.java:158)\r\n\tat org.openqa.selenium.remote.service.DriverCommandExecutor.execute(DriverCommandExecutor.java:83)\r\n\tat org.openqa.selenium.remote.RemoteWebDriver.execute(RemoteWebDriver.java:552)\r\n\tat org.openqa.selenium.remote.RemoteWebDriver.findElement(RemoteWebDriver.java:323)\r\n\tat org.openqa.selenium.remote.RemoteWebDriver.findElementById(RemoteWebDriver.java:372)\r\n\tat org.openqa.selenium.By$ById.findElement(By.java:188)\r\n\tat org.openqa.selenium.remote.RemoteWebDriver.findElement(RemoteWebDriver.java:315)\r\n\tat org.openqa.selenium.support.ui.ExpectedConditions$6.apply(ExpectedConditions.java:182)\r\n\tat org.openqa.selenium.support.ui.ExpectedConditions$6.apply(ExpectedConditions.java:179)\r\n\tat org.openqa.selenium.support.ui.FluentWait.until(FluentWait.java:249)\r\n\t... 13 more\r\n"},{"action":"org.getopentest.base.MacroAction","actorType":"ACTOR1","args":{},"isCheckpoint":false,"description":"Login-mail-password.logueo-mail","durationMs":22807,"macro":"Login-mail-password.logueo-mail","macroStack":[],"result":"failed","segment":1,"stackTrace":"java.lang.Exception: There was an error executing macro action Login-mail-password.logueo-mail (no arguments were provided)\r\n\tat org.getopentest.base.TestActor.executeMacroActionByName(TestActor.java:2021)\r\n\tat org.getopentest.base.TestActor.executeActionByDef(TestActor.java:1745)\r\n\tat org.getopentest.base.TestActor.executeTestSegment(TestActor.java:2092)\r\n\tat org.getopentest.base.TestActor.runOneSession(TestActor.java:3077)\r\n\tat org.getopentest.base.TestActor.runOneSession(TestActor.java:3113)\r\n\tat org.getopentest.Main.main(Main.java:20)\r\nCaused by: java.lang.RuntimeException: There was an error while executing action no. 3 (org.getopentest.selenium.Click) in macro Login-mail-password/logueo-mail.\nThe action definition was:\n{\n  \"action\": \"org.getopentest.selenium.Click\",\n  \"args\": {\n    \"locator\": {\n      \"id\": \"#AceptarBtn\"\n    }\n  },\n  \"description\": \"Aceptar términos y condiciones\"\n}\r\n\tat org.getopentest.base.TestActor.executeMacroActionByDef(TestActor.java:1973)\r\n\tat org.getopentest.base.TestActor.executeMacroActionByName(TestActor.java:2013)\r\n\t... 5 more\r\nCaused by: java.lang.RuntimeException: Failed executing action org.getopentest.selenium.Click with arguments {\"locator\":{\"id\":\"#AceptarBtn\"}}\r\n\tat org.getopentest.base.TestActor.executeActionByDef(TestActor.java:1872)\r\n\tat org.getopentest.base.TestActor.executeMacroActionByDef(TestActor.java:1938)\r\n\t... 6 more\r\nCaused by: java.lang.RuntimeException: java.lang.RuntimeException: Failed clicking on element By.id: #AceptarBtn\r\n\tat org.getopentest.base.TestActor.executeActionByClassName(TestActor.java:1670)\r\n\tat org.getopentest.base.TestActor.executeActionByDef(TestActor.java:1749)\r\n\t... 7 more\r\nCaused by: java.lang.RuntimeException: Failed clicking on element By.id: #AceptarBtn\r\n\tat org.getopentest.selenium.Click.run(Click.java:34)\r\n\tat org.getopentest.base.TestActor.executeAction(TestActor.java:1571)\r\n\tat org.getopentest.base.TestActor.executeActionByClassName(TestActor.java:1647)\r\n\t... 8 more\r\nCaused by: org.openqa.selenium.TimeoutException: Expected condition failed: waiting for presence of element located by: By.id: #AceptarBtn (tried for 10 second(s) with 500 milliseconds interval)\r\n\tat org.openqa.selenium.support.ui.WebDriverWait.timeoutException(WebDriverWait.java:95)\r\n\tat org.openqa.selenium.support.ui.FluentWait.until(FluentWait.java:272)\r\n\tat org.getopentest.selenium.core.SeleniumTestAction.getElement(SeleniumTestAction.java:58)\r\n\tat org.getopentest.selenium.core.SeleniumTestAction.getElement(SeleniumTestAction.java:50)\r\n\tat org.getopentest.selenium.Click.run(Click.java:29)\r\n\t... 10 more\r\nCaused by: org.openqa.selenium.NoSuchElementException: no such element: Unable to locate element: {\"method\":\"css selector\",\"selector\":\"#\\#AceptarBtn\"}\n  (Session info: chrome=130.0.6723.92)\nFor documentation on this error, please visit: https://www.seleniumhq.org/exceptions/no_such_element.html\nBuild info: version: '3.141.59', revision: 'e82be7d358', time: '2018-11-14T08:17:03'\nSystem info: host: 'DESKTOP-8V10OGQ', ip: '192.168.100.7', os.name: 'Windows 10', os.arch: 'amd64', os.version: '10.0', java.version: '11.0.22'\nDriver info: org.openqa.selenium.chrome.ChromeDriver\nCapabilities {acceptInsecureCerts: false, browserName: chrome, browserVersion: 130.0.6723.92, chrome: {chromedriverVersion: 130.0.6723.91 (53ac07678369..., userDataDir: C:\\Users\\Dell\\AppData\\Local...}, fedcm:accounts: true, goog:chromeOptions: {debuggerAddress: localhost:62015}, javascriptEnabled: true, networkConnectionEnabled: false, pageLoadStrategy: normal, platform: WINDOWS, platformName: WINDOWS, proxy: Proxy(), setWindowRect: true, strictFileInteractability: false, timeouts: {implicit: 0, pageLoad: 300000, script: 30000}, unhandledPromptBehavior: dismiss and notify, webauthn:extension:credBlob: true, webauthn:extension:largeBlob: true, webauthn:extension:minPinLength: true, webauthn:extension:prf: true, webauthn:virtualAuthenticators: true}\nSession ID: 9ae17b5cb701b7d022c1ea456918ac12\n*** Element info: {Using=id, value=#AceptarBtn}\r\n\tat jdk.internal.reflect.GeneratedConstructorAccessor11.newInstance(Unknown Source)\r\n\tat java.base/jdk.internal.reflect.DelegatingConstructorAccessorImpl.newInstance(DelegatingConstructorAccessorImpl.java:45)\r\n\tat java.base/java.lang.reflect.Constructor.newInstance(Constructor.java:490)\r\n\tat org.openqa.selenium.remote.http.W3CHttpResponseCodec.createException(W3CHttpResponseCodec.java:187)\r\n\tat org.openqa.selenium.remote.http.W3CHttpResponseCodec.decode(W3CHttpResponseCodec.java:122)\r\n\tat org.openqa.selenium.remote.http.W3CHttpResponseCodec.decode(W3CHttpResponseCodec.java:49)\r\n\tat org.openqa.selenium.remote.HttpCommandExecutor.execute(HttpCommandExecutor.java:158)\r\n\tat org.openqa.selenium.remote.service.DriverCommandExecutor.execute(DriverCommandExecutor.java:83)\r\n\tat org.openqa.selenium.remote.RemoteWebDriver.execute(RemoteWebDriver.java:552)\r\n\tat org.openqa.selenium.remote.RemoteWebDriver.findElement(RemoteWebDriver.java:323)\r\n\tat org.openqa.selenium.remote.RemoteWebDriver.findElementById(RemoteWebDriver.java:372)\r\n\tat org.openqa.selenium.By$ById.findElement(By.java:188)\r\n\tat org.openqa.selenium.remote.RemoteWebDriver.findElement(RemoteWebDriver.java:315)\r\n\tat org.openqa.selenium.support.ui.ExpectedConditions$6.apply(ExpectedConditions.java:182)\r\n\tat org.openqa.selenium.support.ui.ExpectedConditions$6.apply(ExpectedConditions.java:179)\r\n\tat org.openqa.selenium.support.ui.FluentWait.until(FluentWait.java:249)\r\n\t... 13 more\r\n"}],"currentIteration":1,"currentSegmentIndex":0,"isDataDriven":false,"name":"descarga-factura-pos","path":"Descarga-factura-POS","result":"failed","status":"completed","segments":[{"index":0,"result":"passed","status":"completed","timeStarted":1730935224170,"timeCompleted":1730935224190},{"index":1,"result":"failed","status":"completed","timeStarted":1730935224211,"timeCompleted":1730935247045}],"tags":[],"timeStarted":1730935224170,"timeCompleted":1730935247045}],"timeCreated":1730935219066,"timeStarted":1730935224170,"timeCompleted":1730935247045,"lastActivity":1730935247043,"_id":"f99DBXgAPvGM0TbM","actorTags":[],"environment":"","currentDataRecordIndex":-1}
{"id":1730936031,"actors":{"49615":{"id":49615,"lastSeenTime":1730936035002,"testSessionId":1730936031,"type":"ACTOR1","tags":[],"_id":"BRJjFVAIGFQYcDM6","ip":"::ffff:127.0.0.1","tests":[{"currentSegmentIndex":1,"segments":[{"index":0,"status":"completed","timeStarted":1730936040576,"timeCompleted":1730936040609,"result":"passed"},{"index":1,"status":"completed","timeStarted":1730936040635,"timeCompleted":1730936065970,"result":"failed"}],"name":"descarga-factura-pos","path":"Descarga-factura-POS","timeCompleted":null,"timeStarted":1730936040576}]}},"maxIterations":"1","currentIteration":1,"currentTestIndex":1,"currentSegmentIndex":0,"label":"descarga 11","result":"failed","status":"completed","tests":[{"actions":[{"actorType":"ACTOR1","args":{},"isCheckpoint":false,"description":"Llamar a la macro de login por mail y password","durationMs":0,"macroStack":[],"result":"passed","segment":1},{"action":"org.getopentest.selenium.NavigateTo","actorType":"ACTOR1","args":{"url":"https://oneapp-uat-py.tigocloud.net"},"isCheckpoint":false,"description":"Navegar a oneApp","durationMs":8948,"macroStack":["Login-mail-password.logueo-mail"],"result":"passed","segment":1},{"action":"org.getopentest.selenium.Click","actorType":"ACTOR1","args":{"locator":{"css":".at-button-hight-emphasis"}},"isCheckpoint":false,"description":"Ingresar","durationMs":281,"macroStack":["Login-mail-password.logueo-mail"],"result":"passed","segment":1},{"action":"org.getopentest.selenium.Click","actorType":"ACTOR1","args":{"locator":{"css":"#AceptarBtn"}},"isCheckpoint":false,"description":"Aceptar términos y condiciones","durationMs":3872,"macroStack":["Login-mail-password.logueo-mail"],"result":"passed","segment":1},{"action":"org.getopentest.selenium.SendKeys","actorType":"ACTOR1","args":{"locator":{"css":".materialInput_input__Zhf5S"},"text":"fernandoaes20@gmail.com"},"isCheckpoint":false,"description":"Ingresar mail","durationMs":404,"macroStack":["Login-mail-password.logueo-mail"],"result":"passed","segment":1},{"action":"org.getopentest.selenium.Click","actorType":"ACTOR1","args":{"locator":{"css":".icon-ma-button.icon-ma-button-enable"}},"isCheckpoint":false,"description":"Click en botón de contraseña","durationMs":267,"macroStack":["Login-mail-password.logueo-mail"],"result":"passed","segment":1},{"action":"org.getopentest.selenium.SendKeys","actorType":"ACTOR1","args":{"locator":{"css":".materialPasswordInput_input__+0jb7"},"text":"NuncaOlvidar30!"},"isCheckpoint":false,"description":"Ingresar contraseña","durationMs":11438,"macroStack":["Login-mail-password.logueo-mail"],"result":"failed","screenshot":"SID1730936031_ACTOR1_T01_SG01_ST02_error.png","segment":1,"stackTrace":"java.lang.RuntimeException: java.lang.RuntimeException: Failed sending keys to element By.cssSelector: .materialPasswordInput_input__+0jb7\r\n\tat org.getopentest.base.TestActor.executeActionByClassName(TestActor.java:1670)\r\n\tat org.getopentest.base.TestActor.executeActionByDef(TestActor.java:1749)\r\n\tat org.getopentest.base.TestActor.executeMacroActionByDef(TestActor.java:1938)\r\n\tat org.getopentest.base.TestActor.executeMacroActionByName(TestActor.java:2013)\r\n\tat org.getopentest.base.TestActor.executeActionByDef(TestActor.java:1745)\r\n\tat org.getopentest.base.TestActor.executeTestSegment(TestActor.java:2092)\r\n\tat org.getopentest.base.TestActor.runOneSession(TestActor.java:3077)\r\n\tat org.getopentest.base.TestActor.runOneSession(TestActor.java:3113)\r\n\tat org.getopentest.Main.main(Main.java:20)\r\nCaused by: java.lang.RuntimeException: Failed sending keys to element By.cssSelector: .materialPasswordInput_input__+0jb7\r\n\tat org.getopentest.selenium.SendKeys.run(SendKeys.java:45)\r\n\tat org.getopentest.base.TestActor.executeAction(TestActor.java:1571)\r\n\tat org.getopentest.base.TestActor.executeActionByClassName(TestActor.java:1647)\r\n\t... 8 more\r\nCaused by: org.openqa.selenium.TimeoutException: Expected condition failed: waiting for presence of element located by: By.cssSelector: .materialPasswordInput_input__+0jb7 (tried for 10 second(s) with 500 milliseconds interval)\r\n\tat org.openqa.selenium.support.ui.WebDriverWait.timeoutException(WebDriverWait.java:95)\r\n\tat org.openqa.selenium.support.ui.FluentWait.until(FluentWait.java:272)\r\n\tat org.getopentest.selenium.core.SeleniumTestAction.getElement(SeleniumTestAction.java:58)\r\n\tat org.getopentest.selenium.core.SeleniumTestAction.getElement(SeleniumTestAction.java:50)\r\n\tat org.getopentest.selenium.SendKeys.run(SendKeys.java:25)\r\n\t... 10 more\r\nCaused by: org.openqa.selenium.InvalidSelectorException: invalid selector\nfrom javascript error: {\"status\":32,\"value\":\"An invalid or illegal selector was specified\"}\n  (Session info: chrome=130.0.6723.92)\nFor documentation on this error, please visit: https://www.seleniumhq.org/exceptions/invalid_selector_exception.html\nBuild info: version: '3.141.59', revision: 'e82be7d358', time: '2018-11-14T08:17:03'\nSystem info: host: 'DESKTOP-8V10OGQ', ip: '10.21.32.3', os.name: 'Windows 10', os.arch: 'amd64', os.version: '10.0', java.version: '11.0.22'\nDriver info: org.openqa.selenium.chrome.ChromeDriver\nCapabilities {acceptInsecureCerts: false, browserName: chrome, browserVersion: 130.0.6723.92, chrome: {chromedriverVersion: 130.0.6723.91 (53ac07678369..., userDataDir: C:\\Users\\Dell\\AppData\\Local...}, fedcm:accounts: true, goog:chromeOptions: {debuggerAddress: localhost:63592}, javascriptEnabled: true, networkConnectionEnabled: false, pageLoadStrategy: normal, platform: WINDOWS, platformName: WINDOWS, proxy: Proxy(), setWindowRect: true, strictFileInteractability: false, timeouts: {implicit: 0, pageLoad: 300000, script: 30000}, unhandledPromptBehavior: dismiss and notify, webauthn:extension:credBlob: true, webauthn:extension:largeBlob: true, webauthn:extension:minPinLength: true, webauthn:extension:prf: true, webauthn:virtualAuthenticators: true}\nSession ID: 22773f075c7d5ccf66ea5ff44d672c68\n*** Element info: {Using=css selector, value=.materialPasswordInput_input__+0jb7}\r\n\tat jdk.internal.reflect.GeneratedConstructorAccessor12.newInstance(Unknown Source)\r\n\tat java.base/jdk.internal.reflect.DelegatingConstructorAccessorImpl.newInstance(DelegatingConstructorAccessorImpl.java:45)\r\n\tat java.base/java.lang.reflect.Constructor.newInstance(Constructor.java:490)\r\n\tat org.openqa.selenium.remote.http.W3CHttpResponseCodec.createException(W3CHttpResponseCodec.java:187)\r\n\tat org.openqa.selenium.remote.http.W3CHttpResponseCodec.decode(W3CHttpResponseCodec.java:122)\r\n\tat org.openqa.selenium.remote.http.W3CHttpResponseCodec.decode(W3CHttpResponseCodec.java:49)\r\n\tat org.openqa.selenium.remote.HttpCommandExecutor.execute(HttpCommandExecutor.java:158)\r\n\tat org.openqa.selenium.remote.service.DriverCommandExecutor.execute(DriverCommandExecutor.java:83)\r\n\tat org.openqa.selenium.remote.RemoteWebDriver.execute(RemoteWebDriver.java:552)\r\n\tat org.openqa.selenium.remote.RemoteWebDriver.findElement(RemoteWebDriver.java:323)\r\n\tat org.openqa.selenium.remote.RemoteWebDriver.findElementByCssSelector(RemoteWebDriver.java:420)\r\n\tat org.openqa.selenium.By$ByCssSelector.findElement(By.java:431)\r\n\tat org.openqa.selenium.remote.RemoteWebDriver.findElement(RemoteWebDriver.java:315)\r\n\tat org.openqa.selenium.support.ui.ExpectedConditions$6.apply(ExpectedConditions.java:182)\r\n\tat org.openqa.selenium.support.ui.ExpectedConditions$6.apply(ExpectedConditions.java:179)\r\n\tat org.openqa.selenium.support.ui.FluentWait.until(FluentWait.java:249)\r\n\t... 13 more\r\n"},{"action":"org.getopentest.base.MacroAction","actorType":"ACTOR1","args":{},"isCheckpoint":false,"description":"Login-mail-password.logueo-mail","durationMs":25270,"macro":"Login-mail-password.logueo-mail","macroStack":[],"result":"failed","segment":1,"stackTrace":"java.lang.Exception: There was an error executing macro action Login-mail-password.logueo-mail (no arguments were provided)\r\n\tat org.getopentest.base.TestActor.executeMacroActionByName(TestActor.java:2021)\r\n\tat org.getopentest.base.TestActor.executeActionByDef(TestActor.java:1745)\r\n\tat org.getopentest.base.TestActor.executeTestSegment(TestActor.java:2092)\r\n\tat org.getopentest.base.TestActor.runOneSession(TestActor.java:3077)\r\n\tat org.getopentest.base.TestActor.runOneSession(TestActor.java:3113)\r\n\tat org.getopentest.Main.main(Main.java:20)\r\nCaused by: java.lang.RuntimeException: There was an error while executing action no. 6 (org.getopentest.selenium.SendKeys) in macro Login-mail-password/logueo-mail.\nThe action definition was:\n{\n  \"action\": \"org.getopentest.selenium.SendKeys\",\n  \"args\": {\n    \"locator\": {\n      \"css\": \".materialPasswordInput_input__+0jb7\"\n    },\n    \"text\": \"NuncaOlvidar30!\"\n  },\n  \"description\": \"Ingresar contraseña\"\n}\r\n\tat org.getopentest.base.TestActor.executeMacroActionByDef(TestActor.java:1973)\r\n\tat org.getopentest.base.TestActor.executeMacroActionByName(TestActor.java:2013)\r\n\t... 5 more\r\nCaused by: java.lang.RuntimeException: Failed executing action org.getopentest.selenium.SendKeys with arguments {\"locator\":{\"css\":\".materialPasswordInput_input__+0jb7\"},\"text\":\"NuncaOlvidar30!\"}\r\n\tat org.getopentest.base.TestActor.executeActionByDef(TestActor.java:1872)\r\n\tat org.getopentest.base.TestActor.executeMacroActionByDef(TestActor.java:1938)\r\n\t... 6 more\r\nCaused by: java.lang.RuntimeException: java.lang.RuntimeException: Failed sending keys to element By.cssSelector: .materialPasswordInput_input__+0jb7\r\n\tat org.getopentest.base.TestActor.executeActionByClassName(TestActor.java:1670)\r\n\tat org.getopentest.base.TestActor.executeActionByDef(TestActor.java:1749)\r\n\t... 7 more\r\nCaused by: java.lang.RuntimeException: Failed sending keys to element By.cssSelector: .materialPasswordInput_input__+0jb7\r\n\tat org.getopentest.selenium.SendKeys.run(SendKeys.java:45)\r\n\tat org.getopentest.base.TestActor.executeAction(TestActor.java:1571)\r\n\tat org.getopentest.base.TestActor.executeActionByClassName(TestActor.java:1647)\r\n\t... 8 more\r\nCaused by: org.openqa.selenium.TimeoutException: Expected condition failed: waiting for presence of element located by: By.cssSelector: .materialPasswordInput_input__+0jb7 (tried for 10 second(s) with 500 milliseconds interval)\r\n\tat org.openqa.selenium.support.ui.WebDriverWait.timeoutException(WebDriverWait.java:95)\r\n\tat org.openqa.selenium.support.ui.FluentWait.until(FluentWait.java:272)\r\n\tat org.getopentest.selenium.core.SeleniumTestAction.getElement(SeleniumTestAction.java:58)\r\n\tat org.getopentest.selenium.core.SeleniumTestAction.getElement(SeleniumTestAction.java:50)\r\n\tat org.getopentest.selenium.SendKeys.run(SendKeys.java:25)\r\n\t... 10 more\r\nCaused by: org.openqa.selenium.InvalidSelectorException: invalid selector\nfrom javascript error: {\"status\":32,\"value\":\"An invalid or illegal selector was specified\"}\n  (Session info: chrome=130.0.6723.92)\nFor documentation on this error, please visit: https://www.seleniumhq.org/exceptions/invalid_selector_exception.html\nBuild info: version: '3.141.59', revision: 'e82be7d358', time: '2018-11-14T08:17:03'\nSystem info: host: 'DESKTOP-8V10OGQ', ip: '10.21.32.3', os.name: 'Windows 10', os.arch: 'amd64', os.version: '10.0', java.version: '11.0.22'\nDriver info: org.openqa.selenium.chrome.ChromeDriver\nCapabilities {acceptInsecureCerts: false, browserName: chrome, browserVersion: 130.0.6723.92, chrome: {chromedriverVersion: 130.0.6723.91 (53ac07678369..., userDataDir: C:\\Users\\Dell\\AppData\\Local...}, fedcm:accounts: true, goog:chromeOptions: {debuggerAddress: localhost:63592}, javascriptEnabled: true, networkConnectionEnabled: false, pageLoadStrategy: normal, platform: WINDOWS, platformName: WINDOWS, proxy: Proxy(), setWindowRect: true, strictFileInteractability: false, timeouts: {implicit: 0, pageLoad: 300000, script: 30000}, unhandledPromptBehavior: dismiss and notify, webauthn:extension:credBlob: true, webauthn:extension:largeBlob: true, webauthn:extension:minPinLength: true, webauthn:extension:prf: true, webauthn:virtualAuthenticators: true}\nSession ID: 22773f075c7d5ccf66ea5ff44d672c68\n*** Element info: {Using=css selector, value=.materialPasswordInput_input__+0jb7}\r\n\tat jdk.internal.reflect.GeneratedConstructorAccessor12.newInstance(Unknown Source)\r\n\tat java.base/jdk.internal.reflect.DelegatingConstructorAccessorImpl.newInstance(DelegatingConstructorAccessorImpl.java:45)\r\n\tat java.base/java.lang.reflect.Constructor.newInstance(Constructor.java:490)\r\n\tat org.openqa.selenium.remote.http.W3CHttpResponseCodec.createException(W3CHttpResponseCodec.java:187)\r\n\tat org.openqa.selenium.remote.http.W3CHttpResponseCodec.decode(W3CHttpResponseCodec.java:122)\r\n\tat org.openqa.selenium.remote.http.W3CHttpResponseCodec.decode(W3CHttpResponseCodec.java:49)\r\n\tat org.openqa.selenium.remote.HttpCommandExecutor.execute(HttpCommandExecutor.java:158)\r\n\tat org.openqa.selenium.remote.service.DriverCommandExecutor.execute(DriverCommandExecutor.java:83)\r\n\tat org.openqa.selenium.remote.RemoteWebDriver.execute(RemoteWebDriver.java:552)\r\n\tat org.openqa.selenium.remote.RemoteWebDriver.findElement(RemoteWebDriver.java:323)\r\n\tat org.openqa.selenium.remote.RemoteWebDriver.findElementByCssSelector(RemoteWebDriver.java:420)\r\n\tat org.openqa.selenium.By$ByCssSelector.findElement(By.java:431)\r\n\tat org.openqa.selenium.remote.RemoteWebDriver.findElement(RemoteWebDriver.java:315)\r\n\tat org.openqa.selenium.support.ui.ExpectedConditions$6.apply(ExpectedConditions.java:182)\r\n\tat org.openqa.selenium.support.ui.ExpectedConditions$6.apply(ExpectedConditions.java:179)\r\n\tat org.openqa.selenium.support.ui.FluentWait.until(FluentWait.java:249)\r\n\t... 13 more\r\n"}],"currentIteration":1,"currentSegmentIndex":0,"isDataDriven":false,"name":"descarga-factura-pos","path":"Descarga-factura-POS","result":"failed","status":"completed","segments":[{"index":0,"result":"passed","status":"completed","timeStarted":1730936040576,"timeCompleted":1730936040609},{"index":1,"result":"failed","status":"completed","timeStarted":1730936040635,"timeCompleted":1730936065970}],"tags":[],"timeStarted":1730936040576,"timeCompleted":1730936065970}],"timeCreated":1730936031193,"timeStarted":1730936040576,"timeCompleted":1730936065970,"lastActivity":1730936065969,"_id":"j7vHYdOke2BjLUyU","actorTags":[],"environment":"","currentDataRecordIndex":-1}
{"id":1730935040,"actors":{"37798":{"id":37798,"lastSeenTime":1730935037818,"testSessionId":1730935040,"type":"ACTOR1","tags":[],"_id":"6gJRwM9BNelv2nm9","ip":"::ffff:127.0.0.1","tests":[{"currentSegmentIndex":1,"segments":[{"index":0,"status":"completed","timeStarted":1730935043613,"timeCompleted":1730935043637,"result":"passed"},{"index":1,"status":"completed","timeStarted":1730935043665,"timeCompleted":1730935057896,"result":"failed"}],"name":"descarga-factura-pos","path":"Descarga-factura-POS","timeCompleted":null,"timeStarted":1730935043613}]}},"maxIterations":"1","currentIteration":1,"currentTestIndex":1,"currentSegmentIndex":0,"label":"descarga","result":"failed","status":"completed","tests":[{"actions":[{"actorType":"ACTOR1","args":{},"isCheckpoint":false,"description":"Llamar a la macro de login por mail y password","durationMs":0,"macroStack":[],"result":"passed","segment":1},{"action":"org.getopentest.selenium.NavigateTo","actorType":"ACTOR1","args":{"url":"https://oneapp-uat-py.tigocloud.net"},"isCheckpoint":false,"description":"Navegar a oneApp","durationMs":2388,"macroStack":["Login-mail-password.logueo-mail"],"result":"passed","segment":1},{"action":"org.getopentest.selenium.Click","actorType":"ACTOR1","args":{"locator":{"css":".at-button-hight-emphasis"}},"isCheckpoint":false,"description":"Ingresar","durationMs":11783,"macroStack":["Login-mail-password.logueo-mail"],"result":"failed","screenshot":"SID1730935040_ACTOR1_T01_SG01_ST02_error.png","segment":1,"stackTrace":"java.lang.RuntimeException: java.lang.RuntimeException: Failed clicking on element By.cssSelector: .at-button-hight-emphasis\r\n\tat org.getopentest.base.TestActor.executeActionByClassName(TestActor.java:1670)\r\n\tat org.getopentest.base.TestActor.executeActionByDef(TestActor.java:1749)\r\n\tat org.getopentest.base.TestActor.executeMacroActionByDef(TestActor.java:1938)\r\n\tat org.getopentest.base.TestActor.executeMacroActionByName(TestActor.java:2013)\r\n\tat org.getopentest.base.TestActor.executeActionByDef(TestActor.java:1745)\r\n\tat org.getopentest.base.TestActor.executeTestSegment(TestActor.java:2092)\r\n\tat org.getopentest.base.TestActor.runOneSession(TestActor.java:3077)\r\n\tat org.getopentest.base.TestActor.runOneSession(TestActor.java:3113)\r\n\tat org.getopentest.Main.main(Main.java:20)\r\nCaused by: java.lang.RuntimeException: Failed clicking on element By.cssSelector: .at-button-hight-emphasis\r\n\tat org.getopentest.selenium.Click.run(Click.java:34)\r\n\tat org.getopentest.base.TestActor.executeAction(TestActor.java:1571)\r\n\tat org.getopentest.base.TestActor.executeActionByClassName(TestActor.java:1647)\r\n\t... 8 more\r\nCaused by: org.openqa.selenium.TimeoutException: Expected condition failed: waiting for presence of element located by: By.cssSelector: .at-button-hight-emphasis (tried for 10 second(s) with 500 milliseconds interval)\r\n\tat org.openqa.selenium.support.ui.WebDriverWait.timeoutException(WebDriverWait.java:95)\r\n\tat org.openqa.selenium.support.ui.FluentWait.until(FluentWait.java:272)\r\n\tat org.getopentest.selenium.core.SeleniumTestAction.getElement(SeleniumTestAction.java:58)\r\n\tat org.getopentest.selenium.core.SeleniumTestAction.getElement(SeleniumTestAction.java:50)\r\n\tat org.getopentest.selenium.Click.run(Click.java:29)\r\n\t... 10 more\r\nCaused by: org.openqa.selenium.NoSuchElementException: no such element: Unable to locate element: {\"method\":\"css selector\",\"selector\":\".at-button-hight-emphasis\"}\n  (Session info: chrome=130.0.6723.92)\nFor documentation on this error, please visit: https://www.seleniumhq.org/exceptions/no_such_element.html\nBuild info: version: '3.141.59', revision: 'e82be7d358', time: '2018-11-14T08:17:03'\nSystem info: host: 'DESKTOP-8V10OGQ', ip: '192.168.100.7', os.name: 'Windows 10', os.arch: 'amd64', os.version: '10.0', java.version: '11.0.22'\nDriver info: org.openqa.selenium.chrome.ChromeDriver\nCapabilities {acceptInsecureCerts: false, browserName: chrome, browserVersion: 130.0.6723.92, chrome: {chromedriverVersion: 130.0.6723.91 (53ac07678369..., userDataDir: C:\\Users\\Dell\\AppData\\Local...}, fedcm:accounts: true, goog:chromeOptions: {debuggerAddress: localhost:50806}, javascriptEnabled: true, networkConnectionEnabled: false, pageLoadStrategy: normal, platform: WINDOWS, platformName: WINDOWS, proxy: Proxy(), setWindowRect: true, strictFileInteractability: false, timeouts: {implicit: 0, pageLoad: 300000, script: 30000}, unhandledPromptBehavior: dismiss and notify, webauthn:extension:credBlob: true, webauthn:extension:largeBlob: true, webauthn:extension:minPinLength: true, webauthn:extension:prf: true, webauthn:virtualAuthenticators: true}\nSession ID: cc68f4323679f45e319b3cdce1bdbb1a\n*** Element info: {Using=css selector, value=.at-button-hight-emphasis}\r\n\tat jdk.internal.reflect.GeneratedConstructorAccessor11.newInstance(Unknown Source)\r\n\tat java.base/jdk.internal.reflect.DelegatingConstructorAccessorImpl.newInstance(DelegatingConstructorAccessorImpl.java:45)\r\n\tat java.base/java.lang.reflect.Constructor.newInstance(Constructor.java:490)\r\n\tat org.openqa.selenium.remote.http.W3CHttpResponseCodec.createException(W3CHttpResponseCodec.java:187)\r\n\tat org.openqa.selenium.remote.http.W3CHttpResponseCodec.decode(W3CHttpResponseCodec.java:122)\r\n\tat org.openqa.selenium.remote.http.W3CHttpResponseCodec.decode(W3CHttpResponseCodec.java:49)\r\n\tat org.openqa.selenium.remote.HttpCommandExecutor.execute(HttpCommandExecutor.java:158)\r\n\tat org.openqa.selenium.remote.service.DriverCommandExecutor.execute(DriverCommandExecutor.java:83)\r\n\tat org.openqa.selenium.remote.RemoteWebDriver.execute(RemoteWebDriver.java:552)\r\n\tat org.openqa.selenium.remote.RemoteWebDriver.findElement(RemoteWebDriver.java:323)\r\n\tat org.openqa.selenium.remote.RemoteWebDriver.findElementByCssSelector(RemoteWebDriver.java:420)\r\n\tat org.openqa.selenium.By$ByCssSelector.findElement(By.java:431)\r\n\tat org.openqa.selenium.remote.RemoteWebDriver.findElement(RemoteWebDriver.java:315)\r\n\tat org.openqa.selenium.support.ui.ExpectedConditions$6.apply(ExpectedConditions.java:182)\r\n\tat org.openqa.selenium.support.ui.ExpectedConditions$6.apply(ExpectedConditions.java:179)\r\n\tat org.openqa.selenium.support.ui.FluentWait.until(FluentWait.java:249)\r\n\t... 13 more\r\n"},{"action":"org.getopentest.base.MacroAction","actorType":"ACTOR1","args":{},"isCheckpoint":false,"description":"Login-mail-password.logueo-mail","durationMs":14214,"macro":"Login-mail-password.logueo-mail","macroStack":[],"result":"failed","segment":1,"stackTrace":"java.lang.Exception: There was an error executing macro action Login-mail-password.logueo-mail (no arguments were provided)\r\n\tat org.getopentest.base.TestActor.executeMacroActionByName(TestActor.java:2021)\r\n\tat org.getopentest.base.TestActor.executeActionByDef(TestActor.java:1745)\r\n\tat org.getopentest.base.TestActor.executeTestSegment(TestActor.java:2092)\r\n\tat org.getopentest.base.TestActor.runOneSession(TestActor.java:3077)\r\n\tat org.getopentest.base.TestActor.runOneSession(TestActor.java:3113)\r\n\tat org.getopentest.Main.main(Main.java:20)\r\nCaused by: java.lang.RuntimeException: There was an error while executing action no. 2 (org.getopentest.selenium.Click) in macro Login-mail-password/logueo-mail.\nThe action definition was:\n{\n  \"action\": \"org.getopentest.selenium.Click\",\n  \"args\": {\n    \"locator\": {\n      \"css\": \".at-button-hight-emphasis\"\n    }\n  },\n  \"description\": \"Ingresar\"\n}\r\n\tat org.getopentest.base.TestActor.executeMacroActionByDef(TestActor.java:1973)\r\n\tat org.getopentest.base.TestActor.executeMacroActionByName(TestActor.java:2013)\r\n\t... 5 more\r\nCaused by: java.lang.RuntimeException: Failed executing action org.getopentest.selenium.Click with arguments {\"locator\":{\"css\":\".at-button-hight-emphasis\"}}\r\n\tat org.getopentest.base.TestActor.executeActionByDef(TestActor.java:1872)\r\n\tat org.getopentest.base.TestActor.executeMacroActionByDef(TestActor.java:1938)\r\n\t... 6 more\r\nCaused by: java.lang.RuntimeException: java.lang.RuntimeException: Failed clicking on element By.cssSelector: .at-button-hight-emphasis\r\n\tat org.getopentest.base.TestActor.executeActionByClassName(TestActor.java:1670)\r\n\tat org.getopentest.base.TestActor.executeActionByDef(TestActor.java:1749)\r\n\t... 7 more\r\nCaused by: java.lang.RuntimeException: Failed clicking on element By.cssSelector: .at-button-hight-emphasis\r\n\tat org.getopentest.selenium.Click.run(Click.java:34)\r\n\tat org.getopentest.base.TestActor.executeAction(TestActor.java:1571)\r\n\tat org.getopentest.base.TestActor.executeActionByClassName(TestActor.java:1647)\r\n\t... 8 more\r\nCaused by: org.openqa.selenium.TimeoutException: Expected condition failed: waiting for presence of element located by: By.cssSelector: .at-button-hight-emphasis (tried for 10 second(s) with 500 milliseconds interval)\r\n\tat org.openqa.selenium.support.ui.WebDriverWait.timeoutException(WebDriverWait.java:95)\r\n\tat org.openqa.selenium.support.ui.FluentWait.until(FluentWait.java:272)\r\n\tat org.getopentest.selenium.core.SeleniumTestAction.getElement(SeleniumTestAction.java:58)\r\n\tat org.getopentest.selenium.core.SeleniumTestAction.getElement(SeleniumTestAction.java:50)\r\n\tat org.getopentest.selenium.Click.run(Click.java:29)\r\n\t... 10 more\r\nCaused by: org.openqa.selenium.NoSuchElementException: no such element: Unable to locate element: {\"method\":\"css selector\",\"selector\":\".at-button-hight-emphasis\"}\n  (Session info: chrome=130.0.6723.92)\nFor documentation on this error, please visit: https://www.seleniumhq.org/exceptions/no_such_element.html\nBuild info: version: '3.141.59', revision: 'e82be7d358', time: '2018-11-14T08:17:03'\nSystem info: host: 'DESKTOP-8V10OGQ', ip: '192.168.100.7', os.name: 'Windows 10', os.arch: 'amd64', os.version: '10.0', java.version: '11.0.22'\nDriver info: org.openqa.selenium.chrome.ChromeDriver\nCapabilities {acceptInsecureCerts: false, browserName: chrome, browserVersion: 130.0.6723.92, chrome: {chromedriverVersion: 130.0.6723.91 (53ac07678369..., userDataDir: C:\\Users\\Dell\\AppData\\Local...}, fedcm:accounts: true, goog:chromeOptions: {debuggerAddress: localhost:50806}, javascriptEnabled: true, networkConnectionEnabled: false, pageLoadStrategy: normal, platform: WINDOWS, platformName: WINDOWS, proxy: Proxy(), setWindowRect: true, strictFileInteractability: false, timeouts: {implicit: 0, pageLoad: 300000, script: 30000}, unhandledPromptBehavior: dismiss and notify, webauthn:extension:credBlob: true, webauthn:extension:largeBlob: true, webauthn:extension:minPinLength: true, webauthn:extension:prf: true, webauthn:virtualAuthenticators: true}\nSession ID: cc68f4323679f45e319b3cdce1bdbb1a\n*** Element info: {Using=css selector, value=.at-button-hight-emphasis}\r\n\tat jdk.internal.reflect.GeneratedConstructorAccessor11.newInstance(Unknown Source)\r\n\tat java.base/jdk.internal.reflect.DelegatingConstructorAccessorImpl.newInstance(DelegatingConstructorAccessorImpl.java:45)\r\n\tat java.base/java.lang.reflect.Constructor.newInstance(Constructor.java:490)\r\n\tat org.openqa.selenium.remote.http.W3CHttpResponseCodec.createException(W3CHttpResponseCodec.java:187)\r\n\tat org.openqa.selenium.remote.http.W3CHttpResponseCodec.decode(W3CHttpResponseCodec.java:122)\r\n\tat org.openqa.selenium.remote.http.W3CHttpResponseCodec.decode(W3CHttpResponseCodec.java:49)\r\n\tat org.openqa.selenium.remote.HttpCommandExecutor.execute(HttpCommandExecutor.java:158)\r\n\tat org.openqa.selenium.remote.service.DriverCommandExecutor.execute(DriverCommandExecutor.java:83)\r\n\tat org.openqa.selenium.remote.RemoteWebDriver.execute(RemoteWebDriver.java:552)\r\n\tat org.openqa.selenium.remote.RemoteWebDriver.findElement(RemoteWebDriver.java:323)\r\n\tat org.openqa.selenium.remote.RemoteWebDriver.findElementByCssSelector(RemoteWebDriver.java:420)\r\n\tat org.openqa.selenium.By$ByCssSelector.findElement(By.java:431)\r\n\tat org.openqa.selenium.remote.RemoteWebDriver.findElement(RemoteWebDriver.java:315)\r\n\tat org.openqa.selenium.support.ui.ExpectedConditions$6.apply(ExpectedConditions.java:182)\r\n\tat org.openqa.selenium.support.ui.ExpectedConditions$6.apply(ExpectedConditions.java:179)\r\n\tat org.openqa.selenium.support.ui.FluentWait.until(FluentWait.java:249)\r\n\t... 13 more\r\n"}],"currentIteration":1,"currentSegmentIndex":0,"isDataDriven":false,"name":"descarga-factura-pos","path":"Descarga-factura-POS","result":"failed","status":"completed","segments":[{"index":0,"result":"passed","status":"completed","timeStarted":1730935043613,"timeCompleted":1730935043637},{"index":1,"result":"failed","status":"completed","timeStarted":1730935043664,"timeCompleted":1730935057896}],"tags":[],"timeStarted":1730935043613,"timeCompleted":1730935057896}],"timeCreated":1730935040196,"timeStarted":1730935043613,"timeCompleted":1730935057896,"lastActivity":1730935057895,"_id":"rYjalgsxLRQ6om4X","actorTags":[],"environment":"","currentDataRecordIndex":-1}
{"id":1730937420,"actors":{"49615":{"id":49615,"lastSeenTime":1730937416036,"testSessionId":1730937420,"type":"ACTOR1","tags":[],"_id":"BRJjFVAIGFQYcDM6","ip":"::ffff:127.0.0.1","tests":[{"currentSegmentIndex":1,"segments":[{"index":0,"status":"completed","timeStarted":1730937421701,"timeCompleted":1730937421718,"result":"passed"},{"index":1,"status":"completed","timeStarted":1730937421735,"timeCompleted":1730937440070,"result":"failed"}],"name":"descarga-factura-pos","path":"Descarga-factura-POS","timeCompleted":null,"timeStarted":1730937421700}]}},"maxIterations":"1","currentIteration":1,"currentTestIndex":1,"currentSegmentIndex":0,"label":"descarga 17","result":"failed","status":"completed","tests":[{"actions":[{"actorType":"ACTOR1","args":{},"isCheckpoint":false,"description":"Llamar a la macro de login por mail y password","durationMs":0,"macroStack":[],"result":"passed","segment":1},{"action":"org.getopentest.selenium.NavigateTo","actorType":"ACTOR1","args":{"url":"https://oneapp-uat-py.tigocloud.net"},"isCheckpoint":false,"description":"Navegar a oneApp","durationMs":7692,"macroStack":["Login-mail-password.logueo-mail"],"result":"passed","segment":1},{"action":"org.getopentest.selenium.Click","actorType":"ACTOR1","args":{"locator":{"css":".at-button-hight-emphasis"}},"isCheckpoint":false,"description":"Ingresar","durationMs":330,"macroStack":["Login-mail-password.logueo-mail"],"result":"passed","segment":1},{"action":"org.getopentest.selenium.Click","actorType":"ACTOR1","args":{"locator":{"css":"#AceptarBtn"}},"isCheckpoint":false,"description":"Aceptar términos y condiciones","durationMs":3947,"macroStack":["Login-mail-password.logueo-mail"],"result":"passed","segment":1},{"action":"org.getopentest.selenium.SendKeys","actorType":"ACTOR1","args":{"locator":{"css":".materialInput_input__Zhf5S"},"text":"fernandoaes20@gmail.com"},"isCheckpoint":false,"description":"Ingresar mail","durationMs":306,"macroStack":["Login-mail-password.logueo-mail"],"result":"passed","segment":1},{"action":"org.getopentest.selenium.Click","actorType":"ACTOR1","args":{"locator":{"css":".icon-ma-button.icon-ma-button-enable"}},"isCheckpoint":false,"description":"Click en botón de contraseña","durationMs":175,"macroStack":["Login-mail-password.logueo-mail"],"result":"passed","segment":1},{"action":"org.getopentest.selenium.SendKeys","actorType":"ACTOR1","args":{"locator":{"css":"input[type='password']"},"text":"NuncaOlvidar30!"},"isCheckpoint":false,"description":"Ingresar contraseña","durationMs":166,"macroStack":["Login-mail-password.logueo-mail"],"result":"passed","segment":1},{"action":"org.getopentest.selenium.Click","actorType":"ACTOR1","args":{"locator":{"xpath":"//*[@id=\"root\"]/div/div/div/div[2]/div[6]/div[1]/button/span"}},"isCheckpoint":false,"description":"Click ingresar","durationMs":148,"macroStack":["Login-mail-password.logueo-mail"],"result":"passed","segment":1},{"action":"org.getopentest.base.MacroAction","actorType":"ACTOR1","args":{},"isCheckpoint":false,"description":"Login-mail-password.logueo-mail","durationMs":12797,"macro":"Login-mail-password.logueo-mail","macroStack":[],"result":"passed","segment":1},{"action":"org.getopentest.selenium.Click","actorType":"ACTOR1","args":{"locator":{"xpath:":"//h1[contains(text(), '981320024')]"}},"isCheckpoint":false,"description":"Seleccionar linea password","durationMs":5518,"macroStack":[],"result":"failed","screenshot":"SID1730937420_ACTOR1_T01_SG01_ST03_error.png","segment":1,"stackTrace":"java.lang.RuntimeException: java.lang.RuntimeException: You must identify the web element by providing at least one of the following properties: id, name, class, tag, css, linkText, partialLinkText or xpath.\r\n\tat org.getopentest.base.TestActor.executeActionByClassName(TestActor.java:1670)\r\n\tat org.getopentest.base.TestActor.executeActionByDef(TestActor.java:1749)\r\n\tat org.getopentest.base.TestActor.executeTestSegment(TestActor.java:2092)\r\n\tat org.getopentest.base.TestActor.runOneSession(TestActor.java:3077)\r\n\tat org.getopentest.base.TestActor.runOneSession(TestActor.java:3113)\r\n\tat org.getopentest.Main.main(Main.java:20)\r\nCaused by: java.lang.RuntimeException: You must identify the web element by providing at least one of the following properties: id, name, class, tag, css, linkText, partialLinkText or xpath.\r\n\tat org.getopentest.selenium.core.SeleniumTestAction.getLocator(SeleniumTestAction.java:155)\r\n\tat org.getopentest.selenium.core.SeleniumTestAction.readLocatorArgument(SeleniumTestAction.java:234)\r\n\tat org.getopentest.selenium.Click.run(Click.java:24)\r\n\tat org.getopentest.base.TestActor.executeAction(TestActor.java:1571)\r\n\tat org.getopentest.base.TestActor.executeActionByClassName(TestActor.java:1647)\r\n\t... 5 more\r\n"}],"currentIteration":1,"currentSegmentIndex":0,"isDataDriven":false,"name":"descarga-factura-pos","path":"Descarga-factura-POS","result":"failed","status":"completed","segments":[{"index":0,"result":"passed","status":"completed","timeStarted":1730937421700,"timeCompleted":1730937421718},{"index":1,"result":"failed","status":"completed","timeStarted":1730937421735,"timeCompleted":1730937440070}],"tags":[],"timeStarted":1730937421700,"timeCompleted":1730937440070}],"timeCreated":1730937420474,"timeStarted":1730937421700,"timeCompleted":1730937440070,"lastActivity":1730937440068,"_id":"w1mifV7GWCS3ETY8","actorTags":[],"environment":"","currentDataRecordIndex":-1}
